{"/Users/yassraasim/mrayyanasim/am-tycoons-inc-updated-code/car-dealership/app/error.tsx": {"path":"/Users/yassraasim/mrayyanasim/am-tycoons-inc-updated-code/car-dealership/app/error.tsx","statementMap":{"0":{"start":{"line":8,"column":24},"end":{"line":8,"column":30}},"1":{"start":{"line":3,"column":26},"end":{"line":3,"column":null}},"2":{"start":{"line":4,"column":17},"end":{"line":4,"column":null}},"3":{"start":{"line":5,"column":23},"end":{"line":5,"column":null}},"4":{"start":{"line":6,"column":47},"end":{"line":6,"column":null}},"5":{"start":{"line":15,"column":2},"end":{"line":18,"column":null}},"6":{"start":{"line":17,"column":4},"end":{"line":17,"column":null}},"7":{"start":{"line":46,"column":33},"end":{"line":46,"column":42}}},"fnMap":{"0":{"name":"Error","decl":{"start":{"line":8,"column":24},"end":{"line":8,"column":30}},"loc":{"start":{"line":14,"column":1},"end":{"line":60,"column":null}}},"1":{"name":"(anonymous_3)","decl":{"start":{"line":15,"column":12},"end":{"line":15,"column":null}},"loc":{"start":{"line":15,"column":12},"end":{"line":18,"column":5}}},"2":{"name":"(anonymous_4)","decl":{"start":{"line":46,"column":27},"end":{"line":46,"column":33}},"loc":{"start":{"line":46,"column":33},"end":{"line":46,"column":42}}}},"branchMap":{"0":{"loc":{"start":{"line":33,"column":11},"end":{"line":33,"column":null}},"type":"binary-expr","locations":[{"start":{"line":33,"column":11},"end":{"line":33,"column":null}}]}},"s":{"0":0,"1":0,"2":0,"3":0,"4":0,"5":0,"6":0,"7":0},"f":{"0":0,"1":0,"2":0},"b":{"0":[0]}}
,"/Users/yassraasim/mrayyanasim/am-tycoons-inc-updated-code/car-dealership/app/layout.tsx": {"path":"/Users/yassraasim/mrayyanasim/am-tycoons-inc-updated-code/car-dealership/app/layout.tsx","statementMap":{"0":{"start":{"line":79,"column":24},"end":{"line":79,"column":35}},"1":{"start":{"line":22,"column":13},"end":{"line":22,"column":21}},"2":{"start":{"line":2,"column":19},"end":{"line":2,"column":null}},"3":{"start":{"line":3,"column":24},"end":{"line":3,"column":null}},"4":{"start":{"line":4,"column":22},"end":{"line":4,"column":null}},"5":{"start":{"line":5,"column":26},"end":{"line":5,"column":null}},"6":{"start":{"line":6,"column":30},"end":{"line":6,"column":null}},"7":{"start":{"line":7,"column":30},"end":{"line":7,"column":null}},"8":{"start":{"line":8,"column":29},"end":{"line":8,"column":null}},"9":{"start":{"line":9,"column":20},"end":{"line":9,"column":null}},"10":{"start":{"line":12,"column":26},"end":{"line":12,"column":null}},"11":{"start":{"line":13,"column":7},"end":{"line":13,"column":null}},"12":{"start":{"line":10,"column":32},"end":{"line":10,"column":92}},"13":{"start":{"line":10,"column":32},"end":{"line":10,"column":66}},"14":{"start":{"line":10,"column":76},"end":{"line":10,"column":87}},"15":{"start":{"line":10,"column":119},"end":{"line":10,"column":null}},"16":{"start":{"line":15,"column":14},"end":{"line":20,"column":null}},"17":{"start":{"line":22,"column":34},"end":{"line":77,"column":null}},"18":{"start":{"line":84,"column":16},"end":{"line":84,"column":null}}},"fnMap":{"0":{"name":"(anonymous_7)","decl":{"start":{"line":10,"column":26},"end":{"line":10,"column":32}},"loc":{"start":{"line":10,"column":32},"end":{"line":10,"column":92}}},"1":{"name":"(anonymous_8)","decl":{"start":{"line":10,"column":32},"end":{"line":10,"column":39}},"loc":{"start":{"line":10,"column":32},"end":{"line":10,"column":66}}},"2":{"name":"(anonymous_9)","decl":{"start":{"line":10,"column":71},"end":{"line":10,"column":76}},"loc":{"start":{"line":10,"column":76},"end":{"line":10,"column":87}}},"3":{"name":"(anonymous_11)","decl":{"start":{"line":10,"column":113},"end":{"line":10,"column":119}},"loc":{"start":{"line":10,"column":119},"end":{"line":10,"column":null}}},"4":{"name":"RootLayout","decl":{"start":{"line":79,"column":24},"end":{"line":79,"column":35}},"loc":{"start":{"line":83,"column":1},"end":{"line":139,"column":1}}}},"branchMap":{"0":{"loc":{"start":{"line":84,"column":16},"end":{"line":84,"column":null}},"type":"binary-expr","locations":[{"start":{"line":84,"column":16},"end":{"line":84,"column":44}},{"start":{"line":84,"column":44},"end":{"line":84,"column":null}}]},"1":{"loc":{"start":{"line":131,"column":9},"end":{"line":131,"column":null}},"type":"binary-expr","locations":[{"start":{"line":131,"column":9},"end":{"line":131,"column":52}},{"start":{"line":131,"column":56},"end":{"line":131,"column":null}}]},"2":{"loc":{"start":{"line":132,"column":9},"end":{"line":132,"column":null}},"type":"binary-expr","locations":[{"start":{"line":132,"column":9},"end":{"line":132,"column":66}},{"start":{"line":132,"column":66},"end":{"line":132,"column":null}}]}},"s":{"0":0,"1":0,"2":0,"3":0,"4":0,"5":0,"6":0,"7":0,"8":0,"9":0,"10":0,"11":0,"12":0,"13":0,"14":0,"15":0,"16":0,"17":0,"18":0},"f":{"0":0,"1":0,"2":0,"3":0,"4":0},"b":{"0":[0,0],"1":[0,0],"2":[0,0]}}
,"/Users/yassraasim/mrayyanasim/am-tycoons-inc-updated-code/car-dealership/app/loading.tsx": {"path":"/Users/yassraasim/mrayyanasim/am-tycoons-inc-updated-code/car-dealership/app/loading.tsx","statementMap":{"0":{"start":{"line":1,"column":24},"end":{"line":1,"column":null}},"1":{"start":{"line":2,"column":2},"end":{"line":2,"column":null}}},"fnMap":{"0":{"name":"Loading","decl":{"start":{"line":1,"column":24},"end":{"line":1,"column":null}},"loc":{"start":{"line":1,"column":24},"end":{"line":3,"column":null}}}},"branchMap":{},"s":{"0":0,"1":0},"f":{"0":0},"b":{}}
,"/Users/yassraasim/mrayyanasim/am-tycoons-inc-updated-code/car-dealership/app/not-found.tsx": {"path":"/Users/yassraasim/mrayyanasim/am-tycoons-inc-updated-code/car-dealership/app/not-found.tsx","statementMap":{"0":{"start":{"line":5,"column":24},"end":{"line":5,"column":null}},"1":{"start":{"line":1,"column":17},"end":{"line":1,"column":null}},"2":{"start":{"line":2,"column":23},"end":{"line":2,"column":null}},"3":{"start":{"line":3,"column":32},"end":{"line":3,"column":null}}},"fnMap":{"0":{"name":"NotFound","decl":{"start":{"line":5,"column":24},"end":{"line":5,"column":null}},"loc":{"start":{"line":5,"column":24},"end":{"line":36,"column":null}}}},"branchMap":{},"s":{"0":0,"1":0,"2":0,"3":0},"f":{"0":0},"b":{}}
,"/Users/yassraasim/mrayyanasim/am-tycoons-inc-updated-code/car-dealership/app/page.tsx": {"path":"/Users/yassraasim/mrayyanasim/am-tycoons-inc-updated-code/car-dealership/app/page.tsx","statementMap":{"0":{"start":{"line":19,"column":24},"end":{"line":19,"column":null}},"1":{"start":{"line":5,"column":23},"end":{"line":5,"column":null}},"2":{"start":{"line":6,"column":23},"end":{"line":6,"column":null}},"3":{"start":{"line":7,"column":26},"end":{"line":7,"column":null}},"4":{"start":{"line":9,"column":32},"end":{"line":9,"column":null}},"5":{"start":{"line":10,"column":17},"end":{"line":10,"column":null}},"6":{"start":{"line":11,"column":23},"end":{"line":11,"column":null}},"7":{"start":{"line":68,"column":14},"end":{"line":68,"column":31}}},"fnMap":{"0":{"name":"HomePage","decl":{"start":{"line":19,"column":24},"end":{"line":19,"column":null}},"loc":{"start":{"line":19,"column":24},"end":{"line":124,"column":null}}},"1":{"name":"(anonymous_3)","decl":{"start":{"line":67,"column":92},"end":{"line":67,"column":93}},"loc":{"start":{"line":68,"column":14},"end":{"line":68,"column":31}}}},"branchMap":{"0":{"loc":{"start":{"line":74,"column":19},"end":{"line":74,"column":null}},"type":"binary-expr","locations":[{"start":{"line":74,"column":19},"end":{"line":74,"column":51}},{"start":{"line":74,"column":51},"end":{"line":74,"column":null}}]},"1":{"loc":{"start":{"line":75,"column":19},"end":{"line":75,"column":null}},"type":"binary-expr","locations":[{"start":{"line":75,"column":19},"end":{"line":75,"column":54}},{"start":{"line":75,"column":54},"end":{"line":75,"column":null}}]},"2":{"loc":{"start":{"line":76,"column":19},"end":{"line":76,"column":null}},"type":"binary-expr","locations":[{"start":{"line":76,"column":19},"end":{"line":76,"column":49}},{"start":{"line":76,"column":49},"end":{"line":76,"column":null}}]},"3":{"loc":{"start":{"line":77,"column":19},"end":{"line":77,"column":null}},"type":"binary-expr","locations":[{"start":{"line":77,"column":19},"end":{"line":77,"column":47}},{"start":{"line":77,"column":47},"end":{"line":77,"column":null}}]}},"s":{"0":0,"1":0,"2":0,"3":0,"4":0,"5":0,"6":0,"7":0},"f":{"0":0,"1":0},"b":{"0":[0,0],"1":[0,0],"2":[0,0],"3":[0,0]}}
,"/Users/yassraasim/mrayyanasim/am-tycoons-inc-updated-code/car-dealership/app/about/page.tsx": {"path":"/Users/yassraasim/mrayyanasim/am-tycoons-inc-updated-code/car-dealership/app/about/page.tsx","statementMap":{"0":{"start":{"line":26,"column":24},"end":{"line":26,"column":null}},"1":{"start":{"line":9,"column":13},"end":{"line":9,"column":20}},"2":{"start":{"line":11,"column":13},"end":{"line":11,"column":21}},"3":{"start":{"line":8,"column":13},"end":{"line":8,"column":23}},"4":{"start":{"line":1,"column":23},"end":{"line":1,"column":null}},"5":{"start":{"line":2,"column":23},"end":{"line":2,"column":null}},"6":{"start":{"line":3,"column":29},"end":{"line":3,"column":null}},"7":{"start":{"line":8,"column":26},"end":{"line":8,"column":31}},"8":{"start":{"line":9,"column":23},"end":{"line":9,"column":null}},"9":{"start":{"line":11,"column":34},"end":{"line":24,"column":null}}},"fnMap":{"0":{"name":"AboutPage","decl":{"start":{"line":26,"column":24},"end":{"line":26,"column":null}},"loc":{"start":{"line":26,"column":24},"end":{"line":34,"column":1}}}},"branchMap":{},"s":{"0":0,"1":0,"2":0,"3":0,"4":0,"5":0,"6":0,"7":0,"8":0,"9":0},"f":{"0":0},"b":{}}
,"/Users/yassraasim/mrayyanasim/am-tycoons-inc-updated-code/car-dealership/app/admin/layout.tsx": {"path":"/Users/yassraasim/mrayyanasim/am-tycoons-inc-updated-code/car-dealership/app/admin/layout.tsx","statementMap":{"0":{"start":{"line":11,"column":24},"end":{"line":11,"column":43}},"1":{"start":{"line":4,"column":13},"end":{"line":4,"column":21}},"2":{"start":{"line":2,"column":28},"end":{"line":2,"column":null}},"3":{"start":{"line":4,"column":34},"end":{"line":9,"column":null}}},"fnMap":{"0":{"name":"AdminSectionLayout","decl":{"start":{"line":11,"column":24},"end":{"line":11,"column":43}},"loc":{"start":{"line":15,"column":1},"end":{"line":21,"column":1}}}},"branchMap":{},"s":{"0":0,"1":0,"2":0,"3":0},"f":{"0":0},"b":{}}
,"/Users/yassraasim/mrayyanasim/am-tycoons-inc-updated-code/car-dealership/app/admin/page.tsx": {"path":"/Users/yassraasim/mrayyanasim/am-tycoons-inc-updated-code/car-dealership/app/admin/page.tsx","statementMap":{"0":{"start":{"line":11,"column":24},"end":{"line":11,"column":null}},"1":{"start":{"line":3,"column":36},"end":{"line":3,"column":null}},"2":{"start":{"line":5,"column":20},"end":{"line":5,"column":null}},"3":{"start":{"line":7,"column":28},"end":{"line":7,"column":null}},"4":{"start":{"line":9,"column":24},"end":{"line":9,"column":null}},"5":{"start":{"line":6,"column":38},"end":{"line":6,"column":117}},"6":{"start":{"line":6,"column":38},"end":{"line":6,"column":85}},"7":{"start":{"line":6,"column":95},"end":{"line":6,"column":112}},"8":{"start":{"line":8,"column":37},"end":{"line":8,"column":113}},"9":{"start":{"line":8,"column":37},"end":{"line":8,"column":82}},"10":{"start":{"line":8,"column":92},"end":{"line":8,"column":108}},"11":{"start":{"line":12,"column":28},"end":{"line":12,"column":null}},"12":{"start":{"line":13,"column":48},"end":{"line":13,"column":null}},"13":{"start":{"line":15,"column":2},"end":{"line":19,"column":null}},"14":{"start":{"line":16,"column":4},"end":{"line":18,"column":null}},"15":{"start":{"line":17,"column":6},"end":{"line":17,"column":null}},"16":{"start":{"line":21,"column":2},"end":{"line":27,"column":null}}},"fnMap":{"0":{"name":"(anonymous_5)","decl":{"start":{"line":6,"column":32},"end":{"line":6,"column":38}},"loc":{"start":{"line":6,"column":38},"end":{"line":6,"column":117}}},"1":{"name":"(anonymous_6)","decl":{"start":{"line":6,"column":38},"end":{"line":6,"column":45}},"loc":{"start":{"line":6,"column":38},"end":{"line":6,"column":85}}},"2":{"name":"(anonymous_7)","decl":{"start":{"line":6,"column":90},"end":{"line":6,"column":95}},"loc":{"start":{"line":6,"column":95},"end":{"line":6,"column":112}}},"3":{"name":"(anonymous_9)","decl":{"start":{"line":8,"column":31},"end":{"line":8,"column":37}},"loc":{"start":{"line":8,"column":37},"end":{"line":8,"column":113}}},"4":{"name":"(anonymous_10)","decl":{"start":{"line":8,"column":37},"end":{"line":8,"column":44}},"loc":{"start":{"line":8,"column":37},"end":{"line":8,"column":82}}},"5":{"name":"(anonymous_11)","decl":{"start":{"line":8,"column":87},"end":{"line":8,"column":92}},"loc":{"start":{"line":8,"column":92},"end":{"line":8,"column":108}}},"6":{"name":"AdminPage","decl":{"start":{"line":11,"column":24},"end":{"line":11,"column":null}},"loc":{"start":{"line":11,"column":24},"end":{"line":40,"column":null}}},"7":{"name":"(anonymous_14)","decl":{"start":{"line":15,"column":12},"end":{"line":15,"column":null}},"loc":{"start":{"line":15,"column":12},"end":{"line":19,"column":5}}}},"branchMap":{"0":{"loc":{"start":{"line":16,"column":4},"end":{"line":18,"column":null}},"type":"if","locations":[{"start":{"line":16,"column":4},"end":{"line":18,"column":null}},{"start":{},"end":{}}]},"1":{"loc":{"start":{"line":21,"column":2},"end":{"line":27,"column":null}},"type":"if","locations":[{"start":{"line":21,"column":2},"end":{"line":27,"column":null}},{"start":{},"end":{}}]},"2":{"loc":{"start":{"line":31,"column":7},"end":{"line":36,"column":null}},"type":"cond-expr","locations":[{"start":{"line":32,"column":8},"end":{"line":36,"column":9}},{"start":{"line":36,"column":8},"end":{"line":36,"column":null}}]}},"s":{"0":0,"1":0,"2":0,"3":0,"4":0,"5":0,"6":0,"7":0,"8":0,"9":0,"10":0,"11":0,"12":0,"13":0,"14":0,"15":0,"16":0},"f":{"0":0,"1":0,"2":0,"3":0,"4":0,"5":0,"6":0,"7":0},"b":{"0":[0,0],"1":[0,0],"2":[0,0]}}
,"/Users/yassraasim/mrayyanasim/am-tycoons-inc-updated-code/car-dealership/app/admin/analytics/loading.tsx": {"path":"/Users/yassraasim/mrayyanasim/am-tycoons-inc-updated-code/car-dealership/app/admin/analytics/loading.tsx","statementMap":{"0":{"start":{"line":1,"column":24},"end":{"line":1,"column":null}},"1":{"start":{"line":2,"column":2},"end":{"line":2,"column":null}}},"fnMap":{"0":{"name":"Loading","decl":{"start":{"line":1,"column":24},"end":{"line":1,"column":null}},"loc":{"start":{"line":1,"column":24},"end":{"line":3,"column":null}}}},"branchMap":{},"s":{"0":0,"1":0},"f":{"0":0},"b":{}}
,"/Users/yassraasim/mrayyanasim/am-tycoons-inc-updated-code/car-dealership/app/admin/dashboard/page.tsx": {"path":"/Users/yassraasim/mrayyanasim/am-tycoons-inc-updated-code/car-dealership/app/admin/dashboard/page.tsx","statementMap":{"0":{"start":{"line":7,"column":24},"end":{"line":7,"column":null}},"1":{"start":{"line":3,"column":20},"end":{"line":3,"column":null}},"2":{"start":{"line":5,"column":28},"end":{"line":5,"column":null}},"3":{"start":{"line":4,"column":37},"end":{"line":4,"column":113}},"4":{"start":{"line":4,"column":37},"end":{"line":4,"column":82}},"5":{"start":{"line":4,"column":92},"end":{"line":4,"column":108}}},"fnMap":{"0":{"name":"(anonymous_5)","decl":{"start":{"line":4,"column":31},"end":{"line":4,"column":37}},"loc":{"start":{"line":4,"column":37},"end":{"line":4,"column":113}}},"1":{"name":"(anonymous_6)","decl":{"start":{"line":4,"column":37},"end":{"line":4,"column":44}},"loc":{"start":{"line":4,"column":37},"end":{"line":4,"column":82}}},"2":{"name":"(anonymous_7)","decl":{"start":{"line":4,"column":87},"end":{"line":4,"column":92}},"loc":{"start":{"line":4,"column":92},"end":{"line":4,"column":108}}},"3":{"name":"AdminDashboardPage","decl":{"start":{"line":7,"column":24},"end":{"line":7,"column":null}},"loc":{"start":{"line":7,"column":24},"end":{"line":13,"column":null}}}},"branchMap":{},"s":{"0":0,"1":0,"2":0,"3":0,"4":0,"5":0},"f":{"0":0,"1":0,"2":0,"3":0},"b":{}}
,"/Users/yassraasim/mrayyanasim/am-tycoons-inc-updated-code/car-dealership/app/admin/login/page.tsx": {"path":"/Users/yassraasim/mrayyanasim/am-tycoons-inc-updated-code/car-dealership/app/admin/login/page.tsx","statementMap":{"0":{"start":{"line":9,"column":24},"end":{"line":9,"column":null}},"1":{"start":{"line":4,"column":13},"end":{"line":4,"column":21}},"2":{"start":{"line":1,"column":19},"end":{"line":1,"column":null}},"3":{"start":{"line":2,"column":32},"end":{"line":2,"column":null}},"4":{"start":{"line":4,"column":24},"end":{"line":7,"column":null}},"5":{"start":{"line":10,"column":18},"end":{"line":10,"column":60}}},"fnMap":{"0":{"name":"AdminLoginPage","decl":{"start":{"line":9,"column":24},"end":{"line":9,"column":null}},"loc":{"start":{"line":9,"column":24},"end":{"line":19,"column":1}}}},"branchMap":{"0":{"loc":{"start":{"line":13,"column":7},"end":{"line":15,"column":null}},"type":"cond-expr","locations":[{"start":{"line":14,"column":8},"end":{"line":15,"column":null}},{"start":{"line":15,"column":10},"end":{"line":15,"column":null}}]}},"s":{"0":0,"1":0,"2":0,"3":0,"4":0,"5":0},"f":{"0":0},"b":{"0":[0,0]}}
,"/Users/yassraasim/mrayyanasim/am-tycoons-inc-updated-code/car-dealership/app/api/admin/add-admin/route.ts": {"path":"/Users/yassraasim/mrayyanasim/am-tycoons-inc-updated-code/car-dealership/app/api/admin/add-admin/route.ts","statementMap":{"0":{"start":{"line":15,"column":22},"end":{"line":15,"column":27}},"1":{"start":{"line":1,"column":42},"end":{"line":1,"column":null}},"2":{"start":{"line":2,"column":18},"end":{"line":2,"column":null}},"3":{"start":{"line":3,"column":19},"end":{"line":3,"column":null}},"4":{"start":{"line":4,"column":27},"end":{"line":4,"column":null}},"5":{"start":{"line":5,"column":30},"end":{"line":5,"column":null}},"6":{"start":{"line":6,"column":21},"end":{"line":6,"column":null}},"7":{"start":{"line":8,"column":21},"end":{"line":13,"column":null}},"8":{"start":{"line":16,"column":2},"end":{"line":74,"column":null}},"9":{"start":{"line":17,"column":4},"end":{"line":19,"column":null}},"10":{"start":{"line":18,"column":6},"end":{"line":18,"column":null}},"11":{"start":{"line":21,"column":18},"end":{"line":21,"column":null}},"12":{"start":{"line":22,"column":19},"end":{"line":22,"column":null}},"13":{"start":{"line":23,"column":4},"end":{"line":25,"column":null}},"14":{"start":{"line":24,"column":6},"end":{"line":24,"column":null}},"15":{"start":{"line":27,"column":17},"end":{"line":27,"column":null}},"16":{"start":{"line":28,"column":19},"end":{"line":28,"column":null}},"17":{"start":{"line":29,"column":4},"end":{"line":31,"column":null}},"18":{"start":{"line":30,"column":6},"end":{"line":30,"column":null}},"19":{"start":{"line":33,"column":18},"end":{"line":33,"column":null}},"20":{"start":{"line":36,"column":48},"end":{"line":40,"column":null}},"21":{"start":{"line":41,"column":4},"end":{"line":44,"column":null}},"22":{"start":{"line":42,"column":6},"end":{"line":42,"column":null}},"23":{"start":{"line":43,"column":6},"end":{"line":43,"column":null}},"24":{"start":{"line":45,"column":4},"end":{"line":47,"column":null}},"25":{"start":{"line":46,"column":6},"end":{"line":46,"column":null}},"26":{"start":{"line":49,"column":25},"end":{"line":49,"column":null}},"27":{"start":{"line":50,"column":46},"end":{"line":63,"column":null}},"28":{"start":{"line":65,"column":4},"end":{"line":68,"column":null}},"29":{"start":{"line":66,"column":6},"end":{"line":66,"column":null}},"30":{"start":{"line":67,"column":6},"end":{"line":67,"column":null}},"31":{"start":{"line":70,"column":4},"end":{"line":70,"column":null}},"32":{"start":{"line":72,"column":4},"end":{"line":72,"column":null}},"33":{"start":{"line":73,"column":4},"end":{"line":73,"column":null}}},"fnMap":{"0":{"name":"POST","decl":{"start":{"line":15,"column":22},"end":{"line":15,"column":27}},"loc":{"start":{"line":15,"column":47},"end":{"line":75,"column":null}}}},"branchMap":{"0":{"loc":{"start":{"line":17,"column":4},"end":{"line":19,"column":null}},"type":"if","locations":[{"start":{"line":17,"column":4},"end":{"line":19,"column":null}},{"start":{},"end":{}}]},"1":{"loc":{"start":{"line":22,"column":19},"end":{"line":22,"column":null}},"type":"cond-expr","locations":[{"start":{"line":22,"column":27},"end":{"line":22,"column":65}},{"start":{"line":22,"column":65},"end":{"line":22,"column":null}}]},"2":{"loc":{"start":{"line":23,"column":4},"end":{"line":25,"column":null}},"type":"if","locations":[{"start":{"line":23,"column":4},"end":{"line":25,"column":null}},{"start":{},"end":{}}]},"3":{"loc":{"start":{"line":23,"column":8},"end":{"line":23,"column":85}},"type":"binary-expr","locations":[{"start":{"line":23,"column":8},"end":{"line":23,"column":23}},{"start":{"line":23,"column":27},"end":{"line":23,"column":42}},{"start":{"line":23,"column":46},"end":{"line":23,"column":85}}]},"4":{"loc":{"start":{"line":29,"column":4},"end":{"line":31,"column":null}},"type":"if","locations":[{"start":{"line":29,"column":4},"end":{"line":31,"column":null}},{"start":{},"end":{}}]},"5":{"loc":{"start":{"line":41,"column":4},"end":{"line":44,"column":null}},"type":"if","locations":[{"start":{"line":41,"column":4},"end":{"line":44,"column":null}},{"start":{},"end":{}}]},"6":{"loc":{"start":{"line":45,"column":4},"end":{"line":47,"column":null}},"type":"if","locations":[{"start":{"line":45,"column":4},"end":{"line":47,"column":null}},{"start":{},"end":{}}]},"7":{"loc":{"start":{"line":45,"column":8},"end":{"line":45,"column":41}},"type":"binary-expr","locations":[{"start":{"line":45,"column":8},"end":{"line":45,"column":20}},{"start":{"line":45,"column":20},"end":{"line":45,"column":41}}]},"8":{"loc":{"start":{"line":56,"column":21},"end":{"line":56,"column":50}},"type":"binary-expr","locations":[{"start":{"line":56,"column":21},"end":{"line":56,"column":44}},{"start":{"line":56,"column":48},"end":{"line":56,"column":50}}]},"9":{"loc":{"start":{"line":65,"column":4},"end":{"line":68,"column":null}},"type":"if","locations":[{"start":{"line":65,"column":4},"end":{"line":68,"column":null}},{"start":{},"end":{}}]},"10":{"loc":{"start":{"line":65,"column":8},"end":{"line":65,"column":54}},"type":"binary-expr","locations":[{"start":{"line":65,"column":8},"end":{"line":65,"column":18}},{"start":{"line":65,"column":18},"end":{"line":65,"column":31}},{"start":{"line":65,"column":31},"end":{"line":65,"column":54}}]}},"s":{"0":0,"1":0,"2":0,"3":0,"4":0,"5":0,"6":0,"7":0,"8":0,"9":0,"10":0,"11":0,"12":0,"13":0,"14":0,"15":0,"16":0,"17":0,"18":0,"19":0,"20":0,"21":0,"22":0,"23":0,"24":0,"25":0,"26":0,"27":0,"28":0,"29":0,"30":0,"31":0,"32":0,"33":0},"f":{"0":0},"b":{"0":[0,0],"1":[0,0],"2":[0,0],"3":[0,0,0],"4":[0,0],"5":[0,0],"6":[0,0],"7":[0,0],"8":[0,0],"9":[0,0],"10":[0,0,0]}}
,"/Users/yassraasim/mrayyanasim/am-tycoons-inc-updated-code/car-dealership/app/api/admin/cars/route.ts": {"path":"/Users/yassraasim/mrayyanasim/am-tycoons-inc-updated-code/car-dealership/app/api/admin/cars/route.ts","statementMap":{"0":{"start":{"line":308,"column":22},"end":{"line":308,"column":28}},"1":{"start":{"line":44,"column":22},"end":{"line":44,"column":25}},"2":{"start":{"line":89,"column":22},"end":{"line":89,"column":26}},"3":{"start":{"line":198,"column":22},"end":{"line":198,"column":25}},"4":{"start":{"line":1,"column":42},"end":{"line":1,"column":null}},"5":{"start":{"line":2,"column":18},"end":{"line":2,"column":null}},"6":{"start":{"line":3,"column":30},"end":{"line":3,"column":null}},"7":{"start":{"line":4,"column":28},"end":{"line":4,"column":null}},"8":{"start":{"line":5,"column":21},"end":{"line":5,"column":null}},"9":{"start":{"line":6,"column":56},"end":{"line":6,"column":null}},"10":{"start":{"line":9,"column":18},"end":{"line":32,"column":null}},"11":{"start":{"line":34,"column":24},"end":{"line":36,"column":null}},"12":{"start":{"line":41,"column":14},"end":{"line":41,"column":null}},"13":{"start":{"line":45,"column":2},"end":{"line":85,"column":null}},"14":{"start":{"line":46,"column":17},"end":{"line":46,"column":null}},"15":{"start":{"line":47,"column":20},"end":{"line":47,"column":null}},"16":{"start":{"line":48,"column":4},"end":{"line":48,"column":null}},"17":{"start":{"line":48,"column":17},"end":{"line":48,"column":null}},"18":{"start":{"line":50,"column":38},"end":{"line":53,"column":null}},"19":{"start":{"line":54,"column":17},"end":{"line":54,"column":null}},"20":{"start":{"line":57,"column":25},"end":{"line":64,"column":null}},"21":{"start":{"line":58,"column":25},"end":{"line":63,"column":null}},"22":{"start":{"line":66,"column":4},"end":{"line":66,"column":null}},"23":{"start":{"line":69,"column":4},"end":{"line":69,"column":null}},"24":{"start":{"line":71,"column":25},"end":{"line":71,"column":null}},"25":{"start":{"line":73,"column":4},"end":{"line":75,"column":null}},"26":{"start":{"line":74,"column":6},"end":{"line":74,"column":null}},"27":{"start":{"line":77,"column":4},"end":{"line":79,"column":null}},"28":{"start":{"line":78,"column":6},"end":{"line":78,"column":null}},"29":{"start":{"line":81,"column":4},"end":{"line":83,"column":null}},"30":{"start":{"line":90,"column":2},"end":{"line":194,"column":null}},"31":{"start":{"line":91,"column":4},"end":{"line":93,"column":null}},"32":{"start":{"line":92,"column":6},"end":{"line":92,"column":null}},"33":{"start":{"line":94,"column":17},"end":{"line":94,"column":null}},"34":{"start":{"line":95,"column":4},"end":{"line":97,"column":null}},"35":{"start":{"line":96,"column":6},"end":{"line":96,"column":null}},"36":{"start":{"line":99,"column":20},"end":{"line":99,"column":null}},"37":{"start":{"line":100,"column":4},"end":{"line":100,"column":null}},"38":{"start":{"line":100,"column":17},"end":{"line":100,"column":null}},"39":{"start":{"line":103,"column":17},"end":{"line":103,"column":null}},"40":{"start":{"line":105,"column":29},"end":{"line":105,"column":null}},"41":{"start":{"line":106,"column":4},"end":{"line":111,"column":null}},"42":{"start":{"line":107,"column":6},"end":{"line":109,"column":null}},"43":{"start":{"line":113,"column":20},"end":{"line":113,"column":41}},"44":{"start":{"line":116,"column":25},"end":{"line":134,"column":null}},"45":{"start":{"line":136,"column":46},"end":{"line":169,"column":null}},"46":{"start":{"line":171,"column":4},"end":{"line":173,"column":null}},"47":{"start":{"line":172,"column":6},"end":{"line":172,"column":null}},"48":{"start":{"line":175,"column":4},"end":{"line":175,"column":null}},"49":{"start":{"line":178,"column":4},"end":{"line":178,"column":null}},"50":{"start":{"line":180,"column":25},"end":{"line":180,"column":null}},"51":{"start":{"line":182,"column":4},"end":{"line":184,"column":null}},"52":{"start":{"line":183,"column":6},"end":{"line":183,"column":null}},"53":{"start":{"line":186,"column":4},"end":{"line":188,"column":null}},"54":{"start":{"line":187,"column":6},"end":{"line":187,"column":null}},"55":{"start":{"line":190,"column":4},"end":{"line":192,"column":null}},"56":{"start":{"line":199,"column":2},"end":{"line":304,"column":null}},"57":{"start":{"line":200,"column":4},"end":{"line":202,"column":null}},"58":{"start":{"line":201,"column":6},"end":{"line":201,"column":null}},"59":{"start":{"line":203,"column":17},"end":{"line":203,"column":null}},"60":{"start":{"line":204,"column":4},"end":{"line":206,"column":null}},"61":{"start":{"line":205,"column":6},"end":{"line":205,"column":null}},"62":{"start":{"line":208,"column":20},"end":{"line":208,"column":null}},"63":{"start":{"line":209,"column":4},"end":{"line":209,"column":null}},"64":{"start":{"line":209,"column":17},"end":{"line":209,"column":null}},"65":{"start":{"line":212,"column":17},"end":{"line":212,"column":null}},"66":{"start":{"line":214,"column":29},"end":{"line":214,"column":null}},"67":{"start":{"line":215,"column":4},"end":{"line":220,"column":null}},"68":{"start":{"line":216,"column":6},"end":{"line":218,"column":null}},"69":{"start":{"line":222,"column":34},"end":{"line":222,"column":55}},"70":{"start":{"line":227,"column":4},"end":{"line":285,"column":null}},"71":{"start":{"line":229,"column":52},"end":{"line":232,"column":null}},"72":{"start":{"line":235,"column":6},"end":{"line":235,"column":null}},"73":{"start":{"line":235,"column":42},"end":{"line":235,"column":null}},"74":{"start":{"line":236,"column":6},"end":{"line":236,"column":null}},"75":{"start":{"line":236,"column":41},"end":{"line":236,"column":null}},"76":{"start":{"line":237,"column":6},"end":{"line":237,"column":null}},"77":{"start":{"line":237,"column":42},"end":{"line":237,"column":null}},"78":{"start":{"line":238,"column":6},"end":{"line":238,"column":null}},"79":{"start":{"line":238,"column":41},"end":{"line":238,"column":null}},"80":{"start":{"line":239,"column":6},"end":{"line":239,"column":null}},"81":{"start":{"line":239,"column":44},"end":{"line":239,"column":null}},"82":{"start":{"line":240,"column":6},"end":{"line":240,"column":null}},"83":{"start":{"line":240,"column":42},"end":{"line":240,"column":null}},"84":{"start":{"line":241,"column":6},"end":{"line":241,"column":null}},"85":{"start":{"line":241,"column":45},"end":{"line":241,"column":null}},"86":{"start":{"line":242,"column":6},"end":{"line":242,"column":null}},"87":{"start":{"line":242,"column":48},"end":{"line":242,"column":null}},"88":{"start":{"line":243,"column":6},"end":{"line":243,"column":null}},"89":{"start":{"line":243,"column":40},"end":{"line":243,"column":null}},"90":{"start":{"line":244,"column":6},"end":{"line":244,"column":null}},"91":{"start":{"line":244,"column":43},"end":{"line":244,"column":null}},"92":{"start":{"line":245,"column":6},"end":{"line":245,"column":null}},"93":{"start":{"line":245,"column":49},"end":{"line":245,"column":null}},"94":{"start":{"line":246,"column":6},"end":{"line":246,"column":null}},"95":{"start":{"line":246,"column":50},"end":{"line":246,"column":null}},"96":{"start":{"line":247,"column":6},"end":{"line":247,"column":null}},"97":{"start":{"line":247,"column":50},"end":{"line":247,"column":null}},"98":{"start":{"line":248,"column":6},"end":{"line":248,"column":null}},"99":{"start":{"line":248,"column":46},"end":{"line":248,"column":null}},"100":{"start":{"line":249,"column":6},"end":{"line":249,"column":null}},"101":{"start":{"line":249,"column":45},"end":{"line":249,"column":null}},"102":{"start":{"line":250,"column":6},"end":{"line":250,"column":null}},"103":{"start":{"line":250,"column":45},"end":{"line":250,"column":null}},"104":{"start":{"line":251,"column":6},"end":{"line":251,"column":null}},"105":{"start":{"line":251,"column":43},"end":{"line":251,"column":null}},"106":{"start":{"line":252,"column":6},"end":{"line":252,"column":null}},"107":{"start":{"line":252,"column":47},"end":{"line":252,"column":null}},"108":{"start":{"line":253,"column":6},"end":{"line":253,"column":null}},"109":{"start":{"line":253,"column":48},"end":{"line":253,"column":null}},"110":{"start":{"line":256,"column":6},"end":{"line":261,"column":null}},"111":{"start":{"line":257,"column":8},"end":{"line":260,"column":null}},"112":{"start":{"line":263,"column":6},"end":{"line":263,"column":null}},"113":{"start":{"line":265,"column":46},"end":{"line":269,"column":null}},"114":{"start":{"line":271,"column":6},"end":{"line":274,"column":null}},"115":{"start":{"line":272,"column":8},"end":{"line":272,"column":null}},"116":{"start":{"line":273,"column":8},"end":{"line":273,"column":null}},"117":{"start":{"line":275,"column":6},"end":{"line":277,"column":null}},"118":{"start":{"line":276,"column":8},"end":{"line":276,"column":null}},"119":{"start":{"line":278,"column":6},"end":{"line":278,"column":null}},"120":{"start":{"line":280,"column":6},"end":{"line":280,"column":null}},"121":{"start":{"line":281,"column":6},"end":{"line":283,"column":null}},"122":{"start":{"line":288,"column":4},"end":{"line":288,"column":null}},"123":{"start":{"line":290,"column":25},"end":{"line":290,"column":null}},"124":{"start":{"line":292,"column":4},"end":{"line":294,"column":null}},"125":{"start":{"line":293,"column":6},"end":{"line":293,"column":null}},"126":{"start":{"line":296,"column":4},"end":{"line":298,"column":null}},"127":{"start":{"line":297,"column":6},"end":{"line":297,"column":null}},"128":{"start":{"line":300,"column":4},"end":{"line":302,"column":null}},"129":{"start":{"line":309,"column":2},"end":{"line":363,"column":null}},"130":{"start":{"line":310,"column":4},"end":{"line":312,"column":null}},"131":{"start":{"line":311,"column":6},"end":{"line":311,"column":null}},"132":{"start":{"line":313,"column":17},"end":{"line":313,"column":null}},"133":{"start":{"line":314,"column":4},"end":{"line":316,"column":null}},"134":{"start":{"line":315,"column":6},"end":{"line":315,"column":null}},"135":{"start":{"line":318,"column":20},"end":{"line":318,"column":null}},"136":{"start":{"line":319,"column":4},"end":{"line":319,"column":null}},"137":{"start":{"line":319,"column":17},"end":{"line":319,"column":null}},"138":{"start":{"line":321,"column":29},"end":{"line":321,"column":null}},"139":{"start":{"line":322,"column":18},"end":{"line":322,"column":null}},"140":{"start":{"line":324,"column":4},"end":{"line":329,"column":null}},"141":{"start":{"line":325,"column":6},"end":{"line":327,"column":null}},"142":{"start":{"line":331,"column":4},"end":{"line":344,"column":null}},"143":{"start":{"line":332,"column":32},"end":{"line":335,"column":null}},"144":{"start":{"line":336,"column":6},"end":{"line":336,"column":null}},"145":{"start":{"line":336,"column":18},"end":{"line":336,"column":null}},"146":{"start":{"line":337,"column":6},"end":{"line":337,"column":null}},"147":{"start":{"line":339,"column":6},"end":{"line":339,"column":null}},"148":{"start":{"line":340,"column":6},"end":{"line":342,"column":null}},"149":{"start":{"line":347,"column":4},"end":{"line":347,"column":null}},"150":{"start":{"line":349,"column":25},"end":{"line":349,"column":null}},"151":{"start":{"line":351,"column":4},"end":{"line":353,"column":null}},"152":{"start":{"line":352,"column":6},"end":{"line":352,"column":null}},"153":{"start":{"line":355,"column":4},"end":{"line":357,"column":null}},"154":{"start":{"line":356,"column":6},"end":{"line":356,"column":null}},"155":{"start":{"line":359,"column":4},"end":{"line":361,"column":null}}},"fnMap":{"0":{"name":"GET","decl":{"start":{"line":44,"column":22},"end":{"line":44,"column":25}},"loc":{"start":{"line":44,"column":46},"end":{"line":86,"column":null}}},"1":{"name":"(anonymous_6)","decl":{"start":{"line":58,"column":17},"end":{"line":58,"column":25}},"loc":{"start":{"line":58,"column":25},"end":{"line":63,"column":null}}},"2":{"name":"POST","decl":{"start":{"line":89,"column":22},"end":{"line":89,"column":26}},"loc":{"start":{"line":89,"column":47},"end":{"line":195,"column":null}}},"3":{"name":"PUT","decl":{"start":{"line":198,"column":22},"end":{"line":198,"column":25}},"loc":{"start":{"line":198,"column":46},"end":{"line":305,"column":null}}},"4":{"name":"DELETE","decl":{"start":{"line":308,"column":22},"end":{"line":308,"column":28}},"loc":{"start":{"line":308,"column":49},"end":{"line":364,"column":null}}}},"branchMap":{"0":{"loc":{"start":{"line":48,"column":4},"end":{"line":48,"column":null}},"type":"if","locations":[{"start":{"line":48,"column":4},"end":{"line":48,"column":null}},{"start":{},"end":{}}]},"1":{"loc":{"start":{"line":54,"column":17},"end":{"line":54,"column":null}},"type":"cond-expr","locations":[{"start":{"line":54,"column":40},"end":{"line":54,"column":42}},{"start":{"line":54,"column":45},"end":{"line":54,"column":null}}]},"2":{"loc":{"start":{"line":54,"column":17},"end":{"line":54,"column":40}},"type":"binary-expr","locations":[{"start":{"line":54,"column":17},"end":{"line":54,"column":27}},{"start":{"line":54,"column":27},"end":{"line":54,"column":40}}]},"3":{"loc":{"start":{"line":57,"column":25},"end":{"line":64,"column":null}},"type":"cond-expr","locations":[{"start":{"line":58,"column":8},"end":{"line":63,"column":null}},{"start":{"line":64,"column":8},"end":{"line":64,"column":null}}]},"4":{"loc":{"start":{"line":71,"column":25},"end":{"line":71,"column":null}},"type":"cond-expr","locations":[{"start":{"line":71,"column":50},"end":{"line":71,"column":63}},{"start":{"line":71,"column":66},"end":{"line":71,"column":null}}]},"5":{"loc":{"start":{"line":73,"column":4},"end":{"line":75,"column":null}},"type":"if","locations":[{"start":{"line":73,"column":4},"end":{"line":75,"column":null}},{"start":{},"end":{}}]},"6":{"loc":{"start":{"line":77,"column":4},"end":{"line":79,"column":null}},"type":"if","locations":[{"start":{"line":77,"column":4},"end":{"line":79,"column":null}},{"start":{},"end":{}}]},"7":{"loc":{"start":{"line":91,"column":4},"end":{"line":93,"column":null}},"type":"if","locations":[{"start":{"line":91,"column":4},"end":{"line":93,"column":null}},{"start":{},"end":{}}]},"8":{"loc":{"start":{"line":95,"column":4},"end":{"line":97,"column":null}},"type":"if","locations":[{"start":{"line":95,"column":4},"end":{"line":97,"column":null}},{"start":{},"end":{}}]},"9":{"loc":{"start":{"line":95,"column":8},"end":{"line":95,"column":73}},"type":"binary-expr","locations":[{"start":{"line":95,"column":8},"end":{"line":95,"column":44}},{"start":{"line":95,"column":44},"end":{"line":95,"column":73}}]},"10":{"loc":{"start":{"line":100,"column":4},"end":{"line":100,"column":null}},"type":"if","locations":[{"start":{"line":100,"column":4},"end":{"line":100,"column":null}},{"start":{},"end":{}}]},"11":{"loc":{"start":{"line":106,"column":4},"end":{"line":111,"column":null}},"type":"if","locations":[{"start":{"line":106,"column":4},"end":{"line":111,"column":null}},{"start":{},"end":{}}]},"12":{"loc":{"start":{"line":118,"column":19},"end":{"line":118,"column":null}},"type":"binary-expr","locations":[{"start":{"line":118,"column":19},"end":{"line":118,"column":38}},{"start":{"line":118,"column":42},"end":{"line":118,"column":null}}]},"13":{"loc":{"start":{"line":119,"column":14},"end":{"line":119,"column":34}},"type":"binary-expr","locations":[{"start":{"line":119,"column":14},"end":{"line":119,"column":28}},{"start":{"line":119,"column":32},"end":{"line":119,"column":34}}]},"14":{"loc":{"start":{"line":124,"column":18},"end":{"line":124,"column":null}},"type":"binary-expr","locations":[{"start":{"line":124,"column":18},"end":{"line":124,"column":36}},{"start":{"line":124,"column":40},"end":{"line":124,"column":null}}]},"15":{"loc":{"start":{"line":126,"column":15},"end":{"line":126,"column":null}},"type":"binary-expr","locations":[{"start":{"line":126,"column":15},"end":{"line":126,"column":28}},{"start":{"line":126,"column":32},"end":{"line":126,"column":null}}]},"16":{"loc":{"start":{"line":127,"column":18},"end":{"line":127,"column":null}},"type":"binary-expr","locations":[{"start":{"line":127,"column":18},"end":{"line":127,"column":34}},{"start":{"line":127,"column":38},"end":{"line":127,"column":null}}]},"17":{"loc":{"start":{"line":154,"column":18},"end":{"line":154,"column":45}},"type":"binary-expr","locations":[{"start":{"line":154,"column":18},"end":{"line":154,"column":39}},{"start":{"line":154,"column":43},"end":{"line":154,"column":45}}]},"18":{"loc":{"start":{"line":155,"column":16},"end":{"line":155,"column":41}},"type":"binary-expr","locations":[{"start":{"line":155,"column":16},"end":{"line":155,"column":35}},{"start":{"line":155,"column":39},"end":{"line":155,"column":41}}]},"19":{"loc":{"start":{"line":171,"column":4},"end":{"line":173,"column":null}},"type":"if","locations":[{"start":{"line":171,"column":4},"end":{"line":173,"column":null}},{"start":{},"end":{}}]},"20":{"loc":{"start":{"line":171,"column":8},"end":{"line":171,"column":54}},"type":"binary-expr","locations":[{"start":{"line":171,"column":8},"end":{"line":171,"column":18}},{"start":{"line":171,"column":18},"end":{"line":171,"column":31}},{"start":{"line":171,"column":31},"end":{"line":171,"column":54}}]},"21":{"loc":{"start":{"line":180,"column":25},"end":{"line":180,"column":null}},"type":"cond-expr","locations":[{"start":{"line":180,"column":50},"end":{"line":180,"column":63}},{"start":{"line":180,"column":66},"end":{"line":180,"column":null}}]},"22":{"loc":{"start":{"line":182,"column":4},"end":{"line":184,"column":null}},"type":"if","locations":[{"start":{"line":182,"column":4},"end":{"line":184,"column":null}},{"start":{},"end":{}}]},"23":{"loc":{"start":{"line":186,"column":4},"end":{"line":188,"column":null}},"type":"if","locations":[{"start":{"line":186,"column":4},"end":{"line":188,"column":null}},{"start":{},"end":{}}]},"24":{"loc":{"start":{"line":200,"column":4},"end":{"line":202,"column":null}},"type":"if","locations":[{"start":{"line":200,"column":4},"end":{"line":202,"column":null}},{"start":{},"end":{}}]},"25":{"loc":{"start":{"line":204,"column":4},"end":{"line":206,"column":null}},"type":"if","locations":[{"start":{"line":204,"column":4},"end":{"line":206,"column":null}},{"start":{},"end":{}}]},"26":{"loc":{"start":{"line":204,"column":8},"end":{"line":204,"column":71}},"type":"binary-expr","locations":[{"start":{"line":204,"column":8},"end":{"line":204,"column":42}},{"start":{"line":204,"column":42},"end":{"line":204,"column":71}}]},"27":{"loc":{"start":{"line":209,"column":4},"end":{"line":209,"column":null}},"type":"if","locations":[{"start":{"line":209,"column":4},"end":{"line":209,"column":null}},{"start":{},"end":{}}]},"28":{"loc":{"start":{"line":215,"column":4},"end":{"line":220,"column":null}},"type":"if","locations":[{"start":{"line":215,"column":4},"end":{"line":220,"column":null}},{"start":{},"end":{}}]},"29":{"loc":{"start":{"line":235,"column":6},"end":{"line":235,"column":null}},"type":"if","locations":[{"start":{"line":235,"column":6},"end":{"line":235,"column":null}},{"start":{},"end":{}}]},"30":{"loc":{"start":{"line":236,"column":6},"end":{"line":236,"column":null}},"type":"if","locations":[{"start":{"line":236,"column":6},"end":{"line":236,"column":null}},{"start":{},"end":{}}]},"31":{"loc":{"start":{"line":237,"column":6},"end":{"line":237,"column":null}},"type":"if","locations":[{"start":{"line":237,"column":6},"end":{"line":237,"column":null}},{"start":{},"end":{}}]},"32":{"loc":{"start":{"line":238,"column":6},"end":{"line":238,"column":null}},"type":"if","locations":[{"start":{"line":238,"column":6},"end":{"line":238,"column":null}},{"start":{},"end":{}}]},"33":{"loc":{"start":{"line":239,"column":6},"end":{"line":239,"column":null}},"type":"if","locations":[{"start":{"line":239,"column":6},"end":{"line":239,"column":null}},{"start":{},"end":{}}]},"34":{"loc":{"start":{"line":240,"column":6},"end":{"line":240,"column":null}},"type":"if","locations":[{"start":{"line":240,"column":6},"end":{"line":240,"column":null}},{"start":{},"end":{}}]},"35":{"loc":{"start":{"line":241,"column":6},"end":{"line":241,"column":null}},"type":"if","locations":[{"start":{"line":241,"column":6},"end":{"line":241,"column":null}},{"start":{},"end":{}}]},"36":{"loc":{"start":{"line":242,"column":6},"end":{"line":242,"column":null}},"type":"if","locations":[{"start":{"line":242,"column":6},"end":{"line":242,"column":null}},{"start":{},"end":{}}]},"37":{"loc":{"start":{"line":243,"column":6},"end":{"line":243,"column":null}},"type":"if","locations":[{"start":{"line":243,"column":6},"end":{"line":243,"column":null}},{"start":{},"end":{}}]},"38":{"loc":{"start":{"line":244,"column":6},"end":{"line":244,"column":null}},"type":"if","locations":[{"start":{"line":244,"column":6},"end":{"line":244,"column":null}},{"start":{},"end":{}}]},"39":{"loc":{"start":{"line":245,"column":6},"end":{"line":245,"column":null}},"type":"if","locations":[{"start":{"line":245,"column":6},"end":{"line":245,"column":null}},{"start":{},"end":{}}]},"40":{"loc":{"start":{"line":246,"column":6},"end":{"line":246,"column":null}},"type":"if","locations":[{"start":{"line":246,"column":6},"end":{"line":246,"column":null}},{"start":{},"end":{}}]},"41":{"loc":{"start":{"line":247,"column":6},"end":{"line":247,"column":null}},"type":"if","locations":[{"start":{"line":247,"column":6},"end":{"line":247,"column":null}},{"start":{},"end":{}}]},"42":{"loc":{"start":{"line":248,"column":6},"end":{"line":248,"column":null}},"type":"if","locations":[{"start":{"line":248,"column":6},"end":{"line":248,"column":null}},{"start":{},"end":{}}]},"43":{"loc":{"start":{"line":249,"column":6},"end":{"line":249,"column":null}},"type":"if","locations":[{"start":{"line":249,"column":6},"end":{"line":249,"column":null}},{"start":{},"end":{}}]},"44":{"loc":{"start":{"line":250,"column":6},"end":{"line":250,"column":null}},"type":"if","locations":[{"start":{"line":250,"column":6},"end":{"line":250,"column":null}},{"start":{},"end":{}}]},"45":{"loc":{"start":{"line":251,"column":6},"end":{"line":251,"column":null}},"type":"if","locations":[{"start":{"line":251,"column":6},"end":{"line":251,"column":null}},{"start":{},"end":{}}]},"46":{"loc":{"start":{"line":252,"column":6},"end":{"line":252,"column":null}},"type":"if","locations":[{"start":{"line":252,"column":6},"end":{"line":252,"column":null}},{"start":{},"end":{}}]},"47":{"loc":{"start":{"line":253,"column":6},"end":{"line":253,"column":null}},"type":"if","locations":[{"start":{"line":253,"column":6},"end":{"line":253,"column":null}},{"start":{},"end":{}}]},"48":{"loc":{"start":{"line":256,"column":6},"end":{"line":261,"column":null}},"type":"if","locations":[{"start":{"line":256,"column":6},"end":{"line":261,"column":null}},{"start":{},"end":{}}]},"49":{"loc":{"start":{"line":256,"column":10},"end":{"line":256,"column":79}},"type":"binary-expr","locations":[{"start":{"line":256,"column":10},"end":{"line":256,"column":44}},{"start":{"line":256,"column":44},"end":{"line":256,"column":79}}]},"50":{"loc":{"start":{"line":258,"column":17},"end":{"line":258,"column":null}},"type":"binary-expr","locations":[{"start":{"line":258,"column":17},"end":{"line":258,"column":33}},{"start":{"line":258,"column":37},"end":{"line":258,"column":null}}]},"51":{"loc":{"start":{"line":259,"column":20},"end":{"line":259,"column":null}},"type":"binary-expr","locations":[{"start":{"line":259,"column":20},"end":{"line":259,"column":39}},{"start":{"line":259,"column":43},"end":{"line":259,"column":null}}]},"52":{"loc":{"start":{"line":271,"column":6},"end":{"line":274,"column":null}},"type":"if","locations":[{"start":{"line":271,"column":6},"end":{"line":274,"column":null}},{"start":{},"end":{}}]},"53":{"loc":{"start":{"line":275,"column":6},"end":{"line":277,"column":null}},"type":"if","locations":[{"start":{"line":275,"column":6},"end":{"line":277,"column":null}},{"start":{},"end":{}}]},"54":{"loc":{"start":{"line":275,"column":10},"end":{"line":275,"column":44}},"type":"binary-expr","locations":[{"start":{"line":275,"column":10},"end":{"line":275,"column":22}},{"start":{"line":275,"column":22},"end":{"line":275,"column":44}}]},"55":{"loc":{"start":{"line":282,"column":50},"end":{"line":282,"column":107}},"type":"cond-expr","locations":[{"start":{"line":282,"column":75},"end":{"line":282,"column":88}},{"start":{"line":282,"column":91},"end":{"line":282,"column":107}}]},"56":{"loc":{"start":{"line":290,"column":25},"end":{"line":290,"column":null}},"type":"cond-expr","locations":[{"start":{"line":290,"column":50},"end":{"line":290,"column":63}},{"start":{"line":290,"column":66},"end":{"line":290,"column":null}}]},"57":{"loc":{"start":{"line":292,"column":4},"end":{"line":294,"column":null}},"type":"if","locations":[{"start":{"line":292,"column":4},"end":{"line":294,"column":null}},{"start":{},"end":{}}]},"58":{"loc":{"start":{"line":296,"column":4},"end":{"line":298,"column":null}},"type":"if","locations":[{"start":{"line":296,"column":4},"end":{"line":298,"column":null}},{"start":{},"end":{}}]},"59":{"loc":{"start":{"line":310,"column":4},"end":{"line":312,"column":null}},"type":"if","locations":[{"start":{"line":310,"column":4},"end":{"line":312,"column":null}},{"start":{},"end":{}}]},"60":{"loc":{"start":{"line":314,"column":4},"end":{"line":316,"column":null}},"type":"if","locations":[{"start":{"line":314,"column":4},"end":{"line":316,"column":null}},{"start":{},"end":{}}]},"61":{"loc":{"start":{"line":314,"column":8},"end":{"line":314,"column":73}},"type":"binary-expr","locations":[{"start":{"line":314,"column":8},"end":{"line":314,"column":44}},{"start":{"line":314,"column":44},"end":{"line":314,"column":73}}]},"62":{"loc":{"start":{"line":319,"column":4},"end":{"line":319,"column":null}},"type":"if","locations":[{"start":{"line":319,"column":4},"end":{"line":319,"column":null}},{"start":{},"end":{}}]},"63":{"loc":{"start":{"line":324,"column":4},"end":{"line":329,"column":null}},"type":"if","locations":[{"start":{"line":324,"column":4},"end":{"line":329,"column":null}},{"start":{},"end":{}}]},"64":{"loc":{"start":{"line":336,"column":6},"end":{"line":336,"column":null}},"type":"if","locations":[{"start":{"line":336,"column":6},"end":{"line":336,"column":null}},{"start":{},"end":{}}]},"65":{"loc":{"start":{"line":349,"column":25},"end":{"line":349,"column":null}},"type":"cond-expr","locations":[{"start":{"line":349,"column":50},"end":{"line":349,"column":63}},{"start":{"line":349,"column":66},"end":{"line":349,"column":null}}]},"66":{"loc":{"start":{"line":351,"column":4},"end":{"line":353,"column":null}},"type":"if","locations":[{"start":{"line":351,"column":4},"end":{"line":353,"column":null}},{"start":{},"end":{}}]},"67":{"loc":{"start":{"line":355,"column":4},"end":{"line":357,"column":null}},"type":"if","locations":[{"start":{"line":355,"column":4},"end":{"line":357,"column":null}},{"start":{},"end":{}}]}},"s":{"0":0,"1":0,"2":0,"3":0,"4":0,"5":0,"6":0,"7":0,"8":0,"9":0,"10":0,"11":0,"12":0,"13":0,"14":0,"15":0,"16":0,"17":0,"18":0,"19":0,"20":0,"21":0,"22":0,"23":0,"24":0,"25":0,"26":0,"27":0,"28":0,"29":0,"30":0,"31":0,"32":0,"33":0,"34":0,"35":0,"36":0,"37":0,"38":0,"39":0,"40":0,"41":0,"42":0,"43":0,"44":0,"45":0,"46":0,"47":0,"48":0,"49":0,"50":0,"51":0,"52":0,"53":0,"54":0,"55":0,"56":0,"57":0,"58":0,"59":0,"60":0,"61":0,"62":0,"63":0,"64":0,"65":0,"66":0,"67":0,"68":0,"69":0,"70":0,"71":0,"72":0,"73":0,"74":0,"75":0,"76":0,"77":0,"78":0,"79":0,"80":0,"81":0,"82":0,"83":0,"84":0,"85":0,"86":0,"87":0,"88":0,"89":0,"90":0,"91":0,"92":0,"93":0,"94":0,"95":0,"96":0,"97":0,"98":0,"99":0,"100":0,"101":0,"102":0,"103":0,"104":0,"105":0,"106":0,"107":0,"108":0,"109":0,"110":0,"111":0,"112":0,"113":0,"114":0,"115":0,"116":0,"117":0,"118":0,"119":0,"120":0,"121":0,"122":0,"123":0,"124":0,"125":0,"126":0,"127":0,"128":0,"129":0,"130":0,"131":0,"132":0,"133":0,"134":0,"135":0,"136":0,"137":0,"138":0,"139":0,"140":0,"141":0,"142":0,"143":0,"144":0,"145":0,"146":0,"147":0,"148":0,"149":0,"150":0,"151":0,"152":0,"153":0,"154":0,"155":0},"f":{"0":0,"1":0,"2":0,"3":0,"4":0},"b":{"0":[0,0],"1":[0,0],"2":[0,0],"3":[0,0],"4":[0,0],"5":[0,0],"6":[0,0],"7":[0,0],"8":[0,0],"9":[0,0],"10":[0,0],"11":[0,0],"12":[0,0],"13":[0,0],"14":[0,0],"15":[0,0],"16":[0,0],"17":[0,0],"18":[0,0],"19":[0,0],"20":[0,0,0],"21":[0,0],"22":[0,0],"23":[0,0],"24":[0,0],"25":[0,0],"26":[0,0],"27":[0,0],"28":[0,0],"29":[0,0],"30":[0,0],"31":[0,0],"32":[0,0],"33":[0,0],"34":[0,0],"35":[0,0],"36":[0,0],"37":[0,0],"38":[0,0],"39":[0,0],"40":[0,0],"41":[0,0],"42":[0,0],"43":[0,0],"44":[0,0],"45":[0,0],"46":[0,0],"47":[0,0],"48":[0,0],"49":[0,0],"50":[0,0],"51":[0,0],"52":[0,0],"53":[0,0],"54":[0,0],"55":[0,0],"56":[0,0],"57":[0,0],"58":[0,0],"59":[0,0],"60":[0,0],"61":[0,0],"62":[0,0],"63":[0,0],"64":[0,0],"65":[0,0],"66":[0,0],"67":[0,0]}}
,"/Users/yassraasim/mrayyanasim/am-tycoons-inc-updated-code/car-dealership/app/api/admin/csrf-debug/route.ts": {"path":"/Users/yassraasim/mrayyanasim/am-tycoons-inc-updated-code/car-dealership/app/api/admin/csrf-debug/route.ts","statementMap":{"0":{"start":{"line":23,"column":22},"end":{"line":23,"column":25}},"1":{"start":{"line":7,"column":22},"end":{"line":7,"column":26}},"2":{"start":{"line":4,"column":13},"end":{"line":4,"column":20}},"3":{"start":{"line":5,"column":13},"end":{"line":5,"column":23}},"4":{"start":{"line":1,"column":42},"end":{"line":1,"column":null}},"5":{"start":{"line":2,"column":21},"end":{"line":2,"column":null}},"6":{"start":{"line":4,"column":23},"end":{"line":4,"column":null}},"7":{"start":{"line":5,"column":26},"end":{"line":5,"column":null}},"8":{"start":{"line":8,"column":2},"end":{"line":20,"column":null}},"9":{"start":{"line":9,"column":22},"end":{"line":9,"column":null}},"10":{"start":{"line":10,"column":22},"end":{"line":10,"column":null}},"11":{"start":{"line":11,"column":15},"end":{"line":11,"column":null}},"12":{"start":{"line":12,"column":4},"end":{"line":17,"column":null}},"13":{"start":{"line":19,"column":4},"end":{"line":19,"column":null}},"14":{"start":{"line":24,"column":2},"end":{"line":24,"column":null}}},"fnMap":{"0":{"name":"POST","decl":{"start":{"line":7,"column":22},"end":{"line":7,"column":26}},"loc":{"start":{"line":7,"column":47},"end":{"line":21,"column":null}}},"1":{"name":"GET","decl":{"start":{"line":23,"column":22},"end":{"line":23,"column":25}},"loc":{"start":{"line":23,"column":22},"end":{"line":25,"column":null}}}},"branchMap":{"0":{"loc":{"start":{"line":9,"column":22},"end":{"line":9,"column":null}},"type":"binary-expr","locations":[{"start":{"line":9,"column":22},"end":{"line":9,"column":61}},{"start":{"line":9,"column":61},"end":{"line":9,"column":null}}]},"1":{"loc":{"start":{"line":10,"column":22},"end":{"line":10,"column":null}},"type":"binary-expr","locations":[{"start":{"line":10,"column":22},"end":{"line":10,"column":66}},{"start":{"line":10,"column":66},"end":{"line":10,"column":null}}]},"2":{"loc":{"start":{"line":16,"column":12},"end":{"line":16,"column":null}},"type":"binary-expr","locations":[{"start":{"line":16,"column":12},"end":{"line":16,"column":34}},{"start":{"line":16,"column":34},"end":{"line":16,"column":56}},{"start":{"line":16,"column":56},"end":{"line":16,"column":null}}]}},"s":{"0":0,"1":0,"2":0,"3":0,"4":0,"5":0,"6":0,"7":0,"8":0,"9":0,"10":0,"11":0,"12":0,"13":0,"14":0},"f":{"0":0,"1":0},"b":{"0":[0,0],"1":[0,0],"2":[0,0,0]}}
,"/Users/yassraasim/mrayyanasim/am-tycoons-inc-updated-code/car-dealership/app/api/admin/login/route.ts": {"path":"/Users/yassraasim/mrayyanasim/am-tycoons-inc-updated-code/car-dealership/app/api/admin/login/route.ts","statementMap":{"0":{"start":{"line":86,"column":22},"end":{"line":86,"column":28}},"1":{"start":{"line":78,"column":22},"end":{"line":78,"column":25}},"2":{"start":{"line":14,"column":22},"end":{"line":14,"column":26}},"3":{"start":{"line":82,"column":22},"end":{"line":82,"column":25}},"4":{"start":{"line":1,"column":42},"end":{"line":1,"column":null}},"5":{"start":{"line":2,"column":18},"end":{"line":2,"column":null}},"6":{"start":{"line":3,"column":56},"end":{"line":3,"column":null}},"7":{"start":{"line":7,"column":20},"end":{"line":10,"column":null}},"8":{"start":{"line":12,"column":14},"end":{"line":12,"column":null}},"9":{"start":{"line":15,"column":2},"end":{"line":74,"column":null}},"10":{"start":{"line":16,"column":20},"end":{"line":16,"column":null}},"11":{"start":{"line":17,"column":4},"end":{"line":17,"column":null}},"12":{"start":{"line":17,"column":17},"end":{"line":17,"column":null}},"13":{"start":{"line":20,"column":17},"end":{"line":20,"column":null}},"14":{"start":{"line":22,"column":29},"end":{"line":22,"column":null}},"15":{"start":{"line":23,"column":4},"end":{"line":28,"column":null}},"16":{"start":{"line":24,"column":6},"end":{"line":26,"column":null}},"17":{"start":{"line":30,"column":4},"end":{"line":30,"column":null}},"18":{"start":{"line":33,"column":4},"end":{"line":33,"column":null}},"19":{"start":{"line":35,"column":25},"end":{"line":35,"column":null}},"20":{"start":{"line":36,"column":21},"end":{"line":36,"column":null}},"21":{"start":{"line":37,"column":29},"end":{"line":37,"column":null}},"22":{"start":{"line":40,"column":4},"end":{"line":55,"column":null}},"23":{"start":{"line":41,"column":6},"end":{"line":41,"column":null}},"24":{"start":{"line":42,"column":11},"end":{"line":55,"column":null}},"25":{"start":{"line":43,"column":6},"end":{"line":43,"column":null}},"26":{"start":{"line":44,"column":6},"end":{"line":44,"column":null}},"27":{"start":{"line":45,"column":11},"end":{"line":55,"column":null}},"28":{"start":{"line":46,"column":6},"end":{"line":46,"column":null}},"29":{"start":{"line":47,"column":6},"end":{"line":47,"column":null}},"30":{"start":{"line":48,"column":11},"end":{"line":55,"column":null}},"31":{"start":{"line":49,"column":6},"end":{"line":49,"column":null}},"32":{"start":{"line":50,"column":11},"end":{"line":55,"column":null}},"33":{"start":{"line":51,"column":6},"end":{"line":51,"column":null}},"34":{"start":{"line":52,"column":11},"end":{"line":55,"column":null}},"35":{"start":{"line":53,"column":6},"end":{"line":53,"column":null}},"36":{"start":{"line":54,"column":6},"end":{"line":54,"column":null}},"37":{"start":{"line":58,"column":4},"end":{"line":63,"column":null}},"38":{"start":{"line":65,"column":4},"end":{"line":72,"column":null}},"39":{"start":{"line":79,"column":2},"end":{"line":79,"column":null}},"40":{"start":{"line":83,"column":2},"end":{"line":83,"column":null}},"41":{"start":{"line":87,"column":2},"end":{"line":87,"column":null}}},"fnMap":{"0":{"name":"POST","decl":{"start":{"line":14,"column":22},"end":{"line":14,"column":26}},"loc":{"start":{"line":14,"column":47},"end":{"line":75,"column":null}}},"1":{"name":"GET","decl":{"start":{"line":78,"column":22},"end":{"line":78,"column":25}},"loc":{"start":{"line":78,"column":22},"end":{"line":80,"column":null}}},"2":{"name":"PUT","decl":{"start":{"line":82,"column":22},"end":{"line":82,"column":25}},"loc":{"start":{"line":82,"column":22},"end":{"line":84,"column":null}}},"3":{"name":"DELETE","decl":{"start":{"line":86,"column":22},"end":{"line":86,"column":28}},"loc":{"start":{"line":86,"column":22},"end":{"line":88,"column":null}}}},"branchMap":{"0":{"loc":{"start":{"line":17,"column":4},"end":{"line":17,"column":null}},"type":"if","locations":[{"start":{"line":17,"column":4},"end":{"line":17,"column":null}},{"start":{},"end":{}}]},"1":{"loc":{"start":{"line":23,"column":4},"end":{"line":28,"column":null}},"type":"if","locations":[{"start":{"line":23,"column":4},"end":{"line":28,"column":null}},{"start":{},"end":{}}]},"2":{"loc":{"start":{"line":35,"column":25},"end":{"line":35,"column":null}},"type":"cond-expr","locations":[{"start":{"line":35,"column":50},"end":{"line":35,"column":63}},{"start":{"line":35,"column":66},"end":{"line":35,"column":null}}]},"3":{"loc":{"start":{"line":40,"column":4},"end":{"line":55,"column":null}},"type":"if","locations":[{"start":{"line":40,"column":4},"end":{"line":55,"column":null}},{"start":{"line":42,"column":11},"end":{"line":55,"column":null}}]},"4":{"loc":{"start":{"line":40,"column":8},"end":{"line":40,"column":102}},"type":"binary-expr","locations":[{"start":{"line":40,"column":8},"end":{"line":40,"column":56}},{"start":{"line":40,"column":56},"end":{"line":40,"column":102}}]},"5":{"loc":{"start":{"line":42,"column":11},"end":{"line":55,"column":null}},"type":"if","locations":[{"start":{"line":42,"column":11},"end":{"line":55,"column":null}},{"start":{"line":45,"column":11},"end":{"line":55,"column":null}}]},"6":{"loc":{"start":{"line":45,"column":11},"end":{"line":55,"column":null}},"type":"if","locations":[{"start":{"line":45,"column":11},"end":{"line":55,"column":null}},{"start":{"line":48,"column":11},"end":{"line":55,"column":null}}]},"7":{"loc":{"start":{"line":48,"column":11},"end":{"line":55,"column":null}},"type":"if","locations":[{"start":{"line":48,"column":11},"end":{"line":55,"column":null}},{"start":{"line":50,"column":11},"end":{"line":55,"column":null}}]},"8":{"loc":{"start":{"line":50,"column":11},"end":{"line":55,"column":null}},"type":"if","locations":[{"start":{"line":50,"column":11},"end":{"line":55,"column":null}},{"start":{"line":52,"column":11},"end":{"line":55,"column":null}}]},"9":{"loc":{"start":{"line":52,"column":11},"end":{"line":55,"column":null}},"type":"if","locations":[{"start":{"line":52,"column":11},"end":{"line":55,"column":null}},{"start":{},"end":{}}]},"10":{"loc":{"start":{"line":68,"column":14},"end":{"line":70,"column":null}},"type":"cond-expr","locations":[{"start":{"line":68,"column":35},"end":{"line":68,"column":null}},{"start":{"line":69,"column":14},"end":{"line":70,"column":null}}]},"11":{"loc":{"start":{"line":69,"column":14},"end":{"line":70,"column":null}},"type":"cond-expr","locations":[{"start":{"line":69,"column":35},"end":{"line":69,"column":null}},{"start":{"line":70,"column":14},"end":{"line":70,"column":null}}]},"12":{"loc":{"start":{"line":70,"column":14},"end":{"line":70,"column":null}},"type":"cond-expr","locations":[{"start":{"line":70,"column":35},"end":{"line":70,"column":53}},{"start":{"line":70,"column":53},"end":{"line":70,"column":null}}]}},"s":{"0":0,"1":0,"2":0,"3":0,"4":0,"5":0,"6":0,"7":0,"8":0,"9":0,"10":0,"11":0,"12":0,"13":0,"14":0,"15":0,"16":0,"17":0,"18":0,"19":0,"20":0,"21":0,"22":0,"23":0,"24":0,"25":0,"26":0,"27":0,"28":0,"29":0,"30":0,"31":0,"32":0,"33":0,"34":0,"35":0,"36":0,"37":0,"38":0,"39":0,"40":0,"41":0},"f":{"0":0,"1":0,"2":0,"3":0},"b":{"0":[0,0],"1":[0,0],"2":[0,0],"3":[0,0],"4":[0,0],"5":[0,0],"6":[0,0],"7":[0,0],"8":[0,0],"9":[0,0],"10":[0,0],"11":[0,0],"12":[0,0]}}
,"/Users/yassraasim/mrayyanasim/am-tycoons-inc-updated-code/car-dealership/app/api/admin/login-resend/route.ts": {"path":"/Users/yassraasim/mrayyanasim/am-tycoons-inc-updated-code/car-dealership/app/api/admin/login-resend/route.ts","statementMap":{"0":{"start":{"line":20,"column":22},"end":{"line":20,"column":27}},"1":{"start":{"line":1,"column":42},"end":{"line":1,"column":null}},"2":{"start":{"line":2,"column":21},"end":{"line":2,"column":null}},"3":{"start":{"line":3,"column":18},"end":{"line":3,"column":null}},"4":{"start":{"line":4,"column":30},"end":{"line":4,"column":null}},"5":{"start":{"line":5,"column":56},"end":{"line":5,"column":null}},"6":{"start":{"line":8,"column":15},"end":{"line":10,"column":null}},"7":{"start":{"line":13,"column":16},"end":{"line":13,"column":null}},"8":{"start":{"line":14,"column":2},"end":{"line":14,"column":null}},"9":{"start":{"line":15,"column":2},"end":{"line":15,"column":null}},"10":{"start":{"line":15,"column":32},"end":{"line":15,"column":40}},"11":{"start":{"line":18,"column":14},"end":{"line":18,"column":null}},"12":{"start":{"line":21,"column":2},"end":{"line":82,"column":null}},"13":{"start":{"line":22,"column":4},"end":{"line":24,"column":null}},"14":{"start":{"line":23,"column":6},"end":{"line":23,"column":null}},"15":{"start":{"line":25,"column":20},"end":{"line":25,"column":null}},"16":{"start":{"line":26,"column":4},"end":{"line":26,"column":null}},"17":{"start":{"line":26,"column":17},"end":{"line":26,"column":null}},"18":{"start":{"line":28,"column":17},"end":{"line":28,"column":null}},"19":{"start":{"line":29,"column":19},"end":{"line":29,"column":null}},"20":{"start":{"line":30,"column":4},"end":{"line":35,"column":null}},"21":{"start":{"line":31,"column":6},"end":{"line":33,"column":null}},"22":{"start":{"line":37,"column":18},"end":{"line":37,"column":null}},"23":{"start":{"line":38,"column":44},"end":{"line":42,"column":null}},"24":{"start":{"line":43,"column":4},"end":{"line":46,"column":null}},"25":{"start":{"line":44,"column":6},"end":{"line":44,"column":null}},"26":{"start":{"line":45,"column":6},"end":{"line":45,"column":null}},"27":{"start":{"line":47,"column":4},"end":{"line":49,"column":null}},"28":{"start":{"line":48,"column":6},"end":{"line":48,"column":null}},"29":{"start":{"line":50,"column":21},"end":{"line":50,"column":29}},"30":{"start":{"line":52,"column":17},"end":{"line":52,"column":null}},"31":{"start":{"line":53,"column":19},"end":{"line":53,"column":null}},"32":{"start":{"line":55,"column":29},"end":{"line":62,"column":null}},"33":{"start":{"line":63,"column":4},"end":{"line":66,"column":null}},"34":{"start":{"line":64,"column":6},"end":{"line":64,"column":null}},"35":{"start":{"line":65,"column":6},"end":{"line":65,"column":null}},"36":{"start":{"line":68,"column":19},"end":{"line":68,"column":46}},"37":{"start":{"line":69,"column":16},"end":{"line":73,"column":null}},"38":{"start":{"line":74,"column":4},"end":{"line":76,"column":null}},"39":{"start":{"line":75,"column":6},"end":{"line":75,"column":null}},"40":{"start":{"line":78,"column":4},"end":{"line":78,"column":null}},"41":{"start":{"line":80,"column":4},"end":{"line":80,"column":null}},"42":{"start":{"line":81,"column":4},"end":{"line":81,"column":null}}},"fnMap":{"0":{"name":"generateCode","decl":{"start":{"line":12,"column":9},"end":{"line":12,"column":null}},"loc":{"start":{"line":12,"column":9},"end":{"line":16,"column":null}}},"1":{"name":"(anonymous_2)","decl":{"start":{"line":15,"column":27},"end":{"line":15,"column":32}},"loc":{"start":{"line":15,"column":32},"end":{"line":15,"column":40}}},"2":{"name":"POST","decl":{"start":{"line":20,"column":22},"end":{"line":20,"column":27}},"loc":{"start":{"line":20,"column":47},"end":{"line":83,"column":null}}}},"branchMap":{"0":{"loc":{"start":{"line":22,"column":4},"end":{"line":24,"column":null}},"type":"if","locations":[{"start":{"line":22,"column":4},"end":{"line":24,"column":null}},{"start":{},"end":{}}]},"1":{"loc":{"start":{"line":26,"column":4},"end":{"line":26,"column":null}},"type":"if","locations":[{"start":{"line":26,"column":4},"end":{"line":26,"column":null}},{"start":{},"end":{}}]},"2":{"loc":{"start":{"line":30,"column":4},"end":{"line":35,"column":null}},"type":"if","locations":[{"start":{"line":30,"column":4},"end":{"line":35,"column":null}},{"start":{},"end":{}}]},"3":{"loc":{"start":{"line":43,"column":4},"end":{"line":46,"column":null}},"type":"if","locations":[{"start":{"line":43,"column":4},"end":{"line":46,"column":null}},{"start":{},"end":{}}]},"4":{"loc":{"start":{"line":47,"column":4},"end":{"line":49,"column":null}},"type":"if","locations":[{"start":{"line":47,"column":4},"end":{"line":49,"column":null}},{"start":{},"end":{}}]},"5":{"loc":{"start":{"line":47,"column":8},"end":{"line":47,"column":38}},"type":"binary-expr","locations":[{"start":{"line":47,"column":8},"end":{"line":47,"column":18}},{"start":{"line":47,"column":18},"end":{"line":47,"column":38}}]},"6":{"loc":{"start":{"line":63,"column":4},"end":{"line":66,"column":null}},"type":"if","locations":[{"start":{"line":63,"column":4},"end":{"line":66,"column":null}},{"start":{},"end":{}}]},"7":{"loc":{"start":{"line":74,"column":4},"end":{"line":76,"column":null}},"type":"if","locations":[{"start":{"line":74,"column":4},"end":{"line":76,"column":null}},{"start":{},"end":{}}]}},"s":{"0":0,"1":0,"2":0,"3":0,"4":0,"5":0,"6":0,"7":0,"8":0,"9":0,"10":0,"11":0,"12":0,"13":0,"14":0,"15":0,"16":0,"17":0,"18":0,"19":0,"20":0,"21":0,"22":0,"23":0,"24":0,"25":0,"26":0,"27":0,"28":0,"29":0,"30":0,"31":0,"32":0,"33":0,"34":0,"35":0,"36":0,"37":0,"38":0,"39":0,"40":0,"41":0,"42":0},"f":{"0":0,"1":0,"2":0},"b":{"0":[0,0],"1":[0,0],"2":[0,0],"3":[0,0],"4":[0,0],"5":[0,0],"6":[0,0],"7":[0,0]}}
,"/Users/yassraasim/mrayyanasim/am-tycoons-inc-updated-code/car-dealership/app/api/admin/login-start/route.ts": {"path":"/Users/yassraasim/mrayyanasim/am-tycoons-inc-updated-code/car-dealership/app/api/admin/login-start/route.ts","statementMap":{"0":{"start":{"line":31,"column":22},"end":{"line":31,"column":27}},"1":{"start":{"line":1,"column":42},"end":{"line":1,"column":null}},"2":{"start":{"line":2,"column":18},"end":{"line":2,"column":null}},"3":{"start":{"line":3,"column":19},"end":{"line":3,"column":null}},"4":{"start":{"line":4,"column":30},"end":{"line":4,"column":null}},"5":{"start":{"line":5,"column":32},"end":{"line":5,"column":null}},"6":{"start":{"line":6,"column":56},"end":{"line":6,"column":null}},"7":{"start":{"line":7,"column":21},"end":{"line":7,"column":null}},"8":{"start":{"line":14,"column":20},"end":{"line":19,"column":null}},"9":{"start":{"line":21,"column":14},"end":{"line":21,"column":null}},"10":{"start":{"line":24,"column":16},"end":{"line":24,"column":null}},"11":{"start":{"line":25,"column":2},"end":{"line":25,"column":null}},"12":{"start":{"line":26,"column":2},"end":{"line":26,"column":null}},"13":{"start":{"line":26,"column":32},"end":{"line":26,"column":40}},"14":{"start":{"line":32,"column":2},"end":{"line":147,"column":null}},"15":{"start":{"line":33,"column":4},"end":{"line":35,"column":null}},"16":{"start":{"line":34,"column":6},"end":{"line":34,"column":null}},"17":{"start":{"line":36,"column":20},"end":{"line":36,"column":null}},"18":{"start":{"line":37,"column":4},"end":{"line":37,"column":null}},"19":{"start":{"line":37,"column":17},"end":{"line":37,"column":null}},"20":{"start":{"line":39,"column":17},"end":{"line":39,"column":null}},"21":{"start":{"line":40,"column":19},"end":{"line":40,"column":null}},"22":{"start":{"line":41,"column":4},"end":{"line":46,"column":null}},"23":{"start":{"line":42,"column":6},"end":{"line":44,"column":null}},"24":{"start":{"line":48,"column":18},"end":{"line":48,"column":null}},"25":{"start":{"line":49,"column":21},"end":{"line":49,"column":41}},"26":{"start":{"line":53,"column":21},"end":{"line":53,"column":null}},"27":{"start":{"line":54,"column":22},"end":{"line":54,"column":null}},"28":{"start":{"line":55,"column":4},"end":{"line":57,"column":null}},"29":{"start":{"line":56,"column":6},"end":{"line":56,"column":null}},"30":{"start":{"line":60,"column":44},"end":{"line":64,"column":null}},"31":{"start":{"line":65,"column":4},"end":{"line":68,"column":null}},"32":{"start":{"line":66,"column":6},"end":{"line":66,"column":null}},"33":{"start":{"line":67,"column":6},"end":{"line":67,"column":null}},"34":{"start":{"line":69,"column":4},"end":{"line":71,"column":null}},"35":{"start":{"line":70,"column":6},"end":{"line":70,"column":null}},"36":{"start":{"line":72,"column":21},"end":{"line":72,"column":29}},"37":{"start":{"line":88,"column":25},"end":{"line":88,"column":null}},"38":{"start":{"line":89,"column":4},"end":{"line":92,"column":null}},"39":{"start":{"line":90,"column":24},"end":{"line":90,"column":null}},"40":{"start":{"line":91,"column":6},"end":{"line":91,"column":null}},"41":{"start":{"line":94,"column":15},"end":{"line":94,"column":null}},"42":{"start":{"line":95,"column":4},"end":{"line":110,"column":null}},"43":{"start":{"line":96,"column":26},"end":{"line":96,"column":null}},"44":{"start":{"line":97,"column":31},"end":{"line":104,"column":null}},"45":{"start":{"line":105,"column":6},"end":{"line":105,"column":null}},"46":{"start":{"line":105,"column":17},"end":{"line":105,"column":null}},"47":{"start":{"line":106,"column":6},"end":{"line":108,"column":null}},"48":{"start":{"line":107,"column":8},"end":{"line":107,"column":null}},"49":{"start":{"line":109,"column":6},"end":{"line":109,"column":null}},"50":{"start":{"line":115,"column":17},"end":{"line":115,"column":null}},"51":{"start":{"line":116,"column":19},"end":{"line":116,"column":null}},"52":{"start":{"line":117,"column":33},"end":{"line":126,"column":null}},"53":{"start":{"line":127,"column":4},"end":{"line":130,"column":null}},"54":{"start":{"line":128,"column":6},"end":{"line":128,"column":null}},"55":{"start":{"line":129,"column":6},"end":{"line":129,"column":null}},"56":{"start":{"line":133,"column":19},"end":{"line":133,"column":46}},"57":{"start":{"line":134,"column":16},"end":{"line":138,"column":null}},"58":{"start":{"line":143,"column":4},"end":{"line":143,"column":null}},"59":{"start":{"line":145,"column":4},"end":{"line":145,"column":null}},"60":{"start":{"line":146,"column":4},"end":{"line":146,"column":null}}},"fnMap":{"0":{"name":"generateCode","decl":{"start":{"line":23,"column":9},"end":{"line":23,"column":null}},"loc":{"start":{"line":23,"column":9},"end":{"line":27,"column":null}}},"1":{"name":"(anonymous_3)","decl":{"start":{"line":26,"column":27},"end":{"line":26,"column":32}},"loc":{"start":{"line":26,"column":32},"end":{"line":26,"column":40}}},"2":{"name":"POST","decl":{"start":{"line":31,"column":22},"end":{"line":31,"column":27}},"loc":{"start":{"line":31,"column":47},"end":{"line":148,"column":null}}}},"branchMap":{"0":{"loc":{"start":{"line":33,"column":4},"end":{"line":35,"column":null}},"type":"if","locations":[{"start":{"line":33,"column":4},"end":{"line":35,"column":null}},{"start":{},"end":{}}]},"1":{"loc":{"start":{"line":37,"column":4},"end":{"line":37,"column":null}},"type":"if","locations":[{"start":{"line":37,"column":4},"end":{"line":37,"column":null}},{"start":{},"end":{}}]},"2":{"loc":{"start":{"line":41,"column":4},"end":{"line":46,"column":null}},"type":"if","locations":[{"start":{"line":41,"column":4},"end":{"line":46,"column":null}},{"start":{},"end":{}}]},"3":{"loc":{"start":{"line":53,"column":21},"end":{"line":53,"column":null}},"type":"binary-expr","locations":[{"start":{"line":53,"column":21},"end":{"line":53,"column":63}},{"start":{"line":53,"column":63},"end":{"line":53,"column":73}},{"start":{"line":53,"column":77},"end":{"line":53,"column":null}}]},"4":{"loc":{"start":{"line":55,"column":4},"end":{"line":57,"column":null}},"type":"if","locations":[{"start":{"line":55,"column":4},"end":{"line":57,"column":null}},{"start":{},"end":{}}]},"5":{"loc":{"start":{"line":65,"column":4},"end":{"line":68,"column":null}},"type":"if","locations":[{"start":{"line":65,"column":4},"end":{"line":68,"column":null}},{"start":{},"end":{}}]},"6":{"loc":{"start":{"line":69,"column":4},"end":{"line":71,"column":null}},"type":"if","locations":[{"start":{"line":69,"column":4},"end":{"line":71,"column":null}},{"start":{},"end":{}}]},"7":{"loc":{"start":{"line":69,"column":8},"end":{"line":69,"column":38}},"type":"binary-expr","locations":[{"start":{"line":69,"column":8},"end":{"line":69,"column":18}},{"start":{"line":69,"column":18},"end":{"line":69,"column":38}}]},"8":{"loc":{"start":{"line":88,"column":25},"end":{"line":88,"column":null}},"type":"cond-expr","locations":[{"start":{"line":88,"column":50},"end":{"line":88,"column":85}},{"start":{"line":88,"column":85},"end":{"line":88,"column":null}}]},"9":{"loc":{"start":{"line":89,"column":4},"end":{"line":92,"column":null}},"type":"if","locations":[{"start":{"line":89,"column":4},"end":{"line":92,"column":null}},{"start":{},"end":{}}]},"10":{"loc":{"start":{"line":89,"column":8},"end":{"line":89,"column":51}},"type":"binary-expr","locations":[{"start":{"line":89,"column":8},"end":{"line":89,"column":24}},{"start":{"line":89,"column":24},"end":{"line":89,"column":51}}]},"11":{"loc":{"start":{"line":95,"column":4},"end":{"line":110,"column":null}},"type":"if","locations":[{"start":{"line":95,"column":4},"end":{"line":110,"column":null}},{"start":{},"end":{}}]},"12":{"loc":{"start":{"line":96,"column":27},"end":{"line":96,"column":59}},"type":"binary-expr","locations":[{"start":{"line":96,"column":27},"end":{"line":96,"column":50}},{"start":{"line":96,"column":54},"end":{"line":96,"column":59}}]},"13":{"loc":{"start":{"line":101,"column":25},"end":{"line":101,"column":null}},"type":"cond-expr","locations":[{"start":{"line":101,"column":44},"end":{"line":101,"column":98}},{"start":{"line":101,"column":98},"end":{"line":101,"column":null}}]},"14":{"loc":{"start":{"line":105,"column":6},"end":{"line":105,"column":null}},"type":"if","locations":[{"start":{"line":105,"column":6},"end":{"line":105,"column":null}},{"start":{},"end":{}}]},"15":{"loc":{"start":{"line":106,"column":6},"end":{"line":108,"column":null}},"type":"if","locations":[{"start":{"line":106,"column":6},"end":{"line":108,"column":null}},{"start":{},"end":{}}]},"16":{"loc":{"start":{"line":127,"column":4},"end":{"line":130,"column":null}},"type":"if","locations":[{"start":{"line":127,"column":4},"end":{"line":130,"column":null}},{"start":{},"end":{}}]}},"s":{"0":0,"1":0,"2":0,"3":0,"4":0,"5":0,"6":0,"7":0,"8":0,"9":0,"10":0,"11":0,"12":0,"13":0,"14":0,"15":0,"16":0,"17":0,"18":0,"19":0,"20":0,"21":0,"22":0,"23":0,"24":0,"25":0,"26":0,"27":0,"28":0,"29":0,"30":0,"31":0,"32":0,"33":0,"34":0,"35":0,"36":0,"37":0,"38":0,"39":0,"40":0,"41":0,"42":0,"43":0,"44":0,"45":0,"46":0,"47":0,"48":0,"49":0,"50":0,"51":0,"52":0,"53":0,"54":0,"55":0,"56":0,"57":0,"58":0,"59":0,"60":0},"f":{"0":0,"1":0,"2":0},"b":{"0":[0,0],"1":[0,0],"2":[0,0],"3":[0,0,0],"4":[0,0],"5":[0,0],"6":[0,0],"7":[0,0],"8":[0,0],"9":[0,0],"10":[0,0],"11":[0,0],"12":[0,0],"13":[0,0],"14":[0,0],"15":[0,0],"16":[0,0]}}
,"/Users/yassraasim/mrayyanasim/am-tycoons-inc-updated-code/car-dealership/app/api/admin/login-verify/route.ts": {"path":"/Users/yassraasim/mrayyanasim/am-tycoons-inc-updated-code/car-dealership/app/api/admin/login-verify/route.ts","statementMap":{"0":{"start":{"line":20,"column":22},"end":{"line":20,"column":27}},"1":{"start":{"line":1,"column":42},"end":{"line":1,"column":null}},"2":{"start":{"line":2,"column":21},"end":{"line":2,"column":null}},"3":{"start":{"line":3,"column":18},"end":{"line":3,"column":null}},"4":{"start":{"line":4,"column":27},"end":{"line":4,"column":null}},"5":{"start":{"line":6,"column":33},"end":{"line":6,"column":null}},"6":{"start":{"line":7,"column":30},"end":{"line":7,"column":null}},"7":{"start":{"line":8,"column":56},"end":{"line":8,"column":null}},"8":{"start":{"line":14,"column":21},"end":{"line":18,"column":null}},"9":{"start":{"line":21,"column":2},"end":{"line":172,"column":null}},"10":{"start":{"line":22,"column":4},"end":{"line":24,"column":null}},"11":{"start":{"line":23,"column":6},"end":{"line":23,"column":null}},"12":{"start":{"line":26,"column":18},"end":{"line":26,"column":null}},"13":{"start":{"line":27,"column":20},"end":{"line":27,"column":null}},"14":{"start":{"line":28,"column":4},"end":{"line":28,"column":null}},"15":{"start":{"line":28,"column":17},"end":{"line":28,"column":null}},"16":{"start":{"line":29,"column":17},"end":{"line":29,"column":null}},"17":{"start":{"line":30,"column":19},"end":{"line":30,"column":null}},"18":{"start":{"line":31,"column":4},"end":{"line":36,"column":null}},"19":{"start":{"line":32,"column":6},"end":{"line":34,"column":null}},"20":{"start":{"line":38,"column":18},"end":{"line":38,"column":null}},"21":{"start":{"line":39,"column":22},"end":{"line":39,"column":38}},"22":{"start":{"line":40,"column":17},"end":{"line":40,"column":null}},"23":{"start":{"line":41,"column":21},"end":{"line":41,"column":41}},"24":{"start":{"line":43,"column":44},"end":{"line":47,"column":null}},"25":{"start":{"line":48,"column":4},"end":{"line":51,"column":null}},"26":{"start":{"line":49,"column":6},"end":{"line":49,"column":null}},"27":{"start":{"line":50,"column":6},"end":{"line":50,"column":null}},"28":{"start":{"line":52,"column":4},"end":{"line":54,"column":null}},"29":{"start":{"line":53,"column":6},"end":{"line":53,"column":null}},"30":{"start":{"line":55,"column":21},"end":{"line":55,"column":29}},"31":{"start":{"line":65,"column":26},"end":{"line":65,"column":52}},"32":{"start":{"line":66,"column":23},"end":{"line":68,"column":null}},"33":{"start":{"line":69,"column":19},"end":{"line":69,"column":null}},"34":{"start":{"line":72,"column":4},"end":{"line":81,"column":null}},"35":{"start":{"line":83,"column":4},"end":{"line":85,"column":null}},"36":{"start":{"line":84,"column":6},"end":{"line":84,"column":null}},"37":{"start":{"line":87,"column":4},"end":{"line":89,"column":null}},"38":{"start":{"line":88,"column":6},"end":{"line":88,"column":null}},"39":{"start":{"line":91,"column":4},"end":{"line":93,"column":null}},"40":{"start":{"line":92,"column":6},"end":{"line":92,"column":null}},"41":{"start":{"line":96,"column":15},"end":{"line":96,"column":null}},"42":{"start":{"line":97,"column":15},"end":{"line":97,"column":null}},"43":{"start":{"line":98,"column":17},"end":{"line":98,"column":31}},"44":{"start":{"line":99,"column":15},"end":{"line":99,"column":null}},"45":{"start":{"line":100,"column":4},"end":{"line":102,"column":null}},"46":{"start":{"line":100,"column":17},"end":{"line":100,"column":20}},"47":{"start":{"line":101,"column":6},"end":{"line":101,"column":null}},"48":{"start":{"line":103,"column":16},"end":{"line":103,"column":84}},"49":{"start":{"li
[...]
"column":77},"end":{"line":41,"column":null}}]},"3":{"loc":{"start":{"line":54,"column":4},"end":{"line":54,"column":32}},"type":"default-arg","locations":[{"start":{"line":54,"column":30},"end":{"line":54,"column":32}}]},"4":{"loc":{"start":{"line":64,"column":19},"end":{"line":64,"column":57}},"type":"binary-expr","locations":[{"start":{"line":64,"column":19},"end":{"line":64,"column":33}},{"start":{"line":64,"column":37},"end":{"line":64,"column":57}}]},"5":{"loc":{"start":{"line":76,"column":19},"end":{"line":76,"column":46}},"type":"binary-expr","locations":[{"start":{"line":76,"column":19},"end":{"line":76,"column":40}},{"start":{"line":76,"column":44},"end":{"line":76,"column":46}}]},"6":{"loc":{"start":{"line":77,"column":19},"end":{"line":77,"column":null}},"type":"binary-expr","locations":[{"start":{"line":77,"column":19},"end":{"line":77,"column":43}},{"start":{"line":77,"column":47},"end":{"line":77,"column":null}}]},"7":{"loc":{"start":{"line":81,"column":4},"end":{"line":86,"column":null}},"type":"if","locations":[{"start":{"line":81,"column":4},"end":{"line":86,"column":null}},{"start":{},"end":{}}]},"8":{"loc":{"start":{"line":125,"column":6},"end":{"line":127,"column":null}},"type":"if","locations":[{"start":{"line":125,"column":6},"end":{"line":127,"column":null}},{"start":{},"end":{}}]},"9":{"loc":{"start":{"line":149,"column":6},"end":{"line":151,"column":null}},"type":"if","locations":[{"start":{"line":149,"column":6},"end":{"line":151,"column":null}},{"start":{},"end":{}}]},"10":{"loc":{"start":{"line":155,"column":6},"end":{"line":157,"column":null}},"type":"if","locations":[{"start":{"line":155,"column":6},"end":{"line":157,"column":null}},{"start":{},"end":{}}]},"11":{"loc":{"start":{"line":199,"column":4},"end":{"line":201,"column":null}},"type":"if","locations":[{"start":{"line":199,"column":4},"end":{"line":201,"column":null}},{"start":{},"end":{}}]},"12":{"loc":{"start":{"line":223,"column":6},"end":{"line":225,"column":null}},"type":"if","locations":[{"start":{"line":223,"column":6},"end":{"line":225,"column":null}},{"start":{},"end":{}}]},"13":{"loc":{"start":{"line":223,"column":10},"end":{"line":223,"column":50}},"type":"binary-expr","locations":[{"start":{"line":223,"column":10},"end":{"line":223,"column":21}},{"start":{"line":223,"column":21},"end":{"line":223,"column":50}}]},"14":{"loc":{"start":{"line":237,"column":6},"end":{"line":239,"column":null}},"type":"if","locations":[{"start":{"line":237,"column":6},"end":{"line":239,"column":null}},{"start":{},"end":{}}]},"15":{"loc":{"start":{"line":237,"column":10},"end":{"line":237,"column":50}},"type":"binary-expr","locations":[{"start":{"line":237,"column":10},"end":{"line":237,"column":21}},{"start":{"line":237,"column":21},"end":{"line":237,"column":50}}]},"16":{"loc":{"start":{"line":249,"column":6},"end":{"line":249,"column":null}},"type":"if","locations":[{"start":{"line":249,"column":6},"end":{"line":249,"column":null}},{"start":{},"end":{}}]},"17":{"loc":{"start":{"line":249,"column":10},"end":{"line":249,"column":34}},"type":"binary-expr","locations":[{"start":{"line":249,"column":10},"end":{"line":249,"column":22}},{"start":{"line":249,"column":22},"end":{"line":249,"column":34}}]},"18":{"loc":{"start":{"line":262,"column":22},"end":{"line":262,"column":null}},"type":"binary-expr","locations":[{"start":{"line":262,"column":22},"end":{"line":262,"column":59}},{"start":{"line":262,"column":59},"end":{"line":262,"column":null}}]},"19":{"loc":{"start":{"line":263,"column":15},"end":{"line":263,"column":null}},"type":"binary-expr","locations":[{"start":{"line":263,"column":15},"end":{"line":263,"column":25}},{"start":{"line":263,"column":29},"end":{"line":263,"column":71}},{"start":{"line":263,"column":71},"end":{"line":263,"column":null}}]},"20":{"loc":{"start":{"line":291,"column":4},"end":{"line":301,"column":null}},"type":"if","locations":[{"start":{"line":291,"column":4},"end":{"line":301,"column":null}},{"start":{},"end":{}}]},"21":{"loc":{"start":{"line":313,"column":6},"end":{"line":320,"column":null}},"type":"if","locations":[{"start":{"line":313,"column":6},"end":{"line":320,"column":null}},{"start":{},"end":{}}]},"22":{"loc":{"start":{"line":316,"column":8},"end":{"line":319,"column":null}},"type":"if","locations":[{"start":{"line":316,"column":8},"end":{"line":319,"column":null}},{"start":{},"end":{}}]},"23":{"loc":{"start":{"line":323,"column":4},"end":{"line":325,"column":null}},"type":"if","locations":[{"start":{"line":323,"column":4},"end":{"line":325,"column":null}},{"start":{},"end":{}}]},"24":{"loc":{"start":{"line":346,"column":6},"end":{"line":358,"column":null}},"type":"if","locations":[{"start":{"line":346,"column":6},"end":{"line":358,"column":null}},{"start":{},"end":{}}]},"25":{"loc":{"start":{"line":349,"column":8},"end":{"line":351,"column":null}},"type":"if","locations":[{"start":{"line":349,"column":8},"end":{"line":351,"column":null}},{"start":{},"end":{}}]},"26":{"loc":{"start":{"line":353,"column":8},"end":{"line":355,"column":null}},"type":"if","locations":[{"start":{"line":353,"column":8},"end":{"line":355,"column":null}},{"start":{},"end":{}}]},"27":{"loc":{"start":{"line":357,"column":46},"end":{"line":357,"column":89}},"type":"binary-expr","locations":[{"start":{"line":357,"column":46},"end":{"line":357,"column":80}},{"start":{"line":357,"column":84},"end":{"line":357,"column":89}}]},"28":{"loc":{"start":{"line":366,"column":64},"end":{"line":366,"column":100}},"type":"default-arg","locations":[{"start":{"line":366,"column":81},"end":{"line":366,"column":100}}]}},"s":{"0":0,"1":0,"2":0,"3":0,"4":0,"5":0,"6":0,"7":0,"8":0,"9":0,"10":0,"11":0,"12":0,"13":0,"14":0,"15":0,"16":0,"17":0,"18":0,"19":0,"20":0,"21":0,"22":0,"23":0,"24":0,"25":0,"26":0,"27":0,"28":0,"29":0,"30":0,"31":0,"32":0,"33":0,"34":0,"35":0,"36":0,"37":0,"38":0,"39":0,"40":0,"41":0,"42":0,"43":0,"44":0,"45":0,"46":0,"47":0,"48":0,"49":0,"50":0,"51":0,"52":0,"53":0,"54":0,"55":0,"56":0,"57":0,"58":0,"59":0,"60":0,"61":0,"62":0,"63":0,"64":0,"65":0,"66":0,"67":0,"68":0,"69":0,"70":0,"71":0,"72":0,"73":0,"74":0,"75":0,"76":0,"77":0,"78":0,"79":0,"80":0,"81":0,"82":0,"83":0,"84":0,"85":0,"86":0,"87":0,"88":0,"89":0,"90":0,"91":0,"92":0,"93":0,"94":0,"95":0,"96":0,"97":0,"98":0,"99":0,"100":0,"101":0,"102":0,"103":0,"104":0,"105":0,"106":0,"107":0,"108":0,"109":0,"110":0,"111":0,"112":0,"113":0,"114":0,"115":0,"116":0,"117":0,"118":0,"119":0,"120":0,"121":0,"122":0,"123":0,"124":0,"125":0,"126":0,"127":0,"128":0,"129":0},"f":{"0":0,"1":0,"2":0,"3":0,"4":0,"5":0,"6":0,"7":0,"8":0,"9":0,"10":0,"11":0,"12":0,"13":0,"14":0,"15":0,"16":0,"17":0},"b":{"0":[0,0],"1":[0,0],"2":[0,0],"3":[0],"4":[0,0],"5":[0,0],"6":[0,0],"7":[0,0],"8":[0,0],"9":[0,0],"10":[0,0],"11":[0,0],"12":[0,0],"13":[0,0],"14":[0,0],"15":[0,0],"16":[0,0],"17":[0,0],"18":[0,0],"19":[0,0,0],"20":[0,0],"21":[0,0],"22":[0,0],"23":[0,0],"24":[0,0],"25":[0,0],"26":[0,0],"27":[0,0],"28":[0]}}
,"/Users/yassraasim/mrayyanasim/am-tycoons-inc-updated-code/car-dealership/lib/security/session-store.ts": {"path":"/Users/yassraasim/mrayyanasim/am-tycoons-inc-updated-code/car-dealership/lib/security/session-store.ts","statementMap":{"0":{"start":{"line":76,"column":22},"end":{"line":76,"column":null}},"1":{"start":{"line":1,"column":22},"end":{"line":1,"column":null}},"2":{"start":{"line":13,"column":14},"end":{"line":13,"column":null}},"3":{"start":{"line":14,"column":4},"end":{"line":14,"column":null}},"4":{"start":{"line":17,"column":16},"end":{"line":17,"column":null}},"5":{"start":{"line":18,"column":4},"end":{"line":18,"column":null}},"6":{"start":{"line":21,"column":4},"end":{"line":21,"column":null}},"7":{"start":{"line":24,"column":4},"end":{"line":24,"column":null}},"8":{"start":{"line":24,"column":41},"end":{"line":24,"column":null}},"9":{"start":{"line":11,"column":10},"end":{"line":11,"column":null}},"10":{"start":{"line":32,"column":4},"end":{"line":32,"column":null}},"11":{"start":{"line":33,"column":4},"end":{"line":33,"column":null}},"12":{"start":{"line":37,"column":16},"end":{"line":42,"column":null}},"13":{"start":{"line":43,"column":18},"end":{"line":43,"column":null}},"14":{"start":{"line":43,"column":48},"end":{"line":43,"column":null}},"15":{"start":{"line":44,"column":4},"end":{"line":44,"column":null}},"16":{"start":{"line":48,"column":17},"end":{"line":48,"column":null}},"17":{"start":{"line":49,"column":4},"end":{"line":49,"column":null}},"18":{"start":{"line":49,"column":42},"end":{"line":49,"column":null}},"19":{"start":{"line":50,"column":4},"end":{"line":54,"column":null}},"20":{"start":{"line":51,"column":6},"end":{"line":51,"column":null}},"21":{"start":{"line":53,"column":6},"end":{"line":53,"column":null}},"22":{"start":{"line":58,"column":20},"end":{"line":58,"column":null}},"23":{"start":{"line":59,"column":15},"end":{"line":59,"column":null}},"24":{"start":{"line":60,"column":4},"end":{"line":60,"column":null}},"25":{"start":{"line":64,"column":4},"end":{"line":64,"column":null}},"26":{"start":{"line":69,"column":18},"end":{"line":69,"column":null}},"27":{"start":{"line":70,"column":17},"end":{"line":70,"column":null}},"28":{"start":{"line":71,"column":16},"end":{"line":71,"column":89}},"29":{"start":{"line":72,"column":4},"end":{"line":72,"column":null}},"30":{"start":{"line":77,"column":19},"end":{"line":77,"column":null}},"31":{"start":{"line":78,"column":21},"end":{"line":78,"column":55}},"32":{"start":{"line":79,"column":23},"end":{"line":79,"column":59}},"33":{"start":{"line":80,"column":2},"end":{"line":82,"column":null}},"34":{"start":{"line":81,"column":4},"end":{"line":81,"column":null}},"35":{"start":{"line":83,"column":2},"end":{"line":83,"column":null}}},"fnMap":{"0":{"name":"(anonymous_2)","decl":{"start":{"line":12,"column":2},"end":{"line":12,"column":8}},"loc":{"start":{"line":12,"column":47},"end":{"line":15,"column":null}}},"1":{"name":"(anonymous_3)","decl":{"start":{"line":16,"column":2},"end":{"line":16,"column":8}},"loc":{"start":{"line":16,"column":74},"end":{"line":19,"column":null}}},"2":{"name":"(anonymous_4)","decl":{"start":{"line":20,"column":2},"end":{"line":20,"column":8}},"loc":{"start":{"line":20,"column":40},"end":{"line":22,"column":null}}},"3":{"name":"(anonymous_5)","decl":{"start":{"line":23,"column":2},"end":{"line":23,"column":8}},"loc":{"start":{"line":23,"column":45},"end":{"line":25,"column":null}}},"4":{"name":"(anonymous_6)","decl":{"start":{"line":24,"column":36},"end":{"line":24,"column":41}},"loc":{"start":{"line":24,"column":41},"end":{"line":24,"column":null}}},"5":{"name":"(anonymous_8)","decl":{"start":{"line":31,"column":2},"end":{"line":31,"column":14}},"loc":{"start":{"line":31,"column":46},"end":{"line":34,"column":null}}},"6":{"name":"(anonymous_9)","decl":{"start":{"line":36,"column":2},"end":{"line":36,"column":16}},"loc":{"start":{"line":36,"column":80},"end":{"line":45,"column":null}}},"7":{"name":"(anonymous_10)","decl":{"start":{"line":43,"column":41},"end":{"line":43,"column":48}},"loc":{"start":{"line":43,"column":48},"end":{"line":43,"column":null}}},"8":{"name":"(anonymous_11)","decl":{"start":{"line":47,"column":2},"end":{"line":47,"column":8}},"loc":{"start":{"line":47,"column":47},"end":{"line":55,"column":null}}},"9":{"name":"(anonymous_12)","decl":{"start":{"line":57,"column":2},"end":{"line":57,"column":8}},"loc":{"start":{"line":57,"column":74},"end":{"line":61,"column":null}}},"10":{"name":"(anonymous_13)","decl":{"start":{"line":63,"column":2},"end":{"line":63,"column":8}},"loc":{"start":{"line":63,"column":40},"end":{"line":65,"column":null}}},"11":{"name":"(anonymous_14)","decl":{"start":{"line":67,"column":2},"end":{"line":67,"column":8}},"loc":{"start":{"line":67,"column":45},"end":{"line":73,"column":null}}},"12":{"name":"createStore","decl":{"start":{"line":76,"column":22},"end":{"line":76,"column":null}},"loc":{"start":{"line":76,"column":22},"end":{"line":84,"column":null}}}},"branchMap":{"0":{"loc":{"start":{"line":14,"column":11},"end":{"line":14,"column":null}},"type":"binary-expr","locations":[{"start":{"line":14,"column":11},"end":{"line":14,"column":22}},{"start":{"line":14,"column":23},"end":{"line":14,"column":null}}]},"1":{"loc":{"start":{"line":17,"column":16},"end":{"line":17,"column":null}},"type":"cond-expr","locations":[{"start":{"line":17,"column":49},"end":{"line":17,"column":62}},{"start":{"line":17,"column":62},"end":{"line":17,"column":null}}]},"2":{"loc":{"start":{"line":23,"column":13},"end":{"line":23,"column":24}},"type":"default-arg","locations":[{"start":{"line":23,"column":22},"end":{"line":23,"column":24}}]},"3":{"loc":{"start":{"line":49,"column":4},"end":{"line":49,"column":null}},"type":"if","locations":[{"start":{"line":49,"column":4},"end":{"line":49,"column":null}},{"start":{},"end":{}}]},"4":{"loc":{"start":{"line":59,"column":15},"end":{"line":59,"column":null}},"type":"cond-expr","locations":[{"start":{"line":59,"column":46},"end":{"line":59,"column":65}},{"start":{"line":59,"column":68},"end":{"line":59,"column":null}}]},"5":{"loc":{"start":{"line":59,"column":15},"end":{"line":59,"column":46}},"type":"binary-expr","locations":[{"start":{"line":59,"column":15},"end":{"line":59,"column":29}},{"start":{"line":59,"column":29},"end":{"line":59,"column":46}}]},"6":{"loc":{"start":{"line":67,"column":13},"end":{"line":67,"column":24}},"type":"default-arg","locations":[{"start":{"line":67,"column":22},"end":{"line":67,"column":24}}]},"7":{"loc":{"start":{"line":71,"column":16},"end":{"line":71,"column":89}},"type":"cond-expr","locations":[{"start":{"line":71,"column":46},"end":{"line":71,"column":84}},{"start":{"line":71,"column":87},"end":{"line":71,"column":89}}]},"8":{"loc":{"start":{"line":80,"column":2},"end":{"line":82,"column":null}},"type":"if","locations":[{"start":{"line":80,"column":2},"end":{"line":82,"column":null}},{"start":{},"end":{}}]},"9":{"loc":{"start":{"line":80,"column":6},"end":{"line":80,"column":46}},"type":"binary-expr","locations":[{"start":{"line":80,"column":6},"end":{"line":80,"column":18}},{"start":{"line":80,"column":18},"end":{"line":80,"column":32}},{"start":{"line":80,"column":32},"end":{"line":80,"column":46}}]}},"s":{"0":0,"1":0,"2":0,"3":0,"4":0,"5":0,"6":0,"7":0,"8":0,"9":0,"10":0,"11":0,"12":0,"13":0,"14":0,"15":0,"16":0,"17":0,"18":0,"19":0,"20":0,"21":0,"22":0,"23":0,"24":0,"25":0,"26":0,"27":0,"28":0,"29":0,"30":0,"31":0,"32":0,"33":0,"34":0,"35":0},"f":{"0":0,"1":0,"2":0,"3":0,"4":0,"5":0,"6":0,"7":0,"8":0,"9":0,"10":0,"11":0,"12":0},"b":{"0":[0,0],"1":[0,0],"2":[0],"3":[0,0],"4":[0,0],"5":[0,0],"6":[0],"7":[0,0],"8":[0,0],"9":[0,0,0]}}
,"/Users/yassraasim/mrayyanasim/am-tycoons-inc-updated-code/car-dealership/lib/supabase/admin.ts": {"path":"/Users/yassraasim/mrayyanasim/am-tycoons-inc-updated-code/car-dealership/lib/supabase/admin.ts","statementMap":{"0":{"start":{"line":22,"column":16},"end":{"line":22,"column":32}},"1":{"start":{"line":30,"column":13},"end":{"line":30,"column":26}},"2":{"start":{"line":1,"column":29},"end":{"line":1,"column":null}},"3":{"start":{"line":6,"column":59},"end":{"line":6,"column":null}},"4":{"start":{"line":9,"column":22},"end":{"line":9,"column":58}},"5":{"start":{"line":10,"column":25},"end":{"line":10,"column":62}},"6":{"start":{"line":11,"column":2},"end":{"line":13,"column":null}},"7":{"start":{"line":12,"column":4},"end":{"line":12,"column":null}},"8":{"start":{"line":14,"column":2},"end":{"line":19,"column":null}},"9":{"start":{"line":23,"column":2},"end":{"line":25,"column":null}},"10":{"start":{"line":24,"column":4},"end":{"line":24,"column":null}},"11":{"start":{"line":26,"column":2},"end":{"line":26,"column":null}},"12":{"start":{"line":30,"column":29},"end":{"line":47,"column":null}},"13":{"start":{"line":32,"column":4},"end":{"line":44,"column":null}},"14":{"start":{"line":33,"column":6},"end":{"line":43,"column":null}},"15":{"start":{"line":34,"column":8},"end":{"line":34,"column":null}},"16":{"start":{"line":37,"column":8},"end":{"line":40,"column":null}},"17":{"start":{"line":39,"column":10},"end":{"line":39,"column":null}},"18":{"start":{"line":42,"column":8},"end":{"line":42,"column":null}},"19":{"start":{"line":45,"column":4},"end":{"line":45,"column":null}}},"fnMap":{"0":{"name":"instantiate","decl":{"start":{"line":8,"column":9},"end":{"line":8,"column":null}},"loc":{"start":{"line":8,"column":9},"end":{"line":20,"column":null}}},"1":{"name":"getSupabaseAdmin","decl":{"start":{"line":22,"column":16},"end":{"line":22,"column":32}},"loc":{"start":{"line":22,"column":16},"end":{"line":27,"column":null}}},"2":{"name":"(anonymous_5)","decl":{"start":{"line":31,"column":2},"end":{"line":31,"column":6}},"loc":{"start":{"line":31,"column":29},"end":{"line":46,"column":null}}}},"branchMap":{"0":{"loc":{"start":{"line":11,"column":2},"end":{"line":13,"column":null}},"type":"if","locations":[{"start":{"line":11,"column":2},"end":{"line":13,"column":null}},{"start":{},"end":{}}]},"1":{"loc":{"start":{"line":11,"column":6},"end":{"line":11,"column":39}},"type":"binary-expr","locations":[{"start":{"line":11,"column":6},"end":{"line":11,"column":22}},{"start":{"line":11,"column":22},"end":{"line":11,"column":39}}]},"2":{"loc":{"start":{"line":23,"column":2},"end":{"line":25,"column":null}},"type":"if","locations":[{"start":{"line":23,"column":2},"end":{"line":25,"column":null}},{"start":{},"end":{}}]},"3":{"loc":{"start":{"line":32,"column":4},"end":{"line":44,"column":null}},"type":"if","locations":[{"start":{"line":32,"column":4},"end":{"line":44,"column":null}},{"start":{},"end":{}}]},"4":{"loc":{"start":{"line":37,"column":8},"end":{"line":40,"column":null}},"type":"if","locations":[{"start":{"line":37,"column":8},"end":{"line":40,"column":null}},{"start":{},"end":{}}]}},"s":{"0":0,"1":0,"2":0,"3":0,"4":0,"5":0,"6":0,"7":0,"8":0,"9":0,"10":0,"11":0,"12":0,"13":0,"14":0,"15":0,"16":0,"17":0,"18":0,"19":0},"f":{"0":0,"1":0,"2":0},"b":{"0":[0,0],"1":[0,0],"2":[0,0],"3":[0,0],"4":[0,0]}}
,"/Users/yassraasim/mrayyanasim/am-tycoons-inc-updated-code/car-dealership/lib/supabase/client.ts": {"path":"/Users/yassraasim/mrayyanasim/am-tycoons-inc-updated-code/car-dealership/lib/supabase/client.ts","statementMap":{"0":{"start":{"line":17,"column":13},"end":{"line":17,"column":30}},"1":{"start":{"line":1,"column":29},"end":{"line":1,"column":null}},"2":{"start":{"line":6,"column":20},"end":{"line":6,"column":56}},"3":{"start":{"line":7,"column":16},"end":{"line":7,"column":57}},"4":{"start":{"line":9,"column":0},"end":{"line":15,"column":null}},"5":{"start":{"line":11,"column":2},"end":{"line":14,"column":null}},"6":{"start":{"line":13,"column":4},"end":{"line":13,"column":null}},"7":{"start":{"line":17,"column":30},"end":{"line":22,"column":null}}},"fnMap":{},"branchMap":{"0":{"loc":{"start":{"line":9,"column":0},"end":{"line":15,"column":null}},"type":"if","locations":[{"start":{"line":9,"column":0},"end":{"line":15,"column":null}},{"start":{},"end":{}}]},"1":{"loc":{"start":{"line":9,"column":4},"end":{"line":9,"column":30}},"type":"binary-expr","locations":[{"start":{"line":9,"column":4},"end":{"line":9,"column":20}},{"start":{"line":9,"column":20},"end":{"line":9,"column":30}}]},"2":{"loc":{"start":{"line":11,"column":2},"end":{"line":14,"column":null}},"type":"if","locations":[{"start":{"line":11,"column":2},"end":{"line":14,"column":null}},{"start":{},"end":{}}]},"3":{"loc":{"start":{"line":17,"column":43},"end":{"line":17,"column":62}},"type":"binary-expr","locations":[{"start":{"line":17,"column":43},"end":{"line":17,"column":58}},{"start":{"line":17,"column":58},"end":{"line":17,"column":62}}]},"4":{"loc":{"start":{"line":17,"column":62},"end":{"line":17,"column":77}},"type":"binary-expr","locations":[{"start":{"line":17,"column":62},"end":{"line":17,"column":73}},{"start":{"line":17,"column":73},"end":{"line":17,"column":77}}]}},"s":{"0":0,"1":0,"2":0,"3":0,"4":0,"5":0,"6":0,"7":0},"f":{},"b":{"0":[0,0],"1":[0,0],"2":[0,0],"3":[0,0],"4":[0,0]}}
}
