TN:
SF:app/error.tsx
FN:8,Error
FN:15,(anonymous_3)
FN:46,(anonymous_4)
FNF:3
FNH:0
FNDA:0,Error
FNDA:0,(anonymous_3)
FNDA:0,(anonymous_4)
DA:3,0
DA:4,0
DA:5,0
DA:6,0
DA:8,0
DA:15,0
DA:17,0
DA:46,0
LF:8
LH:0
BRDA:33,0,0,0
BRF:1
BRH:0
end_of_record
TN:
SF:app/layout.tsx
FN:74,RootLayout
FNF:1
FNH:0
FNDA:0,RootLayout
DA:2,0
DA:3,0
DA:4,0
DA:5,0
DA:6,0
DA:7,0
DA:8,0
DA:9,0
DA:11,0
DA:12,0
DA:14,0
DA:21,0
DA:74,0
DA:79,0
LF:14
LH:0
BRDA:79,0,0,0
BRDA:79,0,1,0
BRDA:98,1,0,0
BRDA:98,1,1,0
BRDA:149,2,0,0
BRDA:149,2,1,0
BRDA:150,3,0,0
BRDA:150,3,1,0
BRF:8
BRH:0
end_of_record
TN:
SF:app/loading.tsx
FN:1,Loading
FNF:1
FNH:0
FNDA:0,Loading
DA:1,0
DA:2,0
LF:2
LH:0
BRF:0
BRH:0
end_of_record
TN:
SF:app/not-found.tsx
FN:5,NotFound
FNF:1
FNH:0
FNDA:0,NotFound
DA:1,0
DA:2,0
DA:3,0
DA:5,0
LF:4
LH:0
BRF:0
BRH:0
end_of_record
TN:
SF:app/page.tsx
FN:20,HomePage
FN:69,(anonymous_3)
FN:143,(anonymous_4)
FNF:3
FNH:0
FNDA:0,HomePage
FNDA:0,(anonymous_3)
FNDA:0,(anonymous_4)
DA:3,0
DA:4,0
DA:5,0
DA:7,0
DA:8,0
DA:9,0
DA:10,0
DA:11,0
DA:12,0
DA:20,0
DA:21,0
DA:70,0
DA:143,0
LF:13
LH:0
BRDA:21,0,0,0
BRDA:21,0,1,0
BRDA:76,1,0,0
BRDA:76,1,1,0
BRDA:77,2,0,0
BRDA:77,2,1,0
BRDA:78,3,0,0
BRDA:78,3,1,0
BRDA:79,4,0,0
BRDA:79,4,1,0
BRF:10
BRH:0
end_of_record
TN:
SF:app/about/page.tsx
FN:30,AboutPage
FNF:1
FNH:0
FNDA:0,AboutPage
DA:1,0
DA:2,0
DA:3,0
DA:6,0
DA:7,0
DA:8,0
DA:11,0
DA:12,0
DA:14,0
DA:30,0
DA:31,0
LF:11
LH:0
BRDA:31,0,0,0
BRDA:31,0,1,0
BRF:2
BRH:0
end_of_record
TN:
SF:app/admin/layout.tsx
FN:11,AdminSectionLayout
FNF:1
FNH:0
FNDA:0,AdminSectionLayout
DA:2,0
DA:4,0
DA:11,0
LF:3
LH:0
BRF:0
BRH:0
end_of_record
TN:
SF:app/admin/page.tsx
FN:6,(anonymous_5)
FN:6,(anonymous_6)
FN:6,(anonymous_7)
FN:7,(anonymous_9)
FN:7,(anonymous_10)
FN:7,(anonymous_11)
FN:10,AdminPage
FN:14,(anonymous_14)
FNF:8
FNH:0
FNDA:0,(anonymous_5)
FNDA:0,(anonymous_6)
FNDA:0,(anonymous_7)
FNDA:0,(anonymous_9)
FNDA:0,(anonymous_10)
FNDA:0,(anonymous_11)
FNDA:0,AdminPage
FNDA:0,(anonymous_14)
DA:3,0
DA:5,0
DA:6,0
DA:7,0
DA:8,0
DA:10,0
DA:11,0
DA:12,0
DA:14,0
DA:15,0
DA:16,0
DA:20,0
DA:28,0
LF:13
LH:0
BRDA:15,0,0,0
BRDA:15,0,1,0
BRDA:20,1,0,0
BRDA:20,1,1,0
BRDA:28,2,0,0
BRDA:28,2,1,0
BRF:6
BRH:0
end_of_record
TN:
SF:app/admin/analytics/loading.tsx
FN:1,Loading
FNF:1
FNH:0
FNDA:0,Loading
DA:1,0
DA:2,0
LF:2
LH:0
BRF:0
BRH:0
end_of_record
TN:
SF:app/admin/dashboard/page.tsx
FN:4,(anonymous_5)
FN:4,(anonymous_6)
FN:4,(anonymous_7)
FN:6,AdminDashboardPage
FNF:4
FNH:0
FNDA:0,(anonymous_5)
FNDA:0,(anonymous_6)
FNDA:0,(anonymous_7)
FNDA:0,AdminDashboardPage
DA:3,0
DA:4,0
DA:6,0
DA:7,0
LF:4
LH:0
BRF:0
BRH:0
end_of_record
TN:
SF:app/admin/login/page.tsx
FN:10,AdminLoginPage
FNF:1
FNH:0
FNDA:0,AdminLoginPage
DA:1,0
DA:2,0
DA:3,0
DA:5,0
DA:10,0
DA:11,0
DA:12,0
LF:7
LH:0
BRDA:11,0,0,0
BRDA:11,0,1,0
BRDA:11,1,0,0
BRDA:11,1,1,0
BRDA:15,2,0,0
BRDA:15,2,1,0
BRF:6
BRH:0
end_of_record
TN:
SF:app/api/admin/add-admin/route.ts
FN:15,POST
FNF:1
FNH:0
FNDA:0,POST
DA:1,0
DA:2,0
DA:3,0
DA:4,0
DA:5,0
DA:6,0
DA:8,0
DA:15,0
DA:16,0
DA:17,0
DA:18,0
DA:21,0
DA:22,0
DA:23,0
DA:24,0
DA:27,0
DA:28,0
DA:29,0
DA:30,0
DA:33,0
DA:36,0
DA:41,0
DA:42,0
DA:43,0
DA:45,0
DA:46,0
DA:49,0
DA:50,0
DA:65,0
DA:66,0
DA:67,0
DA:70,0
DA:72,0
DA:73,0
LF:34
LH:0
BRDA:17,0,0,0
BRDA:17,0,1,0
BRDA:22,1,0,0
BRDA:22,1,1,0
BRDA:23,2,0,0
BRDA:23,2,1,0
BRDA:23,3,0,0
BRDA:23,3,1,0
BRDA:23,3,2,0
BRDA:29,4,0,0
BRDA:29,4,1,0
BRDA:41,5,0,0
BRDA:41,5,1,0
BRDA:45,6,0,0
BRDA:45,6,1,0
BRDA:45,7,0,0
BRDA:45,7,1,0
BRDA:56,8,0,0
BRDA:56,8,1,0
BRDA:65,9,0,0
BRDA:65,9,1,0
BRDA:65,10,0,0
BRDA:65,10,1,0
BRDA:65,10,2,0
BRF:24
BRH:0
end_of_record
TN:
SF:app/api/admin/cars/route.ts
FN:45,GET
FN:59,(anonymous_6)
FN:90,POST
FN:199,PUT
FN:314,DELETE
FNF:5
FNH:0
FNDA:0,GET
FNDA:0,(anonymous_6)
FNDA:0,POST
FNDA:0,PUT
FNDA:0,DELETE
DA:1,0
DA:2,0
DA:3,0
DA:4,0
DA:5,0
DA:6,0
DA:9,0
DA:35,0
DA:42,0
DA:45,0
DA:46,0
DA:47,0
DA:48,0
DA:49,0
DA:51,0
DA:55,0
DA:58,0
DA:59,0
DA:67,0
DA:70,0
DA:72,0
DA:74,0
DA:75,0
DA:78,0
DA:79,0
DA:82,0
DA:90,0
DA:91,0
DA:92,0
DA:93,0
DA:95,0
DA:96,0
DA:97,0
DA:100,0
DA:101,0
DA:104,0
DA:106,0
DA:107,0
DA:108,0
DA:114,0
DA:117,0
DA:137,0
DA:172,0
DA:173,0
DA:176,0
DA:179,0
DA:181,0
DA:183,0
DA:184,0
DA:187,0
DA:188,0
DA:191,0
DA:199,0
DA:200,0
DA:201,0
DA:202,0
DA:204,0
DA:205,0
DA:206,0
DA:209,0
DA:210,0
DA:213,0
DA:215,0
DA:216,0
DA:217,0
DA:223,0
DA:228,0
DA:230,0
DA:236,0
DA:237,0
DA:238,0
DA:239,0
DA:240,0
DA:241,0
DA:242,0
DA:243,0
DA:244,0
DA:245,0
DA:246,0
DA:247,0
DA:248,0
DA:249,0
DA:250,0
DA:251,0
DA:252,0
DA:253,0
DA:254,0
DA:255,0
DA:258,0
DA:259,0
DA:265,0
DA:267,0
DA:273,0
DA:274,0
DA:275,0
DA:277,0
DA:278,0
DA:280,0
DA:282,0
DA:283,0
DA:284,0
DA:294,0
DA:296,0
DA:298,0
DA:299,0
DA:302,0
DA:303,0
DA:306,0
DA:314,0
DA:315,0
DA:316,0
DA:317,0
DA:319,0
DA:320,0
DA:321,0
DA:324,0
DA:325,0
DA:327,0
DA:328,0
DA:330,0
DA:331,0
DA:337,0
DA:338,0
DA:342,0
DA:343,0
DA:345,0
DA:346,0
DA:353,0
DA:355,0
DA:357,0
DA:358,0
DA:361,0
DA:362,0
DA:365,0
LF:134
LH:0
BRDA:49,0,0,0
BRDA:49,0,1,0
BRDA:55,1,0,0
BRDA:55,1,1,0
BRDA:55,2,0,0
BRDA:55,2,1,0
BRDA:58,3,0,0
BRDA:58,3,1,0
BRDA:72,4,0,0
BRDA:72,4,1,0
BRDA:74,5,0,0
BRDA:74,5,1,0
BRDA:78,6,0,0
BRDA:78,6,1,0
BRDA:92,7,0,0
BRDA:92,7,1,0
BRDA:96,8,0,0
BRDA:96,8,1,0
BRDA:96,9,0,0
BRDA:96,9,1,0
BRDA:101,10,0,0
BRDA:101,10,1,0
BRDA:107,11,0,0
BRDA:107,11,1,0
BRDA:119,12,0,0
BRDA:119,12,1,0
BRDA:120,13,0,0
BRDA:120,13,1,0
BRDA:125,14,0,0
BRDA:125,14,1,0
BRDA:127,15,0,0
BRDA:127,15,1,0
BRDA:128,16,0,0
BRDA:128,16,1,0
BRDA:155,17,0,0
BRDA:155,17,1,0
BRDA:156,18,0,0
BRDA:156,18,1,0
BRDA:172,19,0,0
BRDA:172,19,1,0
BRDA:172,20,0,0
BRDA:172,20,1,0
BRDA:172,20,2,0
BRDA:181,21,0,0
BRDA:181,21,1,0
BRDA:183,22,0,0
BRDA:183,22,1,0
BRDA:187,23,0,0
BRDA:187,23,1,0
BRDA:201,24,0,0
BRDA:201,24,1,0
BRDA:205,25,0,0
BRDA:205,25,1,0
BRDA:205,26,0,0
BRDA:205,26,1,0
BRDA:210,27,0,0
BRDA:210,27,1,0
BRDA:216,28,0,0
BRDA:216,28,1,0
BRDA:236,29,0,0
BRDA:236,29,1,0
BRDA:237,30,0,0
BRDA:237,30,1,0
BRDA:238,31,0,0
BRDA:238,31,1,0
BRDA:239,32,0,0
BRDA:239,32,1,0
BRDA:240,33,0,0
BRDA:240,33,1,0
BRDA:241,34,0,0
BRDA:241,34,1,0
BRDA:242,35,0,0
BRDA:242,35,1,0
BRDA:243,36,0,0
BRDA:243,36,1,0
BRDA:244,37,0,0
BRDA:244,37,1,0
BRDA:245,38,0,0
BRDA:245,38,1,0
BRDA:246,39,0,0
BRDA:246,39,1,0
BRDA:247,40,0,0
BRDA:247,40,1,0
BRDA:248,41,0,0
BRDA:248,41,1,0
BRDA:249,42,0,0
BRDA:249,42,1,0
BRDA:250,43,0,0
BRDA:250,43,1,0
BRDA:251,44,0,0
BRDA:251,44,1,0
BRDA:252,45,0,0
BRDA:252,45,1,0
BRDA:253,46,0,0
BRDA:253,46,1,0
BRDA:254,47,0,0
BRDA:254,47,1,0
BRDA:255,48,0,0
BRDA:255,48,1,0
BRDA:258,49,0,0
BRDA:258,49,1,0
BRDA:258,50,0,0
BRDA:258,50,1,0
BRDA:260,51,0,0
BRDA:260,51,1,0
BRDA:261,52,0,0
BRDA:261,52,1,0
BRDA:273,53,0,0
BRDA:273,53,1,0
BRDA:277,54,0,0
BRDA:277,54,1,0
BRDA:277,55,0,0
BRDA:277,55,1,0
BRDA:287,56,0,0
BRDA:287,56,1,0
BRDA:287,56,2,0
BRDA:287,56,3,0
BRDA:287,56,4,0
BRDA:296,57,0,0
BRDA:296,57,1,0
BRDA:298,58,0,0
BRDA:298,58,1,0
BRDA:302,59,0,0
BRDA:302,59,1,0
BRDA:316,60,0,0
BRDA:316,60,1,0
BRDA:320,61,0,0
BRDA:320,61,1,0
BRDA:320,62,0,0
BRDA:320,62,1,0
BRDA:325,63,0,0
BRDA:325,63,1,0
BRDA:330,64,0,0
BRDA:330,64,1,0
BRDA:342,65,0,0
BRDA:342,65,1,0
BRDA:355,66,0,0
BRDA:355,66,1,0
BRDA:357,67,0,0
BRDA:357,67,1,0
BRDA:361,68,0,0
BRDA:361,68,1,0
BRF:142
BRH:0
end_of_record
TN:
SF:app/api/admin/csrf-debug/route.ts
FN:7,POST
FN:23,GET
FNF:2
FNH:0
FNDA:0,POST
FNDA:0,GET
DA:1,0
DA:2,0
DA:4,0
DA:5,0
DA:7,0
DA:8,0
DA:9,0
DA:10,0
DA:11,0
DA:12,0
DA:19,0
DA:23,0
DA:24,0
LF:13
LH:0
BRDA:9,0,0,0
BRDA:9,0,1,0
BRDA:10,1,0,0
BRDA:10,1,1,0
BRDA:16,2,0,0
BRDA:16,2,1,0
BRDA:16,2,2,0
BRF:7
BRH:0
end_of_record
TN:
SF:app/api/admin/login/route.ts
FN:14,POST
FN:78,GET
FN:82,PUT
FN:86,DELETE
FNF:4
FNH:0
FNDA:0,POST
FNDA:0,GET
FNDA:0,PUT
FNDA:0,DELETE
DA:1,0
DA:2,0
DA:3,0
DA:7,0
DA:12,0
DA:14,0
DA:15,0
DA:16,0
DA:17,0
DA:20,0
DA:22,0
DA:23,0
DA:24,0
DA:30,0
DA:33,0
DA:35,0
DA:36,0
DA:37,0
DA:40,0
DA:41,0
DA:42,0
DA:43,0
DA:44,0
DA:45,0
DA:46,0
DA:47,0
DA:48,0
DA:49,0
DA:50,0
DA:51,0
DA:52,0
DA:53,0
DA:54,0
DA:58,0
DA:65,0
DA:78,0
DA:79,0
DA:82,0
DA:83,0
DA:86,0
DA:87,0
LF:41
LH:0
BRDA:17,0,0,0
BRDA:17,0,1,0
BRDA:23,1,0,0
BRDA:23,1,1,0
BRDA:35,2,0,0
BRDA:35,2,1,0
BRDA:40,3,0,0
BRDA:40,3,1,0
BRDA:40,4,0,0
BRDA:40,4,1,0
BRDA:42,5,0,0
BRDA:42,5,1,0
BRDA:45,6,0,0
BRDA:45,6,1,0
BRDA:48,7,0,0
BRDA:48,7,1,0
BRDA:50,8,0,0
BRDA:50,8,1,0
BRDA:52,9,0,0
BRDA:52,9,1,0
BRDA:68,10,0,0
BRDA:68,10,1,0
BRDA:69,11,0,0
BRDA:69,11,1,0
BRDA:70,12,0,0
BRDA:70,12,1,0
BRF:26
BRH:0
end_of_record
TN:
SF:app/api/admin/login-resend/route.ts
FN:12,generateCode
FN:15,(anonymous_2)
FN:20,POST
FNF:3
FNH:0
FNDA:0,generateCode
FNDA:0,(anonymous_2)
FNDA:0,POST
DA:1,0
DA:2,0
DA:3,0
DA:4,0
DA:5,0
DA:8,0
DA:13,0
DA:14,0
DA:15,0
DA:18,0
DA:20,0
DA:21,0
DA:22,0
DA:23,0
DA:25,0
DA:26,0
DA:28,0
DA:29,0
DA:30,0
DA:31,0
DA:37,0
DA:38,0
DA:43,0
DA:44,0
DA:45,0
DA:47,0
DA:48,0
DA:50,0
DA:52,0
DA:53,0
DA:55,0
DA:63,0
DA:64,0
DA:65,0
DA:68,0
DA:69,0
DA:74,0
DA:75,0
DA:78,0
DA:80,0
DA:81,0
LF:41
LH:0
BRDA:22,0,0,0
BRDA:22,0,1,0
BRDA:26,1,0,0
BRDA:26,1,1,0
BRDA:30,2,0,0
BRDA:30,2,1,0
BRDA:43,3,0,0
BRDA:43,3,1,0
BRDA:47,4,0,0
BRDA:47,4,1,0
BRDA:47,5,0,0
BRDA:47,5,1,0
BRDA:63,6,0,0
BRDA:63,6,1,0
BRDA:74,7,0,0
BRDA:74,7,1,0
BRF:16
BRH:0
end_of_record
TN:
SF:app/api/admin/login-start/route.ts
FN:23,generateCode
FN:26,(anonymous_3)
FN:31,POST
FNF:3
FNH:0
FNDA:0,generateCode
FNDA:0,(anonymous_3)
FNDA:0,POST
DA:1,0
DA:2,0
DA:3,0
DA:4,0
DA:5,0
DA:6,0
DA:7,0
DA:14,0
DA:21,0
DA:24,0
DA:25,0
DA:26,0
DA:31,0
DA:32,0
DA:33,0
DA:34,0
DA:36,0
DA:37,0
DA:39,0
DA:40,0
DA:41,0
DA:42,0
DA:48,0
DA:49,0
DA:53,0
DA:54,0
DA:55,0
DA:56,0
DA:60,0
DA:66,0
DA:67,0
DA:68,0
DA:70,0
DA:71,0
DA:73,0
DA:89,0
DA:90,0
DA:91,0
DA:92,0
DA:95,0
DA:96,0
DA:97,0
DA:98,0
DA:106,0
DA:107,0
DA:108,0
DA:110,0
DA:116,0
DA:117,0
DA:118,0
DA:130,0
DA:131,0
DA:132,0
DA:136,0
DA:137,0
DA:146,0
DA:148,0
DA:149,0
LF:58
LH:0
BRDA:33,0,0,0
BRDA:33,0,1,0
BRDA:37,1,0,0
BRDA:37,1,1,0
BRDA:41,2,0,0
BRDA:41,2,1,0
BRDA:53,3,0,0
BRDA:53,3,1,0
BRDA:53,3,2,0
BRDA:55,4,0,0
BRDA:55,4,1,0
BRDA:66,5,0,0
BRDA:66,5,1,0
BRDA:70,6,0,0
BRDA:70,6,1,0
BRDA:70,7,0,0
BRDA:70,7,1,0
BRDA:89,8,0,0
BRDA:89,8,1,0
BRDA:90,9,0,0
BRDA:90,9,1,0
BRDA:90,10,0,0
BRDA:90,10,1,0
BRDA:96,11,0,0
BRDA:96,11,1,0
BRDA:97,12,0,0
BRDA:97,12,1,0
BRDA:102,13,0,0
BRDA:102,13,1,0
BRDA:106,14,0,0
BRDA:106,14,1,0
BRDA:107,15,0,0
BRDA:107,15,1,0
BRDA:130,16,0,0
BRDA:130,16,1,0
BRDA:130,17,0,0
BRDA:130,17,1,0
BRDA:130,17,2,0
BRF:38
BRH:0
end_of_record
TN:
SF:app/api/admin/login-verify/route.ts
FN:20,POST
FN:74,(anonymous_2)
FNF:2
FNH:0
FNDA:0,POST
FNDA:0,(anonymous_2)
DA:1,0
DA:2,0
DA:3,0
DA:4,0
DA:6,0
DA:7,0
DA:8,0
DA:14,0
DA:20,0
DA:21,0
DA:22,0
DA:23,0
DA:26,0
DA:27,0
DA:28,0
DA:29,0
DA:30,0
DA:31,0
DA:32,0
DA:38,0
DA:39,0
DA:40,0
DA:41,0
DA:44,0
DA:51,0
DA:52,0
DA:53,0
DA:55,0
DA:57,0
DA:58,0
DA:73,0
DA:74,0
DA:75,0
DA:85,0
DA:86,0
DA:89,0
DA:92,0
DA:93,0
DA:102,0
DA:104,0
DA:105,0
DA:106,0
DA:107,0
DA:108,0
DA:109,0
DA:110,0
DA:111,0
DA:112,0
DA:113,0
DA:114,0
DA:115,0
DA:116,0
DA:121,0
DA:124,0
DA:125,0
DA:128,0
DA:129,0
DA:133,0
DA:134,0
DA:135,0
DA:136,0
DA:137,0
DA:138,0
DA:140,0
DA:142,0
DA:143,0
DA:145,0
DA:158,0
DA:159,0
DA:160,0
DA:162,0
DA:165,0
DA:166,0
DA:167,0
DA:171,0
DA:179,0
DA:180,0
DA:181,0
DA:188,0
DA:196,0
DA:205,0
DA:206,0
DA:208,0
DA:209,0
DA:211,0
DA:212,0
LF:86
LH:0
BRDA:22,0,0,0
BRDA:22,0,1,0
BRDA:28,1,0,0
BRDA:28,1,1,0
BRDA:31,2,0,0
BRDA:31,2,1,0
BRDA:51,3,0,0
BRDA:51,3,1,0
BRDA:52,4,0,0
BRDA:52,4,1,0
BRDA:57,5,0,0
BRDA:57,5,1,0
BRDA:57,6,0,0
BRDA:57,6,1,0
BRDA:73,7,0,0
BRDA:73,7,1,0
BRDA:74,8,0,0
BRDA:74,8,1,0
BRDA:86,9,0,0
BRDA:86,9,1,0
BRDA:86,10,0,0
BRDA:86,10,1,0
BRDA:89,11,0,0
BRDA:89,11,1,0
BRDA:92,12,0,0
BRDA:92,12,1,0
BRDA:98,13,0,0
BRDA:98,13,1,0
BRDA:102,14,0,0
BRDA:102,14,1,0
BRDA:106,15,0,0
BRDA:106,15,1,0
BRDA:108,16,0,0
BRDA:108,16,1,0
BRDA:111,17,0,0
BRDA:111,17,1,0
BRDA:114,18,0,0
BRDA:114,18,1,0
BRDA:115,19,0,0
BRDA:115,19,1,0
BRDA:115,20,0,0
BRDA:115,20,1,0
BRDA:124,21,0,0
BRDA:124,21,1,0
BRDA:124,22,0,0
BRDA:124,22,1,0
BRDA:128,23,0,0
BRDA:128,23,1,0
BRDA:133,24,0,0
BRDA:133,24,1,0
BRDA:134,25,0,0
BRDA:134,25,1,0
BRDA:134,25,2,0
BRDA:140,26,0,0
BRDA:140,26,1,0
BRDA:140,27,0,0
BRDA:140,27,1,0
BRDA:142,28,0,0
BRDA:142,28,1,0
BRDA:158,29,0,0
BRDA:158,29,1,0
BRDA:159,30,0,0
BRDA:159,30,1,0
BRDA:165,31,0,0
BRDA:165,31,1,0
BRDA:167,32,0,0
BRDA:167,32,1,0
BRDA:180,33,0,0
BRDA:180,33,1,0
BRDA:208,34,0,0
BRDA:208,34,1,0
BRDA:212,35,0,0
BRDA:212,35,1,0
BRDA:212,35,2,0
BRF:74
BRH:0
end_of_record
TN:
SF:app/api/admin/logout/route.ts
FN:6,POST
FN:75,GET
FN:79,PUT
FN:83,DELETE
FNF:4
FNH:0
FNDA:0,POST
FNDA:0,GET
FNDA:0,PUT
FNDA:0,DELETE
DA:1,0
DA:2,0
DA:3,0
DA:4,0
DA:6,0
DA:7,0
DA:9,0
DA:12,0
DA:15,0
DA:22,0
DA:31,0
DA:32,0
DA:33,0
DA:34,0
DA:35,0
DA:36,0
DA:39,0
DA:40,0
DA:41,0
DA:42,0
DA:43,0
DA:48,0
DA:51,0
DA:54,0
DA:55,0
DA:62,0
DA:70,0
DA:75,0
DA:76,0
DA:79,0
DA:80,0
DA:83,0
DA:84,0
LF:33
LH:0
BRDA:33,0,0,0
BRDA:33,0,1,0
BRDA:35,1,0,0
BRDA:35,1,1,0
BRDA:35,2,0,0
BRDA:35,2,1,0
BRDA:40,3,0,0
BRDA:40,3,1,0
BRDA:42,4,0,0
BRDA:42,4,1,0
BRDA:42,5,0,0
BRDA:42,5,1,0
BRF:12
BRH:0
end_of_record
TN:
SF:app/api/admin/me/route.ts
FN:4,GET
FNF:1
FNH:0
FNDA:0,GET
DA:1,0
DA:2,0
DA:4,0
DA:5,0
DA:7,0
DA:8,0
DA:9,0
DA:10,0
DA:11,0
DA:12,0
DA:17,0
DA:18,0
DA:19,0
DA:20,0
DA:21,0
DA:22,0
DA:23,0
DA:24,0
DA:25,0
DA:26,0
DA:33,0
DA:34,0
DA:42,0
DA:48,0
DA:50,0
LF:25
LH:0
BRDA:8,0,0,0
BRDA:8,0,1,0
BRDA:10,1,0,0
BRDA:10,1,1,0
BRDA:10,2,0,0
BRDA:10,2,1,0
BRDA:18,3,0,0
BRDA:18,3,1,0
BRDA:20,4,0,0
BRDA:20,4,1,0
BRDA:20,5,0,0
BRDA:20,5,1,0
BRDA:23,6,0,0
BRDA:23,6,1,0
BRDA:25,7,0,0
BRDA:25,7,1,0
BRDA:33,8,0,0
BRDA:33,8,1,0
BRF:18
BRH:0
end_of_record
TN:
SF:app/api/admin/messages/route.ts
FN:6,GET
FN:22,PUT
FN:46,DELETE
FNF:3
FNH:0
FNDA:0,GET
FNDA:0,PUT
FNDA:0,DELETE
DA:1,0
DA:2,0
DA:3,0
DA:4,0
DA:6,0
DA:7,0
DA:8,0
DA:9,0
DA:13,0
DA:14,0
DA:16,0
DA:17,0
DA:18,0
DA:22,0
DA:23,0
DA:24,0
DA:25,0
DA:27,0
DA:28,0
DA:29,0
DA:31,0
DA:32,0
DA:33,0
DA:34,0
DA:36,0
DA:37,0
DA:38,0
DA:40,0
DA:41,0
DA:42,0
DA:46,0
DA:47,0
DA:48,0
DA:49,0
DA:51,0
DA:52,0
DA:53,0
DA:55,0
DA:56,0
DA:57,0
DA:58,0
DA:59,0
DA:60,0
DA:62,0
DA:63,0
DA:64,0
LF:46
LH:0
BRDA:13,0,0,0
BRDA:13,0,1,0
BRDA:14,1,0,0
BRDA:14,1,1,0
BRDA:16,2,0,0
BRDA:16,2,1,0
BRDA:17,3,0,0
BRDA:17,3,1,0
BRDA:24,4,0,0
BRDA:24,4,1,0
BRDA:28,5,0,0
BRDA:28,5,1,0
BRDA:28,6,0,0
BRDA:28,6,1,0
BRDA:33,7,0,0
BRDA:33,7,1,0
BRDA:33,8,0,0
BRDA:33,8,1,0
BRDA:37,9,0,0
BRDA:37,9,1,0
BRDA:40,10,0,0
BRDA:40,10,1,0
BRDA:41,11,0,0
BRDA:41,11,1,0
BRDA:48,12,0,0
BRDA:48,12,1,0
BRDA:52,13,0,0
BRDA:52,13,1,0
BRDA:52,14,0,0
BRDA:52,14,1,0
BRDA:57,15,0,0
BRDA:57,15,1,0
BRDA:59,16,0,0
BRDA:59,16,1,0
BRDA:62,17,0,0
BRDA:62,17,1,0
BRDA:63,18,0,0
BRDA:63,18,1,0
BRF:38
BRH:0
end_of_record
TN:
SF:app/api/admin/reviews/route.ts
FN:6,GET
FN:22,PUT
FN:46,DELETE
FNF:3
FNH:0
FNDA:0,GET
FNDA:0,PUT
FNDA:0,DELETE
DA:1,0
DA:2,0
DA:3,0
DA:4,0
DA:6,0
DA:7,0
DA:8,0
DA:9,0
DA:13,0
DA:14,0
DA:16,0
DA:17,0
DA:18,0
DA:22,0
DA:23,0
DA:24,0
DA:25,0
DA:27,0
DA:28,0
DA:29,0
DA:31,0
DA:32,0
DA:33,0
DA:34,0
DA:36,0
DA:37,0
DA:38,0
DA:40,0
DA:41,0
DA:42,0
DA:46,0
DA:47,0
DA:48,0
DA:49,0
DA:51,0
DA:52,0
DA:53,0
DA:55,0
DA:56,0
DA:57,0
DA:58,0
DA:59,0
DA:60,0
DA:62,0
DA:63,0
DA:64,0
LF:46
LH:0
BRDA:13,0,0,0
BRDA:13,0,1,0
BRDA:14,1,0,0
BRDA:14,1,1,0
BRDA:16,2,0,0
BRDA:16,2,1,0
BRDA:17,3,0,0
BRDA:17,3,1,0
BRDA:24,4,0,0
BRDA:24,4,1,0
BRDA:28,5,0,0
BRDA:28,5,1,0
BRDA:28,6,0,0
BRDA:28,6,1,0
BRDA:33,7,0,0
BRDA:33,7,1,0
BRDA:33,8,0,0
BRDA:33,8,1,0
BRDA:37,9,0,0
BRDA:37,9,1,0
BRDA:40,10,0,0
BRDA:40,10,1,0
BRDA:41,11,0,0
BRDA:41,11,1,0
BRDA:48,12,0,0
BRDA:48,12,1,0
BRDA:52,13,0,0
BRDA:52,13,1,0
BRDA:52,14,0,0
BRDA:52,14,1,0
BRDA:57,15,0,0
BRDA:57,15,1,0
BRDA:59,16,0,0
BRDA:59,16,1,0
BRDA:62,17,0,0
BRDA:62,17,1,0
BRDA:63,18,0,0
BRDA:63,18,1,0
BRF:38
BRH:0
end_of_record
TN:
SF:app/api/admin/setup/route.ts
FN:5,POST
FNF:1
FNH:0
FNDA:0,POST
DA:1,0
DA:2,0
DA:5,0
DA:6,0
DA:7,0
DA:9,0
DA:10,0
DA:17,0
DA:18,0
DA:19,0
DA:26,0
DA:29,0
DA:30,0
DA:33,0
DA:34,0
LF:15
LH:0
BRDA:7,0,0,0
BRDA:9,1,0,0
BRDA:9,1,1,0
BRDA:9,2,0,0
BRDA:9,2,1,0
BRDA:18,3,0,0
BRDA:18,3,1,0
BRF:7
BRH:0
end_of_record
TN:
SF:app/api/admin/users/create/route.ts
FN:15,POST
FNF:1
FNH:0
FNDA:0,POST
DA:1,0
DA:2,0
DA:3,0
DA:4,0
DA:5,0
DA:6,0
DA:8,0
DA:15,0
DA:16,0
DA:17,0
DA:18,0
DA:20,0
DA:21,0
DA:22,0
DA:24,0
DA:25,0
DA:26,0
DA:27,0
DA:32,0
DA:33,0
DA:34,0
DA:47,0
DA:48,0
DA:50,0
DA:51,0
DA:52,0
LF:26
LH:0
BRDA:17,0,0,0
BRDA:17,0,1,0
BRDA:21,1,0,0
BRDA:21,1,1,0
BRDA:26,2,0,0
BRDA:26,2,1,0
BRDA:47,3,0,0
BRDA:47,3,1,0
BRDA:50,4,0,0
BRDA:50,4,1,0
BRDA:51,5,0,0
BRDA:51,5,1,0
BRF:12
BRH:0
end_of_record
TN:
SF:app/api/admin/users/delete/route.ts
FN:6,DELETE
FNF:1
FNH:0
FNDA:0,DELETE
DA:1,0
DA:2,0
DA:3,0
DA:4,0
DA:6,0
DA:7,0
DA:8,0
DA:9,0
DA:11,0
DA:12,0
DA:13,0
DA:15,0
DA:16,0
DA:17,0
DA:18,0
DA:19,0
DA:20,0
DA:22,0
DA:23,0
DA:24,0
LF:20
LH:0
BRDA:8,0,0,0
BRDA:8,0,1,0
BRDA:12,1,0,0
BRDA:12,1,1,0
BRDA:17,2,0,0
BRDA:17,2,1,0
BRDA:19,3,0,0
BRDA:19,3,1,0
BRDA:22,4,0,0
BRDA:22,4,1,0
BRDA:23,5,0,0
BRDA:23,5,1,0
BRF:12
BRH:0
end_of_record
TN:
SF:app/api/admin/users/list/route.ts
FN:10,GET
FN:26,(anonymous_4)
FN:35,(anonymous_5)
FNF:3
FNH:0
FNDA:0,GET
FNDA:0,(anonymous_4)
FNDA:0,(anonymous_5)
DA:1,0
DA:2,0
DA:3,0
DA:6,0
DA:10,0
DA:11,0
DA:13,0
DA:14,0
DA:15,0
DA:16,0
DA:18,0
DA:20,0
DA:24,0
DA:26,0
DA:35,0
DA:36,0
DA:38,0
DA:39,0
LF:18
LH:0
BRDA:14,0,0,0
BRDA:14,0,1,0
BRDA:15,1,0,0
BRDA:15,1,1,0
BRDA:15,2,0,0
BRDA:15,2,1,0
BRDA:24,3,0,0
BRDA:24,3,1,0
BRDA:26,4,0,0
BRDA:26,4,1,0
BRDA:30,5,0,0
BRDA:30,5,1,0
BRDA:32,6,0,0
BRDA:32,6,1,0
BRDA:35,7,0,0
BRDA:35,7,1,0
BRF:16
BRH:0
end_of_record
TN:
SF:app/api/admin/users/update/route.ts
FN:15,PUT
FNF:1
FNH:0
FNDA:0,PUT
DA:1,0
DA:2,0
DA:3,0
DA:4,0
DA:5,0
DA:7,0
DA:15,0
DA:16,0
DA:17,0
DA:18,0
DA:20,0
DA:21,0
DA:22,0
DA:24,0
DA:25,0
DA:26,0
DA:27,0
DA:32,0
DA:33,0
DA:42,0
DA:43,0
DA:45,0
DA:46,0
DA:47,0
LF:24
LH:0
BRDA:17,0,0,0
BRDA:17,0,1,0
BRDA:21,1,0,0
BRDA:21,1,1,0
BRDA:26,2,0,0
BRDA:26,2,1,0
BRDA:42,3,0,0
BRDA:42,3,1,0
BRDA:45,4,0,0
BRDA:45,4,1,0
BRDA:46,5,0,0
BRDA:46,5,1,0
BRF:12
BRH:0
end_of_record
TN:
SF:app/api/blob/delete/route.ts
FN:5,POST
FNF:1
FNH:0
FNDA:0,POST
DA:1,0
DA:2,0
DA:3,0
DA:5,0
DA:6,0
DA:8,0
DA:10,0
DA:12,0
DA:13,0
DA:17,0
DA:19,0
DA:24,0
DA:25,0
DA:26,0
LF:14
LH:0
BRDA:12,0,0,0
BRDA:12,0,1,0
BRDA:24,1,0,0
BRDA:24,1,1,0
BRDA:25,2,0,0
BRDA:25,2,1,0
BRF:6
BRH:0
end_of_record
TN:
SF:app/api/blob/upload/route.ts
FN:4,POST
FNF:1
FNH:0
FNDA:0,POST
DA:1,0
DA:2,0
DA:4,0
DA:5,0
DA:9,0
DA:10,0
DA:12,0
DA:13,0
DA:20,0
DA:21,0
DA:28,0
DA:29,0
DA:30,0
DA:37,0
DA:39,0
DA:45,0
DA:47,0
DA:49,0
DA:50,0
DA:56,0
LF:20
LH:0
BRDA:12,0,0,0
BRDA:12,0,1,0
BRDA:20,1,0,0
BRDA:20,1,1,0
BRDA:29,2,0,0
BRDA:29,2,1,0
BRDA:47,3,0,0
BRDA:47,3,1,0
BRDA:49,4,0,0
BRDA:49,4,1,0
BRF:10
BRH:0
end_of_record
TN:
SF:app/api/contact/route.ts
FN:22,detectSpam
FN:37,(anonymous_6)
FN:41,sanitizeInput
FN:50,POST
FN:144,GET
FN:148,PUT
FN:152,DELETE
FNF:7
FNH:0
FNDA:0,detectSpam
FNDA:0,(anonymous_6)
FNDA:0,sanitizeInput
FNDA:0,POST
FNDA:0,GET
FNDA:0,PUT
FNDA:0,DELETE
DA:1,0
DA:2,0
DA:3,0
DA:4,0
DA:5,0
DA:8,0
DA:19,0
DA:23,0
DA:35,0
DA:37,0
DA:50,0
DA:51,0
DA:52,0
DA:53,0
DA:54,0
DA:57,0
DA:59,0
DA:60,0
DA:61,0
DA:67,0
DA:70,0
DA:71,0
DA:72,0
DA:73,0
DA:80,0
DA:91,0
DA:92,0
DA:93,0
DA:100,0
DA:109,0
DA:110,0
DA:119,0
DA:121,0
DA:122,0
DA:128,0
DA:134,0
DA:136,0
DA:144,0
DA:145,0
DA:148,0
DA:149,0
DA:152,0
DA:153,0
LF:43
LH:0
BRDA:53,0,0,0
BRDA:53,0,1,0
BRDA:54,1,0,0
BRDA:54,1,1,0
BRDA:54,1,2,0
BRDA:60,2,0,0
BRDA:60,2,1,0
BRDA:70,3,0,0
BRDA:70,3,1,0
BRDA:70,3,2,0
BRDA:72,4,0,0
BRDA:72,4,1,0
BRDA:86,5,0,0
BRDA:86,5,1,0
BRDA:91,6,0,0
BRDA:91,6,1,0
BRDA:103,7,0,0
BRDA:103,7,1,0
BRDA:116,8,0,0
BRDA:116,8,1,0
BRDA:119,9,0,0
BRDA:119,9,1,0
BRF:22
BRH:0
end_of_record
TN:
SF:app/api/csp-report/route.ts
FN:3,POST
FN:5,(anonymous_2)
FNF:2
FNH:0
FNDA:0,POST
FNDA:0,(anonymous_2)
DA:1,0
DA:3,0
DA:4,0
DA:5,0
DA:6,0
DA:7,0
DA:10,0
LF:7
LH:0
BRDA:6,0,0,0
BRDA:6,0,1,0
BRF:2
BRH:0
end_of_record
TN:
SF:app/api/debug/route.ts
FN:8,GET
FN:60,POST
FNF:2
FNH:0
FNDA:0,GET
FNDA:0,POST
DA:1,0
DA:2,0
DA:5,0
DA:6,0
DA:8,0
DA:9,0
DA:11,0
DA:13,0
DA:39,0
DA:41,0
DA:43,0
DA:45,0
DA:46,0
DA:49,0
DA:50,0
DA:53,0
DA:60,0
DA:61,0
DA:63,0
DA:65,0
DA:69,0
DA:70,0
DA:73,0
DA:75,0
DA:77,0
DA:79,0
DA:80,0
DA:83,0
DA:84,0
DA:87,0
LF:30
LH:0
BRDA:32,0,0,0
BRDA:32,0,1,0
BRDA:43,1,0,0
BRDA:43,1,1,0
BRDA:45,2,0,0
BRDA:45,2,1,0
BRDA:49,3,0,0
BRDA:49,3,1,0
BRDA:69,4,0,0
BRDA:69,4,1,0
BRDA:77,5,0,0
BRDA:77,5,1,0
BRDA:79,6,0,0
BRDA:79,6,1,0
BRDA:83,7,0,0
BRDA:83,7,1,0
BRF:16
BRH:0
end_of_record
TN:
SF:app/api/debug/add-description/route.ts
FN:4,POST
FNF:1
FNH:0
FNDA:0,POST
DA:1,0
DA:2,0
DA:4,0
DA:5,0
DA:6,0
DA:8,0
DA:19,0
DA:28,0
DA:29,0
DA:30,0
DA:33,0
DA:40,0
DA:41,0
LF:13
LH:0
BRDA:28,0,0,0
BRDA:28,0,1,0
BRF:2
BRH:0
end_of_record
TN:
SF:app/api/debug/car/[id].disabled/route.ts
FN:6,GET
FNF:1
FNH:0
FNDA:0,GET
DA:1,0
DA:4,0
DA:6,0
DA:11,0
LF:4
LH:0
BRF:0
BRH:0
end_of_record
TN:
SF:app/api/debug/reset-rate-limit/route.ts
FN:4,POST
FNF:1
FNH:0
FNDA:0,POST
DA:1,0
DA:4,0
DA:5,0
LF:3
LH:0
BRF:0
BRH:0
end_of_record
TN:
SF:app/api/debug/summary/route.ts
FN:9,GET
FNF:1
FNH:0
FNDA:0,GET
DA:1,0
DA:2,0
DA:3,0
DA:4,0
DA:6,0
DA:7,0
DA:9,0
DA:10,0
DA:11,0
DA:13,0
DA:21,0
DA:29,0
DA:32,0
DA:33,0
DA:34,0
DA:35,0
DA:36,0
DA:37,0
DA:41,0
DA:50,0
DA:51,0
DA:68,0
DA:69,0
LF:23
LH:0
BRDA:22,0,0,0
BRDA:22,0,1,0
BRDA:23,1,0,0
BRDA:23,1,1,0
BRDA:24,2,0,0
BRDA:24,2,1,0
BRDA:25,3,0,0
BRDA:25,3,1,0
BRDA:32,4,0,0
BRDA:32,4,1,0
BRDA:56,5,0,0
BRDA:56,5,1,0
BRDA:59,6,0,0
BRDA:59,6,1,0
BRF:14
BRH:0
end_of_record
TN:
SF:app/api/health/redis/route.ts
FN:3,GET
FN:24,(anonymous_2)
FNF:2
FNH:0
FNDA:0,GET
FNDA:0,(anonymous_2)
DA:1,0
DA:3,0
DA:4,0
DA:5,0
DA:6,0
DA:8,0
DA:10,0
DA:11,0
DA:13,0
DA:15,0
DA:16,0
DA:17,0
DA:18,0
DA:19,0
DA:24,0
DA:25,0
DA:26,0
DA:28,0
DA:29,0
DA:33,0
DA:34,0
DA:38,0
DA:39,0
DA:41,0
LF:24
LH:0
BRDA:4,0,0,0
BRDA:4,0,1,0
BRDA:10,1,0,0
BRDA:10,1,1,0
BRDA:17,2,0,0
BRDA:17,2,1,0
BRDA:17,3,0,0
BRDA:17,3,1,0
BRDA:25,4,0,0
BRDA:25,4,1,0
BRDA:26,5,0,0
BRDA:26,5,1,0
BRDA:28,6,0,0
BRDA:28,6,1,0
BRDA:39,7,0,0
BRDA:39,7,1,0
BRDA:47,8,0,0
BRDA:47,8,1,0
BRDA:48,9,0,0
BRDA:48,9,1,0
BRF:20
BRH:0
end_of_record
TN:
SF:app/api/reviews/route.ts
FN:15,POST
FN:59,GET
FNF:2
FNH:0
FNDA:0,POST
FNDA:0,GET
DA:1,0
DA:2,0
DA:3,0
DA:4,0
DA:6,0
DA:8,0
DA:15,0
DA:16,0
DA:17,0
DA:18,0
DA:20,0
DA:21,0
DA:22,0
DA:23,0
DA:29,0
DA:31,0
DA:43,0
DA:44,0
DA:50,0
DA:52,0
DA:59,0
DA:60,0
DA:61,0
DA:62,0
DA:64,0
DA:65,0
DA:66,0
DA:68,0
DA:70,0
DA:71,0
DA:77,0
DA:79,0
LF:32
LH:0
BRDA:18,0,0,0
BRDA:18,0,1,0
BRDA:22,1,0,0
BRDA:22,1,1,0
BRDA:43,2,0,0
BRDA:43,2,1,0
BRDA:65,3,0,0
BRDA:65,3,1,0
BRDA:70,4,0,0
BRDA:70,4,1,0
BRDA:77,5,0,0
BRDA:77,5,1,0
BRF:12
BRH:0
end_of_record
TN:
SF:app/api/send-verification-email/route.ts
FN:20,POST
FN:67,sendEmail
FN:90,sendWithResend
FN:130,sendWithSendGrid
FN:172,sendWithNodemailer
FN:185,sendToConsole
FN:209,generateEmailHTML
FN:250,generateEmailText
FN:266,GET
FN:270,PUT
FN:274,DELETE
FNF:11
FNH:0
FNDA:0,POST
FNDA:0,sendEmail
FNDA:0,sendWithResend
FNDA:0,sendWithSendGrid
FNDA:0,sendWithNodemailer
FNDA:0,sendToConsole
FNDA:0,generateEmailHTML
FNDA:0,generateEmailText
FNDA:0,GET
FNDA:0,PUT
FNDA:0,DELETE
DA:1,0
DA:2,0
DA:3,0
DA:6,0
DA:13,0
DA:18,0
DA:20,0
DA:21,0
DA:23,0
DA:24,0
DA:26,0
DA:28,0
DA:29,0
DA:30,0
DA:36,0
DA:41,0
DA:43,0
DA:45,0
DA:46,0
DA:51,0
DA:58,0
DA:59,0
DA:68,0
DA:70,0
DA:72,0
DA:74,0
DA:76,0
DA:78,0
DA:81,0
DA:84,0
DA:85,0
DA:91,0
DA:92,0
DA:93,0
DA:94,0
DA:95,0
DA:98,0
DA:113,0
DA:114,0
DA:115,0
DA:117,0
DA:120,0
DA:121,0
DA:122,0
DA:124,0
DA:125,0
DA:131,0
DA:132,0
DA:133,0
DA:134,0
DA:135,0
DA:138,0
DA:155,0
DA:156,0
DA:157,0
DA:159,0
DA:162,0
DA:163,0
DA:164,0
DA:166,0
DA:167,0
DA:173,0
DA:176,0
DA:177,0
DA:179,0
DA:180,0
DA:186,0
DA:199,0
DA:200,0
DA:201,0
DA:202,0
DA:205,0
DA:210,0
DA:251,0
DA:266,0
DA:267,0
DA:270,0
DA:271,0
DA:274,0
DA:275,0
LF:80
LH:0
BRDA:24,0,0,0
BRDA:24,0,1,0
BRDA:29,1,0,0
BRDA:29,1,1,0
BRDA:43,2,0,0
BRDA:43,2,1,0
BRDA:70,3,0,0
BRDA:70,3,1,0
BRDA:72,4,0,0
BRDA:72,4,1,0
BRDA:72,4,2,0
BRDA:72,4,3,0
BRDA:93,5,0,0
BRDA:93,5,1,0
BRDA:105,6,0,0
BRDA:105,6,1,0
BRDA:107,7,0,0
BRDA:107,7,1,0
BRDA:113,8,0,0
BRDA:113,8,1,0
BRDA:114,9,0,0
BRDA:114,9,1,0
BRDA:133,10,0,0
BRDA:133,10,1,0
BRDA:146,11,0,0
BRDA:146,11,1,0
BRDA:147,12,0,0
BRDA:147,12,1,0
BRDA:155,13,0,0
BRDA:155,13,1,0
BRDA:156,14,0,0
BRDA:156,14,1,0
BRDA:187,15,0,0
BRDA:187,15,1,0
BRDA:199,16,0,0
BRDA:199,16,1,0
BRDA:216,17,0,0
BRDA:216,17,1,0
BRDA:230,18,0,0
BRDA:230,18,1,0
BRDA:252,19,0,0
BRDA:252,19,1,0
BRF:42
BRH:0
end_of_record
TN:
SF:app/browse/layout.tsx
FN:9,BrowseLayout
FNF:1
FNH:0
FNDA:0,BrowseLayout
DA:3,0
DA:9,0
DA:10,0
LF:3
LH:0
BRF:0
BRH:0
end_of_record
TN:
SF:app/browse/page.tsx
FN:21,BrowsePage
FN:28,(anonymous_5)
FN:29,(anonymous_6)
FN:49,(anonymous_7)
FN:53,(anonymous_8)
FN:55,(anonymous_9)
FN:57,(anonymous_10)
FN:59,(anonymous_11)
FN:61,(anonymous_12)
FN:63,(anonymous_13)
FN:85,(anonymous_14)
FN:105,(anonymous_15)
FN:112,(anonymous_16)
FN:131,(anonymous_17)
FNF:14
FNH:0
FNDA:0,BrowsePage
FNDA:0,(anonymous_5)
FNDA:0,(anonymous_6)
FNDA:0,(anonymous_7)
FNDA:0,(anonymous_8)
FNDA:0,(anonymous_9)
FNDA:0,(anonymous_10)
FNDA:0,(anonymous_11)
FNDA:0,(anonymous_12)
FNDA:0,(anonymous_13)
FNDA:0,(anonymous_14)
FNDA:0,(anonymous_15)
FNDA:0,(anonymous_16)
FNDA:0,(anonymous_17)
DA:4,0
DA:6,0
DA:7,0
DA:8,0
DA:9,0
DA:10,0
DA:11,0
DA:16,0
DA:17,0
DA:18,0
DA:19,0
DA:21,0
DA:22,0
DA:23,0
DA:24,0
DA:25,0
DA:26,0
DA:28,0
DA:29,0
DA:30,0
DA:31,0
DA:36,0
DA:37,0
DA:39,0
DA:40,0
DA:41,0
DA:43,0
DA:46,0
DA:49,0
DA:50,0
DA:51,0
DA:53,0
DA:55,0
DA:57,0
DA:59,0
DA:61,0
DA:63,0
DA:65,0
DA:69,0
DA:85,0
DA:112,0
DA:132,0
LF:42
LH:0
BRDA:36,0,0,0
BRDA:36,0,1,0
BRDA:37,1,0,0
BRDA:37,1,1,0
BRDA:39,2,0,0
BRDA:39,2,1,0
BRDA:40,3,0,0
BRDA:40,3,1,0
BRDA:51,4,0,0
BRDA:51,4,1,0
BRDA:51,4,2,0
BRDA:51,4,3,0
BRDA:51,4,4,0
BRDA:51,4,5,0
BRDA:51,4,6,0
BRDA:88,5,0,0
BRDA:88,5,1,0
BRDA:126,6,0,0
BRDA:128,7,0,0
BRDA:130,8,0,0
BRF:20
BRH:0
end_of_record
TN:
SF:app/car/[id]/page.tsx
FN:24,safeJsonLd
FN:30,generateMetadata
FN:61,CarPage
FN:198,mapDbCarToCar
FN:219,(anonymous_8)
FN:226,(anonymous_9)
FNF:6
FNH:0
FNDA:0,safeJsonLd
FNDA:0,generateMetadata
FNDA:0,CarPage
FNDA:0,mapDbCarToCar
FNDA:0,(anonymous_8)
FNDA:0,(anonymous_9)
DA:3,0
DA:5,0
DA:6,0
DA:7,0
DA:8,0
DA:10,0
DA:12,0
DA:13,0
DA:14,0
DA:15,0
DA:25,0
DA:30,0
DA:31,0
DA:32,0
DA:34,0
DA:35,0
DA:41,0
DA:61,0
DA:62,0
DA:63,0
DA:64,0
DA:66,0
DA:67,0
DA:199,0
DA:200,0
DA:219,0
DA:226,0
LF:27
LH:0
BRDA:34,0,0,0
BRDA:34,0,1,0
BRDA:43,1,0,0
BRDA:43,1,1,0
BRDA:49,2,0,0
BRDA:49,2,1,0
BRDA:49,3,0,0
BRDA:49,3,1,0
BRDA:56,4,0,0
BRDA:56,4,1,0
BRDA:56,5,0,0
BRDA:56,5,1,0
BRDA:62,6,0,0
BRDA:62,6,1,0
BRDA:66,7,0,0
BRDA:66,7,1,0
BRDA:88,8,0,0
BRDA:88,8,1,0
BRDA:89,9,0,0
BRDA:89,9,1,0
BRDA:90,10,0,0
BRDA:90,10,1,0
BRDA:91,11,0,0
BRDA:91,11,1,0
BRDA:92,12,0,0
BRDA:92,12,1,0
BRDA:101,13,0,0
BRDA:101,13,1,0
BRDA:140,14,0,0
BRDA:140,14,1,0
BRDA:199,15,0,0
BRDA:199,15,1,0
BRDA:202,16,0,0
BRDA:202,16,1,0
BRDA:203,17,0,0
BRDA:203,17,1,0
BRDA:204,18,0,0
BRDA:204,18,1,0
BRDA:205,19,0,0
BRDA:205,19,1,0
BRDA:206,20,0,0
BRDA:206,20,1,0
BRDA:207,21,0,0
BRDA:207,21,1,0
BRDA:208,22,0,0
BRDA:208,22,1,0
BRDA:209,23,0,0
BRDA:209,23,1,0
BRDA:210,24,0,0
BRDA:210,24,1,0
BRDA:211,25,0,0
BRDA:211,25,1,0
BRDA:212,26,0,0
BRDA:212,26,1,0
BRDA:213,27,0,0
BRDA:213,27,1,0
BRDA:214,28,0,0
BRDA:214,28,1,0
BRDA:215,29,0,0
BRDA:215,29,1,0
BRDA:216,30,0,0
BRDA:216,30,1,0
BRDA:217,31,0,0
BRDA:217,31,1,0
BRDA:218,32,0,0
BRDA:218,32,1,0
BRDA:219,33,0,0
BRDA:219,33,1,0
BRDA:219,34,0,0
BRDA:219,34,1,0
BRDA:221,35,0,0
BRDA:221,35,1,0
BRDA:222,36,0,0
BRDA:222,36,1,0
BRDA:222,37,0,0
BRDA:222,37,1,0
BRDA:223,38,0,0
BRDA:223,38,1,0
BRDA:223,39,0,0
BRDA:223,39,1,0
BRDA:225,40,0,0
BRDA:225,40,1,0
BRDA:226,41,0,0
BRDA:226,41,1,0
BRDA:227,42,0,0
BRDA:227,42,1,0
BRDA:228,43,0,0
BRDA:228,43,1,0
BRDA:229,44,0,0
BRDA:229,44,1,0
BRDA:230,45,0,0
BRDA:230,45,1,0
BRDA:231,46,0,0
BRDA:231,46,1,0
BRDA:232,47,0,0
BRDA:232,47,1,0
BRDA:235,48,0,0
BRDA:235,48,1,0
BRDA:236,49,0,0
BRDA:236,49,1,0
BRDA:237,50,0,0
BRDA:237,50,1,0
BRDA:238,51,0,0
BRDA:238,51,1,0
BRF:104
BRH:0
end_of_record
TN:
SF:app/contact/layout.tsx
FN:9,ContactLayout
FNF:1
FNH:0
FNDA:0,ContactLayout
DA:3,0
DA:9,0
DA:10,0
LF:3
LH:0
BRF:0
BRH:0
end_of_record
TN:
SF:app/contact/page.tsx
FN:12,ContactPage
FN:41,(anonymous_3)
FNF:2
FNH:0
FNDA:0,ContactPage
FNDA:0,(anonymous_3)
DA:3,0
DA:4,0
DA:5,0
DA:6,0
DA:7,0
DA:8,0
DA:9,0
DA:10,0
DA:12,0
DA:13,0
DA:14,0
DA:41,0
LF:12
LH:0
BRF:0
BRH:0
end_of_record
TN:
SF:app/faq/layout.tsx
FN:9,FAQLayout
FNF:1
FNH:0
FNDA:0,FAQLayout
DA:3,0
DA:9,0
DA:10,0
LF:3
LH:0
BRF:0
BRH:0
end_of_record
TN:
SF:app/faq/page.tsx
FN:47,FAQPage
FN:64,(anonymous_3)
FN:76,(anonymous_4)
FNF:3
FNH:0
FNDA:0,FAQPage
FNDA:0,(anonymous_3)
FNDA:0,(anonymous_4)
DA:1,0
DA:2,0
DA:3,0
DA:5,0
DA:6,0
DA:8,0
DA:47,0
DA:48,0
DA:64,0
DA:77,0
LF:10
LH:0
BRDA:48,0,0,0
BRDA:48,0,1,0
BRF:2
BRH:0
end_of_record
TN:
SF:app/inventory/page.tsx
FN:3,InventoryPage
FNF:1
FNH:0
FNDA:0,InventoryPage
DA:1,0
DA:3,0
DA:4,0
LF:3
LH:0
BRF:0
BRH:0
end_of_record
TN:
SF:app/listings/layout.tsx
FN:9,ListingsLayout
FNF:1
FNH:0
FNDA:0,ListingsLayout
DA:3,0
DA:9,0
DA:10,0
LF:3
LH:0
BRF:0
BRH:0
end_of_record
TN:
SF:app/listings/page.tsx
FN:15,ListingsPage
FN:30,(anonymous_3)
FN:31,fetchCars
FN:59,(anonymous_5)
FN:129,(anonymous_6)
FN:154,(anonymous_7)
FN:191,(anonymous_8)
FN:195,(anonymous_9)
FN:195,(anonymous_10)
FNF:9
FNH:0
FNDA:0,ListingsPage
FNDA:0,(anonymous_3)
FNDA:0,fetchCars
FNDA:0,(anonymous_5)
FNDA:0,(anonymous_6)
FNDA:0,(anonymous_7)
FNDA:0,(anonymous_8)
FNDA:0,(anonymous_9)
FNDA:0,(anonymous_10)
DA:3,0
DA:4,0
DA:5,0
DA:6,0
DA:7,0
DA:8,0
DA:9,0
DA:11,0
DA:12,0
DA:15,0
DA:16,0
DA:17,0
DA:18,0
DA:19,0
DA:20,0
DA:30,0
DA:32,0
DA:33,0
DA:35,0
DA:58,0
DA:59,0
DA:79,0
DA:82,0
DA:83,0
DA:85,0
DA:88,0
DA:90,0
DA:91,0
DA:93,0
DA:97,0
DA:100,0
DA:129,0
DA:154,0
DA:192,0
DA:195,0
LF:35
LH:0
BRDA:33,0,0,0
BRDA:33,0,1,0
BRDA:58,1,0,0
BRDA:58,1,1,0
BRDA:58,2,0,0
BRDA:58,2,1,0
BRDA:72,3,0,0
BRDA:72,3,1,0
BRDA:79,4,0,0
BRDA:79,4,1,0
BRDA:82,5,0,0
BRDA:82,5,1,0
BRDA:83,6,0,0
BRDA:83,6,1,0
BRDA:85,7,0,0
BRDA:85,7,1,0
BRDA:100,8,0,0
BRDA:100,8,1,0
BRDA:132,9,0,0
BRDA:132,9,1,0
BRDA:141,10,0,0
BRDA:149,11,0,0
BRDA:162,12,0,0
BRDA:175,13,0,0
BRDA:176,14,0,0
BRDA:176,14,1,0
BRDA:177,15,0,0
BRDA:177,15,1,0
BRDA:178,16,0,0
BRDA:178,16,1,0
BRDA:179,17,0,0
BRDA:179,17,1,0
BRDA:180,18,0,0
BRDA:180,18,1,0
BRDA:181,19,0,0
BRDA:181,19,1,0
BRDA:185,20,0,0
BRDA:185,20,1,0
BRDA:186,21,0,0
BRDA:186,21,1,0
BRDA:187,22,0,0
BRDA:187,22,1,0
BRDA:188,23,0,0
BRDA:188,23,1,0
BRDA:189,24,0,0
BRDA:189,24,1,0
BRDA:190,25,0,0
BRDA:190,25,1,0
BRDA:195,26,0,0
BRDA:195,26,1,0
BRF:50
BRH:0
end_of_record
TN:
SF:app/privacy/page.tsx
FN:10,PrivacyPolicyPage
FNF:1
FNH:0
FNDA:0,PrivacyPolicyPage
DA:2,0
DA:5,0
DA:10,0
DA:11,0
LF:4
LH:0
BRF:0
BRH:0
end_of_record
TN:
SF:app/terms/page.tsx
FN:8,TermsPage
FNF:1
FNH:0
FNDA:0,TermsPage
DA:1,0
DA:6,0
DA:8,0
LF:3
LH:0
BRF:0
BRH:0
end_of_record
TN:
SF:app/test-blob/page.tsx
FN:9,TestBlobPage
FNF:1
FNH:0
FNDA:0,TestBlobPage
DA:3,0
DA:4,0
DA:5,0
DA:6,0
DA:7,0
DA:9,0
LF:6
LH:0
BRF:0
BRH:0
end_of_record
TN:
SF:components/about-content.tsx
FN:9,AboutContent
FN:61,(anonymous_2)
FN:113,(anonymous_3)
FN:155,(anonymous_4)
FNF:4
FNH:0
FNDA:0,AboutContent
FNDA:0,(anonymous_2)
FNDA:0,(anonymous_3)
FNDA:0,(anonymous_4)
DA:2,0
DA:3,0
DA:4,0
DA:5,0
DA:6,0
DA:9,0
DA:10,0
DA:17,0
DA:62,0
DA:63,0
DA:114,0
DA:115,0
DA:156,0
LF:13
LH:0
BRF:0
BRH:0
end_of_record
TN:
SF:components/accessibility-audit.tsx
FN:46,AccessibilityAudit
FN:53,(anonymous_2)
FN:59,(anonymous_3)
FN:70,(anonymous_4)
FN:89,(anonymous_5)
FN:109,(anonymous_6)
FN:130,(anonymous_7)
FN:153,(anonymous_8)
FN:192,(anonymous_9)
FN:214,(anonymous_10)
FN:215,(anonymous_11)
FN:216,(anonymous_12)
FN:217,(anonymous_13)
FN:237,(anonymous_14)
FN:247,(anonymous_15)
FN:334,(anonymous_16)
FN:371,(anonymous_17)
FNF:17
FNH:0
FNDA:0,AccessibilityAudit
FNDA:0,(anonymous_2)
FNDA:0,(anonymous_3)
FNDA:0,(anonymous_4)
FNDA:0,(anonymous_5)
FNDA:0,(anonymous_6)
FNDA:0,(anonymous_7)
FNDA:0,(anonymous_8)
FNDA:0,(anonymous_9)
FNDA:0,(anonymous_10)
FNDA:0,(anonymous_11)
FNDA:0,(anonymous_12)
FNDA:0,(anonymous_13)
FNDA:0,(anonymous_14)
FNDA:0,(anonymous_15)
FNDA:0,(anonymous_16)
FNDA:0,(anonymous_17)
DA:3,0
DA:4,0
DA:5,0
DA:6,0
DA:8,0
DA:20,0
DA:46,0
DA:47,0
DA:48,0
DA:49,0
DA:50,0
DA:53,0
DA:54,0
DA:56,0
DA:59,0
DA:60,0
DA:61,0
DA:63,0
DA:65,0
DA:68,0
DA:69,0
DA:70,0
DA:71,0
DA:72,0
DA:86,0
DA:87,0
DA:88,0
DA:89,0
DA:90,0
DA:91,0
DA:92,0
DA:103,0
DA:107,0
DA:108,0
DA:109,0
DA:110,0
DA:111,0
DA:113,0
DA:114,0
DA:128,0
DA:129,0
DA:130,0
DA:131,0
DA:132,0
DA:133,0
DA:136,0
DA:137,0
DA:151,0
DA:152,0
DA:153,0
DA:154,0
DA:155,0
DA:169,0
DA:170,0
DA:171,0
DA:172,0
DA:173,0
DA:175,0
DA:176,0
DA:189,0
DA:190,0
DA:191,0
DA:192,0
DA:193,0
DA:194,0
DA:198,0
DA:199,0
DA:212,0
DA:214,0
DA:215,0
DA:216,0
DA:217,0
DA:221,0
DA:227,0
DA:228,0
DA:230,0
DA:231,0
DA:233,0
DA:237,0
DA:238,0
DA:239,0
DA:240,0
DA:241,0
DA:242,0
DA:243,0
DA:247,0
DA:248,0
DA:257,0
DA:335,0
DA:371,0
LF:90
LH:0
BRDA:54,0,0,0
BRDA:54,0,1,0
BRDA:71,1,0,0
BRDA:71,1,1,0
BRDA:71,2,0,0
BRDA:71,2,1,0
BRDA:91,3,0,0
BRDA:91,3,1,0
BRDA:111,4,0,0
BRDA:111,4,1,0
BRDA:113,5,0,0
BRDA:113,5,1,0
BRDA:113,6,0,0
BRDA:113,6,1,0
BRDA:133,7,0,0
BRDA:133,7,1,0
BRDA:136,8,0,0
BRDA:136,8,1,0
BRDA:154,9,0,0
BRDA:154,9,1,0
BRDA:154,10,0,0
BRDA:154,10,1,0
BRDA:175,11,0,0
BRDA:175,11,1,0
BRDA:193,12,0,0
BRDA:193,12,1,0
BRDA:198,13,0,0
BRDA:198,13,1,0
BRDA:238,14,0,0
BRDA:238,14,1,0
BRDA:238,14,2,0
BRDA:238,14,3,0
BRDA:238,14,4,0
BRDA:257,15,0,0
BRDA:257,15,1,0
BRDA:271,16,0,0
BRDA:277,17,0,0
BRDA:277,17,1,0
BRDA:280,18,0,0
BRDA:328,19,0,0
BRDA:328,19,1,0
BRDA:343,20,0,0
BRF:42
BRH:0
end_of_record
TN:
SF:components/ai-chatbot.tsx
FN:32,findResponse
FN:71,AIChatbot
FN:86,(anonymous_3)
FN:88,(anonymous_4)
FN:95,(anonymous_5)
FN:100,(anonymous_6)
FN:110,(anonymous_7)
FN:119,(anonymous_8)
FN:127,(anonymous_9)
FN:138,(anonymous_10)
FN:172,(anonymous_11)
FN:180,(anonymous_12)
FN:196,(anonymous_13)
FN:234,(anonymous_14)
FNF:14
FNH:0
FNDA:0,findResponse
FNDA:0,AIChatbot
FNDA:0,(anonymous_3)
FNDA:0,(anonymous_4)
FNDA:0,(anonymous_5)
FNDA:0,(anonymous_6)
FNDA:0,(anonymous_7)
FNDA:0,(anonymous_8)
FNDA:0,(anonymous_9)
FNDA:0,(anonymous_10)
FNDA:0,(anonymous_11)
FNDA:0,(anonymous_12)
FNDA:0,(anonymous_13)
FNDA:0,(anonymous_14)
DA:3,0
DA:4,0
DA:5,0
DA:6,0
DA:7,0
DA:8,0
DA:18,0
DA:33,0
DA:36,0
DA:37,0
DA:39,0
DA:40,0
DA:42,0
DA:43,0
DA:45,0
DA:46,0
DA:48,0
DA:49,0
DA:51,0
DA:52,0
DA:54,0
DA:55,0
DA:57,0
DA:58,0
DA:60,0
DA:61,0
DA:63,0
DA:64,0
DA:68,0
DA:71,0
DA:72,0
DA:73,0
DA:74,0
DA:82,0
DA:83,0
DA:86,0
DA:87,0
DA:89,0
DA:95,0
DA:96,0
DA:100,0
DA:101,0
DA:104,0
DA:110,0
DA:113,0
DA:114,0
DA:116,0
DA:119,0
DA:120,0
DA:121,0
DA:122,0
DA:127,0
DA:128,0
DA:129,0
DA:130,0
DA:134,0
DA:138,0
DA:172,0
DA:180,0
DA:197,0
DA:234,0
LF:61
LH:0
BRDA:36,0,0,0
BRDA:36,0,1,0
BRDA:36,1,0,0
BRDA:36,1,1,0
BRDA:36,1,2,0
BRDA:39,2,0,0
BRDA:39,2,1,0
BRDA:39,3,0,0
BRDA:39,3,1,0
BRDA:39,3,2,0
BRDA:42,4,0,0
BRDA:42,4,1,0
BRDA:42,5,0,0
BRDA:42,5,1,0
BRDA:45,6,0,0
BRDA:45,6,1,0
BRDA:45,7,0,0
BRDA:45,7,1,0
BRDA:48,8,0,0
BRDA:48,8,1,0
BRDA:48,9,0,0
BRDA:48,9,1,0
BRDA:48,9,2,0
BRDA:48,9,3,0
BRDA:51,10,0,0
BRDA:51,10,1,0
BRDA:51,11,0,0
BRDA:51,11,1,0
BRDA:51,11,2,0
BRDA:54,12,0,0
BRDA:54,12,1,0
BRDA:54,13,0,0
BRDA:54,13,1,0
BRDA:54,13,2,0
BRDA:57,14,0,0
BRDA:57,14,1,0
BRDA:57,15,0,0
BRDA:57,15,1,0
BRDA:57,15,2,0
BRDA:57,15,3,0
BRDA:60,16,0,0
BRDA:60,16,1,0
BRDA:60,17,0,0
BRDA:60,17,1,0
BRDA:60,17,2,0
BRDA:60,17,3,0
BRDA:63,18,0,0
BRDA:63,18,1,0
BRDA:63,19,0,0
BRDA:63,19,1,0
BRDA:63,19,2,0
BRDA:101,20,0,0
BRDA:101,20,1,0
BRDA:120,21,0,0
BRDA:120,21,1,0
BRDA:120,22,0,0
BRDA:120,22,1,0
BRDA:129,23,0,0
BRDA:129,23,1,0
BRDA:134,24,0,0
BRDA:134,24,1,0
BRDA:158,25,0,0
BRDA:158,25,1,0
BRDA:175,26,0,0
BRDA:189,27,0,0
BRDA:199,28,0,0
BRDA:199,28,1,0
BRDA:203,29,0,0
BRDA:203,29,1,0
BRDA:209,30,0,0
BRDA:209,30,1,0
BRDA:216,31,0,0
BRDA:242,32,0,0
BRDA:242,32,1,0
BRF:74
BRH:0
end_of_record
TN:
SF:components/analytics.tsx
FN:7,(anonymous_7)
FN:7,(anonymous_8)
FN:7,(anonymous_9)
FN:12,(anonymous_11)
FN:12,(anonymous_12)
FN:12,(anonymous_13)
FNF:6
FNH:0
FNDA:0,(anonymous_7)
FNDA:0,(anonymous_8)
FNDA:0,(anonymous_9)
FNDA:0,(anonymous_11)
FNDA:0,(anonymous_12)
FNDA:0,(anonymous_13)
DA:3,0
DA:7,0
DA:12,0
DA:16,0
LF:4
LH:0
BRF:0
BRH:0
end_of_record
TN:
SF:components/blob-test.tsx
FN:12,BlobTest
FN:25,(anonymous_3)
FN:49,(anonymous_4)
FN:54,(anonymous_5)
FN:55,(anonymous_6)
FN:58,(anonymous_7)
FN:59,(anonymous_8)
FN:66,(anonymous_9)
FN:73,(anonymous_10)
FN:90,(anonymous_11)
FN:95,(anonymous_12)
FN:100,(anonymous_13)
FN:144,(anonymous_14)
FN:144,(anonymous_15)
FN:145,(anonymous_16)
FN:145,(anonymous_17)
FN:172,(anonymous_18)
FNF:17
FNH:0
FNDA:0,BlobTest
FNDA:0,(anonymous_3)
FNDA:0,(anonymous_4)
FNDA:0,(anonymous_5)
FNDA:0,(anonymous_6)
FNDA:0,(anonymous_7)
FNDA:0,(anonymous_8)
FNDA:0,(anonymous_9)
FNDA:0,(anonymous_10)
FNDA:0,(anonymous_11)
FNDA:0,(anonymous_12)
FNDA:0,(anonymous_13)
FNDA:0,(anonymous_14)
FNDA:0,(anonymous_15)
FNDA:0,(anonymous_16)
FNDA:0,(anonymous_17)
FNDA:0,(anonymous_18)
DA:3,0
DA:4,0
DA:5,0
DA:6,0
DA:7,0
DA:8,0
DA:9,0
DA:10,0
DA:12,0
DA:13,0
DA:14,0
DA:15,0
DA:25,0
DA:26,0
DA:27,0
DA:29,0
DA:30,0
DA:32,0
DA:34,0
DA:35,0
DA:37,0
DA:42,0
DA:43,0
DA:44,0
DA:47,0
DA:48,0
DA:49,0
DA:50,0
DA:53,0
DA:54,0
DA:55,0
DA:56,0
DA:58,0
DA:59,0
DA:60,0
DA:62,0
DA:65,0
DA:66,0
DA:67,0
DA:69,0
DA:73,0
DA:74,0
DA:76,0
DA:77,0
DA:85,0
DA:86,0
DA:87,0
DA:90,0
DA:91,0
DA:92,0
DA:94,0
DA:95,0
DA:96,0
DA:100,0
DA:144,0
DA:145,0
DA:172,0
LF:57
LH:0
BRDA:27,0,0,0
BRDA:27,0,1,0
BRDA:42,1,0,0
BRDA:42,1,1,0
BRDA:44,2,0,0
BRDA:44,2,1,0
BRDA:67,3,0,0
BRDA:67,3,1,0
BRDA:74,4,0,0
BRDA:74,4,1,0
BRDA:85,5,0,0
BRDA:85,5,1,0
BRDA:87,6,0,0
BRDA:87,6,1,0
BRDA:96,7,0,0
BRDA:96,7,1,0
BRDA:134,8,0,0
BRDA:154,9,0,0
BRDA:172,10,0,0
BRDA:179,11,0,0
BRDA:180,12,0,0
BRDA:185,13,0,0
BRDA:186,14,0,0
BRDA:191,15,0,0
BRDA:192,16,0,0
BRF:25
BRH:0
end_of_record
TN:
SF:components/brand-name.tsx
FN:3,BrandName
FNF:1
FNH:1
FNDA:25,BrandName
DA:3,25
LF:1
LH:1
BRDA:3,0,0,18
BRF:1
BRH:1
end_of_record
TN:
SF:components/breadcrumb.tsx
FN:13,Breadcrumb
FN:24,(anonymous_3)
FNF:2
FNH:0
FNDA:0,Breadcrumb
FNDA:0,(anonymous_3)
DA:1,0
DA:2,0
DA:13,0
DA:25,0
LF:4
LH:0
BRDA:28,0,0,0
BRF:1
BRH:0
end_of_record
TN:
SF:components/car-card.tsx
FN:24,CarCard
FN:26,(anonymous_3)
FN:33,(anonymous_4)
FN:41,(anonymous_5)
FN:48,(anonymous_6)
FN:59,(anonymous_7)
FNF:6
FNH:6
FNDA:15,CarCard
FNDA:13,(anonymous_3)
FNDA:13,(anonymous_4)
FNDA:13,(anonymous_5)
FNDA:1,(anonymous_6)
FNDA:26,(anonymous_7)
DA:3,1
DA:4,1
DA:5,1
DA:6,1
DA:7,1
DA:8,1
DA:14,1
DA:16,1
DA:24,13
DA:25,15
DA:26,15
DA:27,13
DA:28,11
DA:29,11
DA:31,2
DA:33,15
DA:34,13
DA:35,11
DA:36,11
DA:38,2
DA:41,15
DA:42,13
DA:43,11
DA:44,11
DA:48,15
DA:49,1
DA:50,1
DA:51,0
DA:53,1
DA:59,15
DA:60,26
DA:68,15
DA:69,2
DA:70,2
LF:34
LH:33
BRDA:24,0,0,12
BRDA:27,1,0,11
BRDA:27,1,1,2
BRDA:27,2,0,13
BRDA:27,2,1,13
BRDA:29,3,0,0
BRDA:29,3,1,11
BRDA:29,4,0,11
BRDA:29,4,1,0
BRDA:31,5,0,2
BRDA:31,5,1,1
BRDA:34,6,0,11
BRDA:34,6,1,2
BRDA:34,7,0,13
BRDA:34,7,1,13
BRDA:36,8,0,0
BRDA:36,8,1,11
BRDA:36,9,0,11
BRDA:36,9,1,0
BRDA:38,10,0,2
BRDA:38,10,1,1
BRDA:42,11,0,11
BRDA:42,11,1,2
BRDA:42,12,0,13
BRDA:42,12,1,13
BRDA:44,13,0,11
BRDA:44,13,1,11
BRDA:49,14,0,0
BRDA:49,14,1,1
BRDA:50,15,0,0
BRDA:50,15,1,1
BRDA:68,16,0,2
BRDA:68,16,1,13
BRDA:68,17,0,15
BRDA:68,17,1,14
BRDA:78,18,0,13
BRDA:77,19,0,13
BRDA:77,19,1,13
BRDA:77,19,2,13
BRDA:77,19,3,13
BRDA:80,20,0,13
BRDA:80,20,1,1
BRDA:80,21,0,13
BRDA:80,21,1,0
BRDA:80,22,0,13
BRDA:80,22,1,0
BRDA:80,23,0,13
BRDA:80,23,1,0
BRDA:90,24,0,0
BRDA:90,24,1,0
BRDA:90,25,0,0
BRDA:90,25,1,0
BRDA:91,26,0,0
BRDA:91,26,1,0
BRDA:91,27,0,0
BRDA:91,27,1,0
BRDA:91,28,0,0
BRDA:91,28,1,0
BRDA:91,29,0,0
BRDA:91,29,1,0
BRDA:100,30,0,13
BRDA:100,30,1,0
BRDA:101,31,0,13
BRDA:101,31,1,0
BRDA:105,32,0,13
BRDA:122,33,0,13
BRDA:122,33,1,1
BRDA:123,34,0,13
BRDA:123,34,1,1
BRDA:150,35,0,13
BRDA:156,36,0,2
BRDA:156,36,1,1
BRDA:160,37,0,2
BRDA:160,37,1,1
BRDA:165,38,0,2
BRDA:165,38,1,1
BRDA:168,39,0,2
BRDA:168,39,1,1
BRF:78
BRH:55
end_of_record
TN:
SF:components/car-comparison.tsx
FN:21,CarComparison
FN:29,(anonymous_3)
FN:29,(anonymous_4)
FN:31,(anonymous_5)
FN:36,(anonymous_6)
FN:44,(anonymous_7)
FN:49,(anonymous_8)
FN:50,(anonymous_9)
FN:62,(anonymous_10)
FN:76,(anonymous_11)
FN:119,(anonymous_12)
FN:123,(anonymous_13)
FN:126,(anonymous_14)
FN:144,(anonymous_15)
FN:157,(anonymous_16)
FN:160,(anonymous_17)
FN:184,(anonymous_18)
FN:201,(anonymous_19)
FN:221,(anonymous_20)
FN:229,(anonymous_21)
FN:235,(anonymous_22)
FN:241,(anonymous_23)
FN:247,(anonymous_24)
FN:255,(anonymous_25)
FN:265,(anonymous_26)
FN:306,(anonymous_27)
FN:315,(anonymous_28)
FN:320,(anonymous_29)
FN:330,(anonymous_30)
FN:330,(anonymous_31)
FN:331,(anonymous_32)
FN:335,(anonymous_33)
FN:338,(anonymous_34)
FN:357,(anonymous_35)
FN:357,(anonymous_36)
FNF:35
FNH:0
FNDA:0,CarComparison
FNDA:0,(anonymous_3)
FNDA:0,(anonymous_4)
FNDA:0,(anonymous_5)
FNDA:0,(anonymous_6)
FNDA:0,(anonymous_7)
FNDA:0,(anonymous_8)
FNDA:0,(anonymous_9)
FNDA:0,(anonymous_10)
FNDA:0,(anonymous_11)
FNDA:0,(anonymous_12)
FNDA:0,(anonymous_13)
FNDA:0,(anonymous_14)
FNDA:0,(anonymous_15)
FNDA:0,(anonymous_16)
FNDA:0,(anonymous_17)
FNDA:0,(anonymous_18)
FNDA:0,(anonymous_19)
FNDA:0,(anonymous_20)
FNDA:0,(anonymous_21)
FNDA:0,(anonymous_22)
FNDA:0,(anonymous_23)
FNDA:0,(anonymous_24)
FNDA:0,(anonymous_25)
FNDA:0,(anonymous_26)
FNDA:0,(anonymous_27)
FNDA:0,(anonymous_28)
FNDA:0,(anonymous_29)
FNDA:0,(anonymous_30)
FNDA:0,(anonymous_31)
FNDA:0,(anonymous_32)
FNDA:0,(anonymous_33)
FNDA:0,(anonymous_34)
FNDA:0,(anonymous_35)
FNDA:0,(anonymous_36)
DA:3,0
DA:4,0
DA:5,0
DA:6,0
DA:7,0
DA:8,0
DA:9,0
DA:10,0
DA:12,0
DA:13,0
DA:21,0
DA:22,0
DA:23,0
DA:24,0
DA:25,0
DA:26,0
DA:29,0
DA:31,0
DA:32,0
DA:33,0
DA:36,0
DA:37,0
DA:44,0
DA:45,0
DA:49,0
DA:50,0
DA:51,0
DA:54,0
DA:55,0
DA:62,0
DA:77,0
DA:78,0
DA:120,0
DA:123,0
DA:126,0
DA:144,0
DA:158,0
DA:160,0
DA:184,0
DA:202,0
DA:222,0
DA:230,0
DA:236,0
DA:242,0
DA:248,0
DA:256,0
DA:266,0
DA:306,0
DA:315,0
DA:321,0
DA:330,0
DA:332,0
DA:335,0
DA:338,0
DA:357,0
LF:55
LH:0
BRDA:51,0,0,0
BRDA:51,0,1,0
BRDA:51,0,2,0
BRDA:54,1,0,0
BRDA:54,1,1,0
BRDA:55,2,0,0
BRDA:55,2,1,0
BRDA:64,3,0,0
BRDA:64,3,1,0
BRDA:69,4,0,0
BRDA:78,5,0,0
BRDA:78,5,1,0
BRDA:94,6,0,0
BRDA:108,7,0,0
BRDA:126,8,0,0
BRDA:126,8,1,0
BRDA:130,9,0,0
BRDA:130,9,1,0
BRDA:167,10,0,0
BRDA:167,10,1,0
BRDA:180,11,0,0
BRDA:205,12,0,0
BRDA:205,12,1,0
BRDA:249,13,0,0
BRDA:249,13,1,0
BRDA:257,14,0,0
BRDA:257,14,1,0
BRDA:258,15,0,0
BRDA:258,15,1,0
BRDA:338,16,0,0
BRDA:338,16,1,0
BRDA:342,17,0,0
BRDA:342,17,1,0
BRDA:357,18,0,0
BRF:34
BRH:0
end_of_record
TN:
SF:components/car-details.tsx
FN:20,CarDetails
FN:21,(anonymous_2)
FN:36,(anonymous_3)
FN:166,(anonymous_4)
FNF:4
FNH:0
FNDA:0,CarDetails
FNDA:0,(anonymous_2)
FNDA:0,(anonymous_3)
FNDA:0,(anonymous_4)
DA:3,0
DA:4,0
DA:5,0
DA:11,0
DA:20,0
DA:21,0
DA:22,0
DA:25,0
DA:37,0
DA:167,0
LF:10
LH:0
BRDA:20,0,0,0
BRDA:20,1,0,0
BRDA:25,2,0,0
BRDA:25,2,1,0
BRDA:105,3,0,0
BRDA:105,3,1,0
BRDA:105,3,2,0
BRDA:105,3,3,0
BRDA:105,3,4,0
BRDA:105,3,5,0
BRDA:112,4,0,0
BRDA:119,5,0,0
BRDA:126,6,0,0
BRDA:133,7,0,0
BRDA:140,8,0,0
BRDA:147,9,0,0
BRDA:159,10,0,0
BRDA:159,10,1,0
BRDA:178,11,0,0
BRDA:178,12,0,0
BRDA:178,12,1,0
BRDA:192,13,0,0
BRDA:203,14,0,0
BRF:23
BRH:0
end_of_record
TN:
SF:components/car-image-carousel.tsx
FN:13,CarImageCarousel
FN:17,(anonymous_3)
FN:18,(anonymous_4)
FN:22,(anonymous_5)
FN:23,(anonymous_6)
FN:27,(anonymous_7)
FN:32,(anonymous_8)
FN:116,(anonymous_9)
FN:119,(anonymous_10)
FNF:9
FNH:0
FNDA:0,CarImageCarousel
FNDA:0,(anonymous_3)
FNDA:0,(anonymous_4)
FNDA:0,(anonymous_5)
FNDA:0,(anonymous_6)
FNDA:0,(anonymous_7)
FNDA:0,(anonymous_8)
FNDA:0,(anonymous_9)
FNDA:0,(anonymous_10)
DA:3,0
DA:4,0
DA:5,0
DA:6,0
DA:13,0
DA:14,0
DA:15,0
DA:17,0
DA:18,0
DA:19,0
DA:22,0
DA:23,0
DA:24,0
DA:27,0
DA:28,0
DA:29,0
DA:32,0
DA:33,0
DA:117,0
DA:119,0
LF:20
LH:0
BRDA:42,0,0,0
BRDA:41,1,0,0
BRDA:41,1,1,0
BRDA:61,2,0,0
BRDA:88,3,0,0
BRDA:114,4,0,0
BRDA:121,5,0,0
BRDA:121,5,1,0
BRF:8
BRH:0
end_of_record
TN:
SF:components/contact-content.tsx
FN:18,ContactContent
FN:33,(anonymous_3)
FN:38,(anonymous_4)
FN:43,(anonymous_5)
FN:78,(anonymous_6)
FN:119,(anonymous_7)
FN:209,(anonymous_8)
FN:217,(anonymous_9)
FN:248,(anonymous_10)
FN:293,(anonymous_11)
FN:307,(anonymous_12)
FN:324,(anonymous_13)
FN:336,(anonymous_14)
FN:352,(anonymous_15)
FN:420,(anonymous_16)
FN:445,(anonymous_17)
FNF:16
FNH:0
FNDA:0,ContactContent
FNDA:0,(anonymous_3)
FNDA:0,(anonymous_4)
FNDA:0,(anonymous_5)
FNDA:0,(anonymous_6)
FNDA:0,(anonymous_7)
FNDA:0,(anonymous_8)
FNDA:0,(anonymous_9)
FNDA:0,(anonymous_10)
FNDA:0,(anonymous_11)
FNDA:0,(anonymous_12)
FNDA:0,(anonymous_13)
FNDA:0,(anonymous_14)
FNDA:0,(anonymous_15)
FNDA:0,(anonymous_16)
FNDA:0,(anonymous_17)
DA:5,0
DA:6,0
DA:7,0
DA:8,0
DA:9,0
DA:10,0
DA:12,0
DA:13,0
DA:14,0
DA:15,0
DA:16,0
DA:18,0
DA:19,0
DA:20,0
DA:27,0
DA:28,0
DA:29,0
DA:30,0
DA:33,0
DA:34,0
DA:35,0
DA:38,0
DA:39,0
DA:40,0
DA:43,0
DA:44,0
DA:46,0
DA:47,0
DA:48,0
DA:49,0
DA:52,0
DA:53,0
DA:54,0
DA:55,0
DA:58,0
DA:59,0
DA:62,0
DA:63,0
DA:64,0
DA:65,0
DA:68,0
DA:69,0
DA:70,0
DA:71,0
DA:74,0
DA:75,0
DA:78,0
DA:79,0
DA:82,0
DA:85,0
DA:86,0
DA:91,0
DA:94,0
DA:96,0
DA:98,0
DA:100,0
DA:102,0
DA:106,0
DA:118,0
DA:119,0
DA:120,0
DA:122,0
DA:126,0
DA:133,0
DA:135,0
DA:141,0
DA:145,0
DA:164,0
DA:182,0
DA:210,0
DA:211,0
DA:218,0
DA:249,0
DA:293,0
DA:307,0
DA:324,0
DA:336,0
DA:352,0
DA:421,0
DA:446,0
DA:447,0
LF:81
LH:0
BRDA:40,0,0,0
BRDA:40,0,1,0
BRDA:46,1,0,0
BRDA:46,1,1,0
BRDA:48,2,0,0
BRDA:48,2,1,0
BRDA:52,3,0,0
BRDA:52,3,1,0
BRDA:54,4,0,0
BRDA:54,4,1,0
BRDA:58,5,0,0
BRDA:58,5,1,0
BRDA:58,6,0,0
BRDA:58,6,1,0
BRDA:62,7,0,0
BRDA:62,7,1,0
BRDA:64,8,0,0
BRDA:64,8,1,0
BRDA:68,9,0,0
BRDA:68,9,1,0
BRDA:70,10,0,0
BRDA:70,10,1,0
BRDA:85,11,0,0
BRDA:85,11,1,0
BRDA:100,12,0,0
BRDA:100,12,1,0
BRDA:100,13,0,0
BRDA:100,13,1,0
BRDA:118,14,0,0
BRDA:118,14,1,0
BRDA:120,15,0,0
BRDA:120,15,1,0
BRDA:190,16,0,0
BRDA:190,16,1,0
BRDA:294,17,0,0
BRDA:294,17,1,0
BRDA:297,18,0,0
BRDA:308,19,0,0
BRDA:308,19,1,0
BRDA:311,20,0,0
BRDA:325,21,0,0
BRDA:325,21,1,0
BRDA:327,22,0,0
BRDA:337,23,0,0
BRDA:337,23,1,0
BRDA:340,24,0,0
BRDA:354,25,0,0
BRDA:354,25,1,0
BRDA:357,26,0,0
BRDA:369,27,0,0
BRDA:369,27,1,0
BRDA:372,28,0,0
BRDA:372,28,1,0
BRF:53
BRH:0
end_of_record
TN:
SF:components/contact-methods.tsx
FN:7,ContactMethods
FN:60,(anonymous_2)
FNF:2
FNH:0
FNDA:0,ContactMethods
FNDA:0,(anonymous_2)
DA:3,0
DA:4,0
DA:5,0
DA:7,0
DA:8,0
DA:61,0
LF:6
LH:0
BRF:0
BRH:0
end_of_record
TN:
SF:components/contact-to-buy.tsx
FN:14,ContactToBuy
FN:20,(anonymous_2)
FN:24,(anonymous_3)
FN:28,(anonymous_4)
FN:36,(anonymous_5)
FN:50,(anonymous_6)
FN:57,(anonymous_7)
FN:85,(anonymous_8)
FN:93,(anonymous_9)
FN:126,(anonymous_10)
FNF:10
FNH:0
FNDA:0,ContactToBuy
FNDA:0,(anonymous_2)
FNDA:0,(anonymous_3)
FNDA:0,(anonymous_4)
FNDA:0,(anonymous_5)
FNDA:0,(anonymous_6)
FNDA:0,(anonymous_7)
FNDA:0,(anonymous_8)
FNDA:0,(anonymous_9)
FNDA:0,(anonymous_10)
DA:3,0
DA:4,0
DA:5,0
DA:14,0
DA:17,0
DA:18,0
DA:20,0
DA:21,0
DA:24,0
DA:25,0
DA:28,0
DA:29,0
DA:33,0
DA:36,0
DA:37,0
DA:44,0
DA:50,0
DA:57,0
DA:73,0
DA:85,0
DA:93,0
DA:126,0
LF:22
LH:0
BRDA:14,0,0,0
BRDA:17,1,0,0
BRDA:17,1,1,0
BRDA:17,2,0,0
BRDA:17,2,1,0
BRDA:18,3,0,0
BRDA:18,3,1,0
BRDA:44,4,0,0
BRDA:44,4,1,0
BRDA:48,5,0,0
BRDA:73,6,0,0
BRDA:73,6,1,0
BRDA:83,7,0,0
BRDA:119,8,0,0
BRDA:119,8,1,0
BRDA:124,9,0,0
BRF:16
BRH:0
end_of_record
TN:
SF:components/contact-topbar.tsx
FN:7,(anonymous_1)
FN:9,ContactTopbar
FN:14,(anonymous_3)
FNF:3
FNH:0
FNDA:0,(anonymous_1)
FNDA:0,ContactTopbar
FNDA:0,(anonymous_3)
DA:3,0
DA:4,0
DA:7,0
DA:9,0
DA:15,0
LF:5
LH:0
BRF:0
BRH:0
end_of_record
TN:
SF:components/cookie-consent.tsx
FN:14,CookieConsent
FN:23,(anonymous_2)
FN:39,(anonymous_3)
FN:44,(anonymous_4)
FN:56,(anonymous_5)
FN:76,(anonymous_6)
FN:90,(anonymous_7)
FNF:7
FNH:0
FNDA:0,CookieConsent
FNDA:0,(anonymous_2)
FNDA:0,(anonymous_3)
FNDA:0,(anonymous_4)
FNDA:0,(anonymous_5)
FNDA:0,(anonymous_6)
FNDA:0,(anonymous_7)
DA:3,0
DA:4,0
DA:14,0
DA:15,0
DA:16,0
DA:23,0
DA:25,0
DA:26,0
DA:27,0
DA:29,0
DA:30,0
DA:31,0
DA:32,0
DA:34,0
DA:39,0
DA:41,0
DA:43,0
DA:44,0
DA:46,0
DA:47,0
DA:49,0
DA:51,0
DA:52,0
DA:56,0
DA:60,0
DA:62,0
DA:64,0
DA:68,0
DA:70,0
DA:72,0
DA:76,0
DA:77,0
DA:84,0
DA:85,0
DA:86,0
DA:87,0
DA:90,0
DA:91,0
DA:98,0
DA:99,0
DA:100,0
DA:101,0
DA:104,0
DA:105,0
LF:44
LH:0
BRDA:26,0,0,0
BRDA:26,0,1,0
BRDA:41,1,0,0
BRDA:41,1,1,0
BRDA:43,2,0,0
BRDA:43,2,1,0
BRDA:46,3,0,0
BRDA:46,3,1,0
BRDA:60,4,0,0
BRDA:60,4,1,0
BRDA:68,5,0,0
BRDA:68,5,1,0
BRDA:104,6,0,0
BRDA:104,6,1,0
BRF:14
BRH:0
end_of_record
TN:
SF:components/debug-panel.tsx
FN:44,DebugPanel
FN:54,(anonymous_2)
FN:64,(anonymous_3)
FN:71,(anonymous_4)
FN:81,(anonymous_5)
FN:91,(anonymous_6)
FN:95,(anonymous_7)
FN:99,(anonymous_8)
FN:116,(anonymous_9)
FN:117,(anonymous_10)
FN:118,(anonymous_11)
FN:119,(anonymous_12)
FN:212,(anonymous_13)
FN:231,(anonymous_14)
FN:252,(anonymous_15)
FN:253,(anonymous_16)
FN:390,(anonymous_17)
FNF:17
FNH:0
FNDA:0,DebugPanel
FNDA:0,(anonymous_2)
FNDA:0,(anonymous_3)
FNDA:0,(anonymous_4)
FNDA:0,(anonymous_5)
FNDA:0,(anonymous_6)
FNDA:0,(anonymous_7)
FNDA:0,(anonymous_8)
FNDA:0,(anonymous_9)
FNDA:0,(anonymous_10)
FNDA:0,(anonymous_11)
FNDA:0,(anonymous_12)
FNDA:0,(anonymous_13)
FNDA:0,(anonymous_14)
FNDA:0,(anonymous_15)
FNDA:0,(anonymous_16)
FNDA:0,(anonymous_17)
DA:3,0
DA:4,0
DA:5,0
DA:6,0
DA:7,0
DA:9,0
DA:19,0
DA:44,0
DA:45,0
DA:46,0
DA:47,0
DA:48,0
DA:49,0
DA:50,0
DA:51,0
DA:52,0
DA:54,0
DA:55,0
DA:56,0
DA:57,0
DA:58,0
DA:59,0
DA:60,0
DA:61,0
DA:63,0
DA:64,0
DA:70,0
DA:71,0
DA:72,0
DA:74,0
DA:75,0
DA:77,0
DA:81,0
DA:82,0
DA:88,0
DA:91,0
DA:92,0
DA:93,0
DA:95,0
DA:96,0
DA:97,0
DA:98,0
DA:99,0
DA:100,0
DA:101,0
DA:102,0
DA:103,0
DA:104,0
DA:105,0
DA:106,0
DA:108,0
DA:112,0
DA:116,0
DA:117,0
DA:118,0
DA:119,0
DA:213,0
DA:232,0
DA:252,0
DA:254,0
DA:391,0
LF:61
LH:0
BRDA:59,0,0,0
BRDA:59,0,1,0
BRDA:63,1,0,0
BRDA:63,1,1,0
BRDA:66,2,0,0
BRDA:66,2,1,0
BRDA:71,3,0,0
BRDA:71,3,1,0
BRDA:75,4,0,0
BRDA:75,4,1,0
BRDA:83,5,0,0
BRDA:83,5,1,0
BRDA:84,6,0,0
BRDA:84,6,1,0
BRDA:85,7,0,0
BRDA:85,7,1,0
BRDA:86,8,0,0
BRDA:86,8,1,0
BRDA:100,9,0,0
BRDA:100,9,1,0
BRDA:100,10,0,0
BRDA:100,10,1,0
BRDA:102,11,0,0
BRDA:102,11,1,0
BRDA:103,12,0,0
BRDA:103,12,1,0
BRDA:116,13,0,0
BRDA:116,13,1,0
BRDA:119,14,0,0
BRDA:119,14,1,0
BRDA:136,15,0,0
BRDA:136,15,1,0
BRDA:137,16,0,0
BRDA:137,16,1,0
BRDA:197,17,0,0
BRDA:197,17,1,0
BRDA:206,18,0,0
BRDA:214,19,0,0
BRDA:214,19,1,0
BRDA:214,20,0,0
BRDA:214,20,1,0
BRDA:217,21,0,0
BRDA:231,22,0,0
BRDA:231,22,1,0
BRDA:234,23,0,0
BRDA:234,23,1,0
BRDA:234,24,0,0
BRDA:234,24,1,0
BRDA:234,25,0,0
BRDA:234,25,1,0
BRDA:251,26,0,0
BRDA:251,26,1,0
BRDA:256,27,0,0
BRDA:256,27,1,0
BRDA:256,28,0,0
BRDA:256,28,1,0
BRDA:302,29,0,0
BRDA:302,29,1,0
BRDA:315,30,0,0
BRDA:366,31,0,0
BRDA:371,32,0,0
BRDA:371,32,1,0
BRDA:372,33,0,0
BRDA:372,33,1,0
BRDA:373,34,0,0
BRDA:373,34,1,0
BRDA:380,35,0,0
BRDA:380,35,1,0
BRDA:381,36,0,0
BRDA:381,36,1,0
BRDA:382,37,0,0
BRDA:382,37,1,0
BRDA:383,38,0,0
BRDA:383,38,1,0
BRDA:394,39,0,0
BRDA:394,39,1,0
BRDA:398,40,0,0
BRDA:398,40,1,0
BRDA:399,41,0,0
BRDA:399,41,1,0
BRDA:401,42,0,0
BRDA:401,42,1,0
BRDA:402,43,0,0
BRDA:402,43,1,0
BRDA:407,44,0,0
BRDA:407,44,1,0
BRDA:408,45,0,0
BRDA:408,45,1,0
BRDA:425,46,0,0
BRF:89
BRH:0
end_of_record
TN:
SF:components/error-boundary.tsx
FN:21,(anonymous_5)
FN:45,(anonymous_6)
FN:26,(anonymous_7)
FN:30,(anonymous_8)
FN:49,(anonymous_9)
FN:113,useErrorHandler
FN:116,(anonymous_11)
FN:125,(anonymous_12)
FN:133,withErrorBoundary
FN:137,WithErrorBoundary
FNF:10
FNH:0
FNDA:0,(anonymous_5)
FNDA:0,(anonymous_6)
FNDA:0,(anonymous_7)
FNDA:0,(anonymous_8)
FNDA:0,(anonymous_9)
FNDA:0,useErrorHandler
FNDA:0,(anonymous_11)
FNDA:0,(anonymous_12)
FNDA:0,withErrorBoundary
FNDA:0,WithErrorBoundary
DA:3,0
DA:4,0
DA:5,0
DA:6,0
DA:7,0
DA:20,0
DA:22,0
DA:23,0
DA:27,0
DA:32,0
DA:33,0
DA:39,0
DA:45,0
DA:46,0
DA:50,0
DA:52,0
DA:53,0
DA:108,0
DA:113,0
DA:114,0
DA:116,0
DA:117,0
DA:120,0
DA:121,0
DA:125,0
DA:126,0
DA:129,0
DA:133,0
DA:137,0
LF:29
LH:0
BRDA:32,0,0,0
BRDA:32,0,1,0
BRDA:50,1,0,0
BRDA:50,1,1,0
BRDA:52,2,0,0
BRDA:52,2,1,0
BRDA:73,3,0,0
BRDA:73,3,1,0
BRDA:120,4,0,0
BRDA:120,4,1,0
BRF:10
BRH:0
end_of_record
TN:
SF:components/error-monitor.tsx
FN:15,ErrorMonitor
FN:22,(anonymous_2)
FN:23,(anonymous_3)
FN:23,(anonymous_4)
FN:26,(anonymous_5)
FN:33,(anonymous_6)
FN:36,(anonymous_7)
FN:41,(anonymous_8)
FN:60,(anonymous_9)
FN:73,(anonymous_10)
FN:80,(anonymous_11)
FN:81,(anonymous_12)
FN:93,(anonymous_13)
FN:94,(anonymous_14)
FN:107,(anonymous_15)
FN:115,(anonymous_16)
FN:128,(anonymous_17)
FN:137,(anonymous_18)
FN:143,(anonymous_19)
FN:156,(anonymous_20)
FN:184,(anonymous_21)
FN:202,(anonymous_22)
FNF:22
FNH:0
FNDA:0,ErrorMonitor
FNDA:0,(anonymous_2)
FNDA:0,(anonymous_3)
FNDA:0,(anonymous_4)
FNDA:0,(anonymous_5)
FNDA:0,(anonymous_6)
FNDA:0,(anonymous_7)
FNDA:0,(anonymous_8)
FNDA:0,(anonymous_9)
FNDA:0,(anonymous_10)
FNDA:0,(anonymous_11)
FNDA:0,(anonymous_12)
FNDA:0,(anonymous_13)
FNDA:0,(anonymous_14)
FNDA:0,(anonymous_15)
FNDA:0,(anonymous_16)
FNDA:0,(anonymous_17)
FNDA:0,(anonymous_18)
FNDA:0,(anonymous_19)
FNDA:0,(anonymous_20)
FNDA:0,(anonymous_21)
FNDA:0,(anonymous_22)
DA:3,0
DA:4,0
DA:5,0
DA:15,0
DA:16,0
DA:17,0
DA:18,0
DA:19,0
DA:22,0
DA:23,0
DA:26,0
DA:27,0
DA:33,0
DA:36,0
DA:41,0
DA:43,0
DA:44,0
DA:45,0
DA:47,0
DA:48,0
DA:49,0
DA:50,0
DA:53,0
DA:54,0
DA:55,0
DA:56,0
DA:59,0
DA:60,0
DA:61,0
DA:62,0
DA:73,0
DA:74,0
DA:77,0
DA:78,0
DA:80,0
DA:81,0
DA:82,0
DA:85,0
DA:90,0
DA:93,0
DA:94,0
DA:95,0
DA:98,0
DA:103,0
DA:107,0
DA:108,0
DA:115,0
DA:116,0
DA:122,0
DA:123,0
DA:128,0
DA:129,0
DA:130,0
DA:131,0
DA:132,0
DA:133,0
DA:137,0
DA:138,0
DA:139,0
DA:140,0
DA:143,0
DA:144,0
DA:146,0
DA:148,0
DA:150,0
DA:152,0
DA:156,0
DA:157,0
DA:169,0
DA:185,0
DA:202,0
LF:71
LH:0
BRDA:47,0,0,0
BRDA:47,0,1,0
BRDA:47,1,0,0
BRDA:47,1,1,0
BRDA:53,2,0,0
BRDA:53,2,1,0
BRDA:59,3,0,0
BRDA:59,3,1,0
BRDA:59,4,0,0
BRDA:59,4,1,0
BRDA:61,5,0,0
BRDA:61,5,1,0
BRDA:74,6,0,0
BRDA:74,6,1,0
BRDA:82,7,0,0
BRDA:82,7,1,0
BRDA:95,8,0,0
BRDA:95,8,1,0
BRDA:133,9,0,0
BRDA:133,9,1,0
BRDA:140,10,0,0
BRDA:140,10,1,0
BRDA:144,11,0,0
BRDA:144,11,1,0
BRDA:144,11,2,0
BRDA:144,11,3,0
BRDA:169,12,0,0
BRDA:169,12,1,0
BRDA:173,13,0,0
BRDA:175,14,0,0
BRDA:175,14,1,0
BRDA:177,15,0,0
BRDA:177,15,1,0
BRDA:181,16,0,0
BRDA:181,16,1,0
BRF:35
BRH:0
end_of_record
TN:
SF:components/faq-section.tsx
FN:28,FAQSection
FN:40,(anonymous_2)
FN:44,(anonymous_3)
FNF:3
FNH:0
FNDA:0,FAQSection
FNDA:0,(anonymous_2)
FNDA:0,(anonymous_3)
DA:2,0
DA:3,0
DA:5,0
DA:28,0
DA:29,0
DA:41,0
DA:44,0
LF:7
LH:0
BRDA:44,0,0,0
BRDA:44,0,1,0
BRDA:49,1,0,0
BRF:3
BRH:0
end_of_record
TN:
SF:components/featured-cars-ssr.tsx
FN:5,FeaturedCarsSSR
FN:30,(anonymous_2)
FN:54,(anonymous_3)
FNF:3
FNH:0
FNDA:0,FeaturedCarsSSR
FNDA:0,(anonymous_2)
FNDA:0,(anonymous_3)
DA:1,0
DA:2,0
DA:5,0
DA:20,0
DA:28,0
DA:30,0
DA:55,0
LF:7
LH:0
BRDA:28,0,0,0
BRDA:28,0,1,0
BRDA:28,1,0,0
BRDA:28,1,1,0
BRDA:53,2,0,0
BRF:5
BRH:0
end_of_record
TN:
SF:components/featured-cars.tsx
FN:8,FeaturedCars
FN:12,(anonymous_2)
FN:13,(anonymous_3)
FN:49,(anonymous_4)
FN:66,(anonymous_5)
FNF:5
FNH:0
FNDA:0,FeaturedCars
FNDA:0,(anonymous_2)
FNDA:0,(anonymous_3)
FNDA:0,(anonymous_4)
FNDA:0,(anonymous_5)
DA:3,0
DA:4,0
DA:5,0
DA:8,0
DA:9,0
DA:10,0
DA:12,0
DA:13,0
DA:14,0
DA:15,0
DA:33,0
DA:35,0
DA:36,0
DA:38,0
DA:42,0
DA:45,0
DA:50,0
DA:67,0
LF:18
LH:0
BRDA:33,0,0,0
BRDA:33,0,1,0
BRDA:33,1,0,0
BRDA:33,1,1,0
BRDA:45,2,0,0
BRDA:45,2,1,0
BRDA:65,3,0,0
BRF:7
BRH:0
end_of_record
TN:
SF:components/filter-panel.tsx
FN:38,FilterPanel
FN:80,(anonymous_2)
FN:81,(anonymous_3)
FN:90,(anonymous_4)
FN:92,(anonymous_5)
FN:114,(anonymous_6)
FN:130,(anonymous_7)
FN:146,(anonymous_8)
FN:147,(anonymous_9)
FN:151,(anonymous_10)
FN:166,(anonymous_11)
FN:210,(anonymous_12)
FN:210,(anonymous_13)
FN:216,(anonymous_14)
FN:231,(anonymous_15)
FN:232,(anonymous_16)
FN:233,(anonymous_17)
FN:233,(anonymous_18)
FN:238,(anonymous_19)
FN:242,(anonymous_20)
FN:243,(anonymous_21)
FN:258,(anonymous_22)
FN:259,(anonymous_23)
FN:272,(anonymous_24)
FN:307,(anonymous_25)
FN:319,(anonymous_26)
FN:331,(anonymous_27)
FN:366,(anonymous_28)
FN:378,(anonymous_29)
FN:390,(anonymous_30)
FN:424,(anonymous_31)
FN:437,(anonymous_32)
FNF:32
FNH:0
FNDA:0,FilterPanel
FNDA:0,(anonymous_2)
FNDA:0,(anonymous_3)
FNDA:0,(anonymous_4)
FNDA:0,(anonymous_5)
FNDA:0,(anonymous_6)
FNDA:0,(anonymous_7)
FNDA:0,(anonymous_8)
FNDA:0,(anonymous_9)
FNDA:0,(anonymous_10)
FNDA:0,(anonymous_11)
FNDA:0,(anonymous_12)
FNDA:0,(anonymous_13)
FNDA:0,(anonymous_14)
FNDA:0,(anonymous_15)
FNDA:0,(anonymous_16)
FNDA:0,(anonymous_17)
FNDA:0,(anonymous_18)
FNDA:0,(anonymous_19)
FNDA:0,(anonymous_20)
FNDA:0,(anonymous_21)
FNDA:0,(anonymous_22)
FNDA:0,(anonymous_23)
FNDA:0,(anonymous_24)
FNDA:0,(anonymous_25)
FNDA:0,(anonymous_26)
FNDA:0,(anonymous_27)
FNDA:0,(anonymous_28)
FNDA:0,(anonymous_29)
FNDA:0,(anonymous_30)
FNDA:0,(anonymous_31)
FNDA:0,(anonymous_32)
DA:3,0
DA:4,0
DA:5,0
DA:6,0
DA:7,0
DA:9,0
DA:10,0
DA:11,0
DA:12,0
DA:15,0
DA:38,0
DA:40,0
DA:41,0
DA:44,0
DA:45,0
DA:46,0
DA:49,0
DA:51,0
DA:62,0
DA:63,0
DA:64,0
DA:67,0
DA:68,0
DA:69,0
DA:72,0
DA:80,0
DA:81,0
DA:82,0
DA:87,0
DA:90,0
DA:91,0
DA:92,0
DA:102,0
DA:106,0
DA:110,0
DA:114,0
DA:115,0
DA:123,0
DA:124,0
DA:125,0
DA:126,0
DA:130,0
DA:131,0
DA:140,0
DA:141,0
DA:142,0
DA:143,0
DA:146,0
DA:147,0
DA:151,0
DA:152,0
DA:153,0
DA:154,0
DA:155,0
DA:156,0
DA:157,0
DA:158,0
DA:166,0
DA:210,0
DA:216,0
DA:231,0
DA:232,0
DA:233,0
DA:239,0
DA:243,0
DA:244,0
DA:245,0
DA:259,0
DA:260,0
DA:272,0
DA:308,0
DA:309,0
DA:320,0
DA:321,0
DA:331,0
DA:367,0
DA:368,0
DA:379,0
DA:380,0
DA:390,0
DA:425,0
DA:426,0
DA:437,0
LF:83
LH:0
BRDA:91,0,0,0
BRDA:91,0,1,0
BRDA:94,1,0,0
BRDA:94,1,1,0
BRDA:95,2,0,0
BRDA:95,2,1,0
BRDA:96,3,0,0
BRDA:96,3,1,0
BRDA:97,4,0,0
BRDA:97,4,1,0
BRDA:98,5,0,0
BRDA:98,5,1,0
BRDA:99,6,0,0
BRDA:99,6,1,0
BRDA:100,7,0,0
BRDA:100,7,1,0
BRDA:103,8,0,0
BRDA:103,8,1,0
BRDA:104,9,0,0
BRDA:104,9,1,0
BRDA:107,10,0,0
BRDA:107,10,1,0
BRDA:108,11,0,0
BRDA:108,11,1,0
BRDA:110,12,0,0
BRDA:110,12,1,0
BRDA:117,13,0,0
BRDA:117,13,1,0
BRDA:118,14,0,0
BRDA:118,14,1,0
BRDA:119,15,0,0
BRDA:119,15,1,0
BRDA:120,16,0,0
BRDA:120,16,1,0
BRDA:121,17,0,0
BRDA:121,17,1,0
BRDA:124,18,0,0
BRDA:124,18,1,0
BRDA:153,19,0,0
BRDA:153,19,1,0
BRDA:154,20,0,0
BRDA:154,20,1,0
BRDA:155,21,0,0
BRDA:155,21,1,0
BRDA:155,22,0,0
BRDA:155,22,1,0
BRDA:156,23,0,0
BRDA:156,23,1,0
BRDA:156,24,0,0
BRDA:156,24,1,0
BRDA:157,25,0,0
BRDA:157,25,1,0
BRDA:173,26,0,0
BRDA:179,27,0,0
BRDA:184,28,0,0
BRDA:184,28,1,0
BRDA:188,29,0,0
BRDA:221,30,0,0
BRDA:223,31,0,0
BRDA:236,32,0,0
BRDA:236,32,1,0
BRDA:254,33,0,0
BRDA:277,34,0,0
BRDA:277,34,1,0
BRDA:283,35,0,0
BRDA:308,36,0,0
BRDA:308,36,1,0
BRDA:320,37,0,0
BRDA:320,37,1,0
BRDA:336,38,0,0
BRDA:336,38,1,0
BRDA:342,39,0,0
BRDA:367,40,0,0
BRDA:367,40,1,0
BRDA:379,41,0,0
BRDA:379,41,1,0
BRDA:395,42,0,0
BRDA:401,43,0,0
BRDA:425,44,0,0
BRDA:425,44,1,0
BRF:80
BRH:0
end_of_record
TN:
SF:components/floating-compare-button.tsx
FN:11,FloatingCompareButton
FN:16,(anonymous_5)
FN:18,(anonymous_6)
FN:21,(anonymous_7)
FN:42,(anonymous_8)
FN:54,(anonymous_9)
FN:70,(anonymous_10)
FNF:7
FNH:0
FNDA:0,FloatingCompareButton
FNDA:0,(anonymous_5)
FNDA:0,(anonymous_6)
FNDA:0,(anonymous_7)
FNDA:0,(anonymous_8)
FNDA:0,(anonymous_9)
FNDA:0,(anonymous_10)
DA:3,0
DA:4,0
DA:5,0
DA:6,0
DA:7,0
DA:8,0
DA:11,0
DA:12,0
DA:13,0
DA:14,0
DA:16,0
DA:18,0
DA:19,0
DA:21,0
DA:22,0
DA:28,0
DA:29,0
DA:31,0
DA:32,0
DA:36,0
DA:39,0
DA:42,0
DA:54,0
DA:70,0
LF:24
LH:0
BRDA:28,0,0,0
BRDA:28,0,1,0
BRDA:39,1,0,0
BRDA:39,1,1,0
BRDA:67,2,0,0
BRF:5
BRH:0
end_of_record
TN:
SF:components/footer.tsx
FN:12,Footer
FN:90,(anonymous_3)
FNF:2
FNH:0
FNDA:0,Footer
FNDA:0,(anonymous_3)
DA:3,0
DA:4,0
DA:5,0
DA:6,0
DA:8,0
DA:10,0
DA:12,0
DA:91,0
LF:8
LH:0
BRF:0
BRH:0
end_of_record
TN:
SF:components/google-reviews.tsx
FN:23,GoogleReviews
FN:30,(anonymous_3)
FN:31,(anonymous_4)
FN:83,(anonymous_5)
FN:113,(anonymous_6)
FN:166,(anonymous_7)
FNF:6
FNH:0
FNDA:0,GoogleReviews
FNDA:0,(anonymous_3)
FNDA:0,(anonymous_4)
FNDA:0,(anonymous_5)
FNDA:0,(anonymous_6)
FNDA:0,(anonymous_7)
DA:3,0
DA:4,0
DA:5,0
DA:6,0
DA:7,0
DA:23,0
DA:24,0
DA:25,0
DA:26,0
DA:27,0
DA:28,0
DA:30,0
DA:31,0
DA:32,0
DA:33,0
DA:37,0
DA:83,0
DA:85,0
DA:88,0
DA:90,0
DA:91,0
DA:93,0
DA:97,0
DA:100,0
DA:114,0
DA:136,0
DA:167,0
LF:27
LH:0
BRDA:23,0,0,0
BRDA:23,1,0,0
BRDA:100,2,0,0
BRDA:100,2,1,0
BRDA:136,3,0,0
BRDA:136,3,1,0
BRDA:172,4,0,0
BRDA:172,4,1,0
BRF:8
BRH:0
end_of_record
TN:
SF:components/hero-section.tsx
FN:9,HeroSection
FNF:1
FNH:0
FNDA:0,HeroSection
DA:3,0
DA:4,0
DA:5,0
DA:6,0
DA:7,0
DA:9,0
LF:6
LH:0
BRF:0
BRH:0
end_of_record
TN:
SF:components/image-upload.tsx
FN:18,ImageUpload
FN:31,(anonymous_3)
FN:49,(anonymous_4)
FN:51,(anonymous_5)
FN:67,(anonymous_6)
FN:89,(anonymous_7)
FN:99,(anonymous_8)
FN:109,(anonymous_9)
FN:115,(anonymous_10)
FN:116,(anonymous_11)
FN:123,(anonymous_12)
FN:143,(anonymous_13)
FN:155,(anonymous_14)
FNF:13
FNH:0
FNDA:0,ImageUpload
FNDA:0,(anonymous_3)
FNDA:0,(anonymous_4)
FNDA:0,(anonymous_5)
FNDA:0,(anonymous_6)
FNDA:0,(anonymous_7)
FNDA:0,(anonymous_8)
FNDA:0,(anonymous_9)
FNDA:0,(anonymous_10)
FNDA:0,(anonymous_11)
FNDA:0,(anonymous_12)
FNDA:0,(anonymous_13)
FNDA:0,(anonymous_14)
DA:3,0
DA:4,0
DA:5,0
DA:6,0
DA:7,0
DA:8,0
DA:18,0
DA:25,0
DA:26,0
DA:27,0
DA:28,0
DA:29,0
DA:31,0
DA:32,0
DA:33,0
DA:35,0
DA:40,0
DA:41,0
DA:42,0
DA:45,0
DA:46,0
DA:49,0
DA:50,0
DA:51,0
DA:53,0
DA:54,0
DA:55,0
DA:58,0
DA:59,0
DA:60,0
DA:63,0
DA:64,0
DA:66,0
DA:67,0
DA:68,0
DA:69,0
DA:70,0
DA:73,0
DA:74,0
DA:76,0
DA:77,0
DA:79,0
DA:81,0
DA:82,0
DA:84,0
DA:85,0
DA:89,0
DA:90,0
DA:91,0
DA:92,0
DA:93,0
DA:94,0
DA:95,0
DA:99,0
DA:100,0
DA:101,0
DA:102,0
DA:104,0
DA:105,0
DA:109,0
DA:110,0
DA:111,0
DA:115,0
DA:116,0
DA:117,0
DA:118,0
DA:119,0
DA:120,0
DA:123,0
DA:124,0
DA:144,0
DA:155,0
LF:72
LH:0
BRDA:20,0,0,0
BRDA:22,1,0,0
BRDA:23,2,0,0
BRDA:40,3,0,0
BRDA:40,3,1,0
BRDA:42,4,0,0
BRDA:42,4,1,0
BRDA:53,5,0,0
BRDA:53,5,1,0
BRDA:58,6,0,0
BRDA:58,6,1,0
BRDA:82,7,0,0
BRDA:82,7,1,0
BRDA:92,8,0,0
BRDA:92,8,1,0
BRDA:92,9,0,0
BRDA:92,9,1,0
BRDA:94,10,0,0
BRDA:94,10,1,0
BRDA:104,11,0,0
BRDA:104,11,1,0
BRDA:104,12,0,0
BRDA:104,12,1,0
BRDA:110,13,0,0
BRDA:110,13,1,0
BRDA:110,14,0,0
BRDA:110,14,1,0
BRDA:130,15,0,0
BRDA:141,16,0,0
BRDA:170,17,0,0
BRDA:173,18,0,0
BRDA:173,18,1,0
BRDA:176,19,0,0
BRDA:176,19,1,0
BRDA:227,20,0,0
BRF:35
BRH:0
end_of_record
TN:
SF:components/listings-content.tsx
FN:31,ListingsContent
FN:46,(anonymous_2)
FN:56,(anonymous_3)
FN:57,(anonymous_4)
FN:83,(anonymous_5)
FN:88,(anonymous_6)
FN:91,(anonymous_7)
FN:106,(anonymous_8)
FN:136,(anonymous_9)
FN:159,(anonymous_10)
FN:166,(anonymous_11)
FN:166,(anonymous_12)
FN:170,(anonymous_13)
FN:180,(anonymous_14)
FNF:14
FNH:0
FNDA:0,ListingsContent
FNDA:0,(anonymous_2)
FNDA:0,(anonymous_3)
FNDA:0,(anonymous_4)
FNDA:0,(anonymous_5)
FNDA:0,(anonymous_6)
FNDA:0,(anonymous_7)
FNDA:0,(anonymous_8)
FNDA:0,(anonymous_9)
FNDA:0,(anonymous_10)
FNDA:0,(anonymous_11)
FNDA:0,(anonymous_12)
FNDA:0,(anonymous_13)
FNDA:0,(anonymous_14)
DA:3,0
DA:4,0
DA:5,0
DA:6,0
DA:7,0
DA:8,0
DA:11,0
DA:12,0
DA:31,0
DA:32,0
DA:33,0
DA:34,0
DA:43,0
DA:46,0
DA:47,0
DA:49,0
DA:50,0
DA:52,0
DA:53,0
DA:56,0
DA:57,0
DA:58,0
DA:63,0
DA:65,0
DA:68,0
DA:71,0
DA:73,0
DA:78,0
DA:79,0
DA:80,0
DA:81,0
DA:83,0
DA:84,0
DA:85,0
DA:86,0
DA:87,0
DA:88,0
DA:91,0
DA:92,0
DA:93,0
DA:106,0
DA:137,0
DA:159,0
DA:166,0
DA:167,0
DA:170,0
DA:180,0
LF:47
LH:0
BRDA:43,0,0,0
BRDA:43,0,1,0
BRDA:47,1,0,0
BRDA:47,1,1,0
BRDA:58,2,0,0
BRDA:58,2,1,0
BRDA:58,2,2,0
BRDA:58,2,3,0
BRDA:63,3,0,0
BRDA:63,3,1,0
BRDA:65,4,0,0
BRDA:65,4,1,0
BRDA:65,4,2,0
BRDA:65,4,3,0
BRDA:68,5,0,0
BRDA:68,5,1,0
BRDA:68,5,2,0
BRDA:68,5,3,0
BRDA:71,6,0,0
BRDA:71,6,1,0
BRDA:73,7,0,0
BRDA:73,7,1,0
BRDA:73,7,2,0
BRDA:73,7,3,0
BRDA:73,7,4,0
BRDA:86,8,0,0
BRDA:86,8,1,0
BRDA:112,9,0,0
BRDA:112,9,1,0
BRDA:114,10,0,0
BRDA:121,11,0,0
BRDA:121,11,1,0
BRDA:123,12,0,0
BRDA:135,13,0,0
BRDA:154,14,0,0
BRDA:169,15,0,0
BRDA:169,15,1,0
BRDA:172,16,0,0
BRDA:172,16,1,0
BRF:39
BRH:0
end_of_record
TN:
SF:components/loading-spinner.tsx
FN:1,LoadingSpinner
FNF:1
FNH:0
FNDA:0,LoadingSpinner
DA:1,0
LF:1
LH:0
BRF:0
BRH:0
end_of_record
TN:
SF:components/mobile-contact-methods.tsx
FN:13,MobileContactMethods
FN:18,(anonymous_2)
FN:22,(anonymous_3)
FN:26,(anonymous_4)
FN:31,(anonymous_5)
FN:35,(anonymous_6)
FN:55,(anonymous_7)
FN:65,(anonymous_8)
FN:75,(anonymous_9)
FNF:9
FNH:9
FNDA:19,MobileContactMethods
FNDA:1,(anonymous_2)
FNDA:1,(anonymous_3)
FNDA:1,(anonymous_4)
FNDA:1,(anonymous_5)
FNDA:1,(anonymous_6)
FNDA:1,(anonymous_7)
FNDA:1,(anonymous_8)
FNDA:1,(anonymous_9)
DA:3,1
DA:4,1
DA:5,1
DA:13,19
DA:18,19
DA:19,1
DA:22,19
DA:23,1
DA:26,19
DA:27,1
DA:28,1
DA:31,19
DA:32,1
DA:35,19
DA:36,1
DA:39,19
DA:45,19
DA:55,1
DA:65,1
DA:75,1
LF:20
LH:20
BRDA:14,0,0,17
BRDA:15,1,0,18
BRDA:16,2,0,13
BRDA:60,3,0,19
BRDA:60,3,1,18
BRDA:70,4,0,19
BRDA:70,4,1,18
BRDA:80,5,0,19
BRDA:80,5,1,18
BRDA:90,6,0,19
BRDA:90,6,1,18
BRDA:100,7,0,19
BRDA:100,7,1,18
BRF:13
BRH:13
end_of_record
TN:
SF:components/mobile-optimized-form.tsx
FN:29,MobileOptimizedForm
FN:47,(anonymous_2)
FN:48,(anonymous_3)
FN:51,(anonymous_4)
FN:55,(anonymous_5)
FN:69,(anonymous_6)
FN:89,(anonymous_7)
FN:97,(anonymous_8)
FN:123,(anonymous_9)
FN:142,(anonymous_10)
FN:161,(anonymous_11)
FN:181,(anonymous_12)
FN:199,(anonymous_13)
FN:211,(anonymous_14)
FN:233,(anonymous_15)
FN:249,(anonymous_16)
FNF:16
FNH:0
FNDA:0,MobileOptimizedForm
FNDA:0,(anonymous_2)
FNDA:0,(anonymous_3)
FNDA:0,(anonymous_4)
FNDA:0,(anonymous_5)
FNDA:0,(anonymous_6)
FNDA:0,(anonymous_7)
FNDA:0,(anonymous_8)
FNDA:0,(anonymous_9)
FNDA:0,(anonymous_10)
FNDA:0,(anonymous_11)
FNDA:0,(anonymous_12)
FNDA:0,(anonymous_13)
FNDA:0,(anonymous_14)
FNDA:0,(anonymous_15)
FNDA:0,(anonymous_16)
DA:3,0
DA:4,0
DA:5,0
DA:6,0
DA:7,0
DA:8,0
DA:9,0
DA:10,0
DA:29,0
DA:34,0
DA:45,0
DA:47,0
DA:48,0
DA:50,0
DA:51,0
DA:55,0
DA:56,0
DA:58,0
DA:59,0
DA:60,0
DA:61,0
DA:62,0
DA:63,0
DA:65,0
DA:66,0
DA:69,0
DA:70,0
DA:72,0
DA:73,0
DA:75,0
DA:85,0
DA:89,0
DA:90,0
DA:91,0
DA:92,0
DA:93,0
DA:97,0
DA:98,0
DA:99,0
DA:100,0
DA:101,0
DA:123,0
DA:142,0
DA:161,0
DA:181,0
DA:199,0
DA:211,0
DA:233,0
DA:249,0
LF:49
LH:0
BRDA:30,0,0,0
BRDA:32,1,0,0
BRDA:50,2,0,0
BRDA:50,2,1,0
BRDA:58,3,0,0
BRDA:58,3,1,0
BRDA:59,4,0,0
BRDA:59,4,1,0
BRDA:60,5,0,0
BRDA:60,5,1,0
BRDA:61,6,0,0
BRDA:61,6,1,0
BRDA:62,7,0,0
BRDA:62,7,1,0
BRDA:63,8,0,0
BRDA:63,8,1,0
BRDA:72,9,0,0
BRDA:72,9,1,0
BRDA:90,10,0,0
BRDA:90,10,1,0
BRDA:90,10,2,0
BRDA:98,11,0,0
BRDA:98,11,1,0
BRDA:98,11,2,0
BRDA:125,12,0,0
BRDA:125,12,1,0
BRDA:129,13,0,0
BRDA:144,14,0,0
BRDA:144,14,1,0
BRDA:148,15,0,0
BRDA:163,16,0,0
BRDA:163,16,1,0
BRDA:167,17,0,0
BRDA:171,18,0,0
BRDA:171,18,1,0
BRDA:190,19,0,0
BRDA:234,20,0,0
BRDA:234,20,1,0
BRDA:235,21,0,0
BRDA:235,21,1,0
BRDA:237,22,0,0
BRDA:237,22,1,0
BRDA:240,23,0,0
BRDA:264,24,0,0
BRDA:274,25,0,0
BRDA:274,25,1,0
BRDA:275,26,0,0
BRDA:275,26,1,0
BRF:48
BRH:0
end_of_record
TN:
SF:components/mobile-touch-gestures.tsx
FN:22,MobileTouchGestures
FN:46,(anonymous_4)
FN:63,(anonymous_5)
FN:82,(anonymous_6)
FN:123,(anonymous_7)
FN:132,(anonymous_8)
FN:141,(anonymous_9)
FN:150,(anonymous_10)
FN:152,(anonymous_11)
FN:220,withTouchGestures
FN:224,TouchGesturesWrapper
FNF:11
FNH:0
FNDA:0,MobileTouchGestures
FNDA:0,(anonymous_4)
FNDA:0,(anonymous_5)
FNDA:0,(anonymous_6)
FNDA:0,(anonymous_7)
FNDA:0,(anonymous_8)
FNDA:0,(anonymous_9)
FNDA:0,(anonymous_10)
FNDA:0,(anonymous_11)
FNDA:0,withTouchGestures
FNDA:0,TouchGesturesWrapper
DA:3,0
DA:5,0
DA:22,0
DA:36,0
DA:37,0
DA:38,0
DA:39,0
DA:40,0
DA:41,0
DA:44,0
DA:46,0
DA:47,0
DA:48,0
DA:54,0
DA:55,0
DA:59,0
DA:63,0
DA:64,0
DA:65,0
DA:70,0
DA:71,0
DA:72,0
DA:73,0
DA:75,0
DA:77,0
DA:82,0
DA:83,0
DA:85,0
DA:86,0
DA:87,0
DA:88,0
DA:90,0
DA:91,0
DA:92,0
DA:93,0
DA:95,0
DA:99,0
DA:100,0
DA:101,0
DA:103,0
DA:109,0
DA:110,0
DA:111,0
DA:112,0
DA:113,0
DA:115,0
DA:118,0
DA:119,0
DA:120,0
DA:123,0
DA:124,0
DA:125,0
DA:132,0
DA:133,0
DA:134,0
DA:136,0
DA:137,0
DA:138,0
DA:139,0
DA:141,0
DA:142,0
DA:143,0
DA:144,0
DA:145,0
DA:150,0
DA:151,0
DA:152,0
DA:220,0
DA:224,0
LF:69
LH:0
BRDA:24,0,0,0
BRDA:25,1,0,0
BRDA:26,2,0,0
BRDA:27,3,0,0
BRDA:54,4,0,0
BRDA:54,4,1,0
BRDA:54,5,0,0
BRDA:54,5,1,0
BRDA:64,6,0,0
BRDA:64,6,1,0
BRDA:64,7,0,0
BRDA:64,7,1,0
BRDA:64,7,2,0
BRDA:71,8,0,0
BRDA:71,8,1,0
BRDA:72,9,0,0
BRDA:72,9,1,0
BRDA:83,10,0,0
BRDA:83,10,1,0
BRDA:83,11,0,0
BRDA:83,11,1,0
BRDA:90,12,0,0
BRDA:90,12,1,0
BRDA:91,13,0,0
BRDA:91,13,1,0
BRDA:91,14,0,0
BRDA:91,14,1,0
BRDA:92,15,0,0
BRDA:92,15,1,0
BRDA:99,16,0,0
BRDA:99,16,1,0
BRDA:99,17,0,0
BRDA:99,17,1,0
BRDA:100,18,0,0
BRDA:100,18,1,0
BRDA:109,19,0,0
BRDA:109,19,1,0
BRDA:112,20,0,0
BRDA:112,20,1,0
BRDA:112,21,0,0
BRDA:112,21,1,0
BRDA:124,22,0,0
BRDA:124,22,1,0
BRDA:134,23,0,0
BRDA:134,23,1,0
BRDA:165,24,0,0
BRDA:169,25,0,0
BRDA:182,26,0,0
BRDA:195,27,0,0
BRDA:205,28,0,0
BRF:50
BRH:0
end_of_record
TN:
SF:components/navbar.tsx
FN:14,Navbar
FN:19,(anonymous_3)
FN:20,(anonymous_4)
FN:22,(anonymous_5)
FN:25,(anonymous_6)
FN:25,(anonymous_7)
FN:26,(anonymous_8)
FN:93,(anonymous_9)
FNF:8
FNH:5
FNDA:15,Navbar
FNDA:11,(anonymous_3)
FNDA:0,(anonymous_4)
FNDA:11,(anonymous_5)
FNDA:2,(anonymous_6)
FNDA:2,(anonymous_7)
FNDA:0,(anonymous_8)
FNDA:0,(anonymous_9)
DA:3,1
DA:4,1
DA:5,1
DA:6,1
DA:7,1
DA:8,1
DA:9,1
DA:10,1
DA:12,1
DA:14,12
DA:15,15
DA:16,14
DA:17,14
DA:19,14
DA:20,11
DA:21,11
DA:22,11
DA:25,14
DA:26,14
DA:93,0
LF:20
LH:19
BRDA:32,0,0,0
BRDA:32,0,1,14
BRDA:54,1,0,7
BRDA:54,1,1,7
BRDA:57,2,0,7
BRDA:57,2,1,7
BRDA:60,3,0,0
BRDA:60,3,1,14
BRDA:63,4,0,0
BRDA:63,4,1,14
BRDA:80,5,0,2
BRDA:80,5,1,12
BRDA:85,6,0,2
BRDA:93,7,0,0
BRDA:93,7,1,0
BRDA:100,8,0,7
BRDA:100,8,1,7
BRDA:101,9,0,7
BRDA:101,9,1,7
BRDA:102,10,0,0
BRDA:102,10,1,14
BRDA:103,11,0,0
BRDA:103,11,1,14
BRF:23
BRH:16
end_of_record
TN:
SF:components/nonce-context.tsx
FN:9,NonceProvider
FN:13,useNonce
FNF:2
FNH:0
FNDA:0,NonceProvider
FNDA:0,useNonce
DA:3,0
DA:7,0
DA:9,0
DA:13,0
DA:14,0
DA:17,0
LF:6
LH:0
BRF:0
BRH:0
end_of_record
TN:
SF:components/preloader.tsx
FN:6,Preloader
FN:10,(anonymous_3)
FN:12,(anonymous_4)
FN:13,(anonymous_5)
FN:16,(anonymous_6)
FN:24,(anonymous_7)
FN:28,(anonymous_8)
FNF:7
FNH:0
FNDA:0,Preloader
FNDA:0,(anonymous_3)
FNDA:0,(anonymous_4)
FNDA:0,(anonymous_5)
FNDA:0,(anonymous_6)
FNDA:0,(anonymous_7)
FNDA:0,(anonymous_8)
DA:3,0
DA:4,0
DA:6,0
DA:7,0
DA:8,0
DA:10,0
DA:12,0
DA:13,0
DA:14,0
DA:15,0
DA:16,0
DA:17,0
DA:19,0
DA:24,0
DA:25,0
DA:28,0
DA:29,0
DA:30,0
DA:34,0
LF:19
LH:0
BRDA:14,0,0,0
BRDA:14,0,1,0
BRDA:34,1,0,0
BRDA:34,1,1,0
BRDA:75,2,0,0
BRDA:75,2,1,0
BRDA:76,3,0,0
BRDA:76,3,1,0
BRDA:76,3,2,0
BRDA:77,4,0,0
BRDA:77,4,1,0
BRDA:77,4,2,0
BRDA:78,5,0,0
BRDA:78,5,1,0
BRF:14
BRH:0
end_of_record
TN:
SF:components/protected-route.tsx
FN:14,ProtectedRoute
FN:18,(anonymous_2)
FNF:2
FNH:0
FNDA:0,ProtectedRoute
FNDA:0,(anonymous_2)
DA:5,0
DA:6,0
DA:7,0
DA:8,0
DA:14,0
DA:15,0
DA:16,0
DA:18,0
DA:19,0
DA:20,0
DA:21,0
DA:26,0
DA:27,0
DA:30,0
DA:31,0
LF:15
LH:0
BRDA:19,0,0,0
BRDA:19,0,1,0
BRDA:20,1,0,0
BRDA:20,1,1,0
BRDA:26,2,0,0
BRDA:26,2,1,0
BRDA:30,3,0,0
BRDA:30,3,1,0
BRF:8
BRH:0
end_of_record
TN:
SF:components/providers.tsx
FN:10,(anonymous_5)
FN:10,(anonymous_6)
FN:10,(anonymous_7)
FN:10,(anonymous_9)
FN:13,Providers
FN:17,(anonymous_11)
FN:18,(anonymous_12)
FN:23,(anonymous_13)
FNF:8
FNH:0
FNDA:0,(anonymous_5)
FNDA:0,(anonymous_6)
FNDA:0,(anonymous_7)
FNDA:0,(anonymous_9)
FNDA:0,Providers
FNDA:0,(anonymous_11)
FNDA:0,(anonymous_12)
FNDA:0,(anonymous_13)
DA:3,0
DA:4,0
DA:5,0
DA:6,0
DA:7,0
DA:8,0
DA:10,0
DA:13,0
DA:15,0
DA:17,0
DA:18,0
DA:19,0
DA:22,0
DA:23,0
DA:25,0
LF:15
LH:0
BRDA:22,0,0,0
BRDA:22,0,1,0
BRDA:46,1,0,0
BRDA:46,1,1,0
BRF:4
BRH:0
end_of_record
TN:
SF:components/push-notifications.tsx
FN:3,PushNotifications
FNF:1
FNH:0
FNDA:0,PushNotifications
DA:3,0
DA:4,0
LF:2
LH:0
BRF:0
BRH:0
end_of_record
TN:
SF:components/review-form.tsx
FN:17,ReviewForm
FN:24,(anonymous_2)
FN:50,(anonymous_3)
FN:82,(anonymous_4)
FN:98,(anonymous_5)
FNF:5
FNH:0
FNDA:0,ReviewForm
FNDA:0,(anonymous_2)
FNDA:0,(anonymous_3)
FNDA:0,(anonymous_4)
FNDA:0,(anonymous_5)
DA:5,0
DA:6,0
DA:7,0
DA:8,0
DA:9,0
DA:10,0
DA:11,0
DA:17,0
DA:18,0
DA:19,0
DA:20,0
DA:21,0
DA:22,0
DA:24,0
DA:25,0
DA:27,0
DA:28,0
DA:33,0
DA:36,0
DA:38,0
DA:39,0
DA:49,0
DA:50,0
DA:51,0
DA:54,0
DA:59,0
DA:60,0
DA:61,0
DA:63,0
DA:69,0
DA:82,0
DA:98,0
LF:32
LH:0
BRDA:27,0,0,0
BRDA:27,0,1,0
BRDA:27,1,0,0
BRDA:27,1,1,0
BRDA:49,2,0,0
BRDA:49,2,1,0
BRDA:51,3,0,0
BRDA:51,3,1,0
BRDA:106,4,0,0
BRDA:106,4,1,0
BRF:10
BRH:0
end_of_record
TN:
SF:components/search-section.tsx
FN:9,SearchSection
FN:16,(anonymous_2)
FN:25,(anonymous_3)
FN:52,(anonymous_4)
FN:123,(anonymous_5)
FN:167,(anonymous_6)
FN:184,(anonymous_7)
FNF:7
FNH:0
FNDA:0,SearchSection
FNDA:0,(anonymous_2)
FNDA:0,(anonymous_3)
FNDA:0,(anonymous_4)
FNDA:0,(anonymous_5)
FNDA:0,(anonymous_6)
FNDA:0,(anonymous_7)
DA:3,0
DA:4,0
DA:5,0
DA:6,0
DA:7,0
DA:9,0
DA:10,0
DA:11,0
DA:12,0
DA:13,0
DA:14,0
DA:16,0
DA:17,0
DA:19,0
DA:20,0
DA:24,0
DA:25,0
DA:52,0
DA:124,0
DA:168,0
DA:169,0
DA:170,0
DA:171,0
DA:172,0
DA:185,0
LF:25
LH:0
BRDA:19,0,0,0
BRDA:19,0,1,0
BRF:2
BRH:0
end_of_record
TN:
SF:components/similar-cars.tsx
FN:16,SimilarCars
FN:19,(anonymous_2)
FN:20,(anonymous_3)
FN:33,(anonymous_4)
FN:37,(anonymous_5)
FN:38,(anonymous_6)
FN:39,(anonymous_7)
FN:40,(anonymous_8)
FN:42,(anonymous_9)
FN:59,(anonymous_10)
FNF:10
FNH:0
FNDA:0,SimilarCars
FNDA:0,(anonymous_2)
FNDA:0,(anonymous_3)
FNDA:0,(anonymous_4)
FNDA:0,(anonymous_5)
FNDA:0,(anonymous_6)
FNDA:0,(anonymous_7)
FNDA:0,(anonymous_8)
FNDA:0,(anonymous_9)
FNDA:0,(anonymous_10)
DA:3,0
DA:4,0
DA:6,0
DA:16,0
DA:17,0
DA:19,0
DA:20,0
DA:21,0
DA:22,0
DA:23,0
DA:25,0
DA:26,0
DA:27,0
DA:28,0
DA:30,0
DA:33,0
DA:34,0
DA:36,0
DA:37,0
DA:38,0
DA:39,0
DA:40,0
DA:42,0
DA:45,0
DA:48,0
DA:49,0
DA:60,0
LF:27
LH:0
BRDA:16,0,0,0
BRDA:25,1,0,0
BRDA:25,1,1,0
BRDA:26,2,0,0
BRDA:26,2,1,0
BRDA:27,3,0,0
BRDA:27,3,1,0
BRDA:28,4,0,0
BRDA:28,4,1,0
BRDA:34,5,0,0
BRDA:34,5,1,0
BRDA:37,6,0,0
BRDA:37,6,1,0
BRDA:48,7,0,0
BRDA:48,7,1,0
BRF:15
BRH:0
end_of_record
TN:
SF:components/smart-search.tsx
FN:18,SmartSearch
FN:24,(anonymous_3)
FN:26,(anonymous_4)
FN:41,(anonymous_5)
FN:53,(anonymous_6)
FN:54,(anonymous_7)
FN:61,(anonymous_8)
FN:62,(anonymous_9)
FNF:8
FNH:0
FNDA:0,SmartSearch
FNDA:0,(anonymous_3)
FNDA:0,(anonymous_4)
FNDA:0,(anonymous_5)
FNDA:0,(anonymous_6)
FNDA:0,(anonymous_7)
FNDA:0,(anonymous_8)
FNDA:0,(anonymous_9)
DA:5,0
DA:6,0
DA:7,0
DA:8,0
DA:10,0
DA:18,0
DA:19,0
DA:20,0
DA:21,0
DA:22,0
DA:24,0
DA:25,0
DA:26,0
DA:27,0
DA:33,0
DA:34,0
DA:36,0
DA:37,0
DA:41,0
DA:42,0
DA:53,0
DA:54,0
DA:62,0
LF:23
LH:0
BRDA:18,0,0,0
BRDA:18,1,0,0
BRDA:25,2,0,0
BRDA:25,2,1,0
BRDA:25,3,0,0
BRDA:25,3,1,0
BRDA:27,4,0,0
BRDA:27,4,1,0
BRDA:27,4,2,0
BRDA:27,4,3,0
BRDA:58,5,0,0
BRDA:58,5,1,0
BRF:12
BRH:0
end_of_record
TN:
SF:components/star-rating.tsx
FN:12,StarRating
FN:19,(anonymous_2)
FN:29,(anonymous_3)
FNF:3
FNH:0
FNDA:0,StarRating
FNDA:0,(anonymous_2)
FNDA:0,(anonymous_3)
DA:3,0
DA:12,0
DA:13,0
DA:19,0
DA:20,0
DA:21,0
DA:22,0
DA:24,0
DA:29,0
LF:9
LH:0
BRDA:12,0,0,0
BRDA:12,1,0,0
BRDA:22,2,0,0
BRDA:22,2,1,0
BRDA:29,3,0,0
BRDA:29,3,1,0
BRDA:30,4,0,0
BRDA:30,4,1,0
BRDA:31,5,0,0
BRDA:31,5,1,0
BRDA:36,6,0,0
BRDA:36,6,1,0
BRDA:36,7,0,0
BRDA:36,7,1,0
BRF:14
BRH:0
end_of_record
TN:
SF:components/sticky-contact-bar.tsx
FN:7,StickyContactBar
FN:8,(anonymous_2)
FN:10,(anonymous_3)
FN:14,(anonymous_4)
FN:26,(anonymous_5)
FN:31,(anonymous_6)
FN:40,(anonymous_7)
FN:48,(anonymous_8)
FNF:8
FNH:0
FNDA:0,StickyContactBar
FNDA:0,(anonymous_2)
FNDA:0,(anonymous_3)
FNDA:0,(anonymous_4)
FNDA:0,(anonymous_5)
FNDA:0,(anonymous_6)
FNDA:0,(anonymous_7)
FNDA:0,(anonymous_8)
DA:3,0
DA:4,0
DA:5,0
DA:7,0
DA:8,0
DA:10,0
DA:11,0
DA:14,0
DA:15,0
DA:19,0
DA:20,0
DA:21,0
DA:27,0
DA:31,0
DA:40,0
DA:48,0
LF:16
LH:0
BRDA:21,0,0,0
BRDA:21,0,1,0
BRF:2
BRH:0
end_of_record
TN:
SF:components/testimonials-section.tsx
FN:57,TestimonialsSection
FN:71,(anonymous_2)
FNF:2
FNH:0
FNDA:0,TestimonialsSection
FNDA:0,(anonymous_2)
DA:3,0
DA:4,0
DA:6,0
DA:57,0
DA:72,0
LF:5
LH:0
BRF:0
BRH:0
end_of_record
TN:
SF:components/theme-provider.tsx
FN:9,ThemeProvider
FNF:1
FNH:0
FNDA:0,ThemeProvider
DA:3,0
DA:7,0
DA:9,0
LF:3
LH:0
BRF:0
BRH:0
end_of_record
TN:
SF:components/theme-toggle.tsx
FN:13,ThemeToggle
FN:16,(anonymous_2)
FN:53,(anonymous_3)
FN:60,(anonymous_4)
FN:67,(anonymous_5)
FNF:5
FNH:2
FNDA:9,ThemeToggle
FNDA:3,(anonymous_2)
FNDA:0,(anonymous_3)
FNDA:0,(anonymous_4)
FNDA:0,(anonymous_5)
DA:3,1
DA:4,1
DA:5,1
DA:11,1
DA:13,9
DA:14,9
DA:16,9
DA:17,3
DA:18,3
DA:53,0
DA:60,0
DA:67,0
LF:12
LH:9
BRDA:17,0,0,1
BRDA:17,0,1,2
BRF:2
BRH:2
end_of_record
TN:
SF:components/trust-badges.tsx
FN:6,TrustBadges
FN:38,(anonymous_2)
FN:75,(anonymous_3)
FNF:3
FNH:0
FNDA:0,TrustBadges
FNDA:0,(anonymous_2)
FNDA:0,(anonymous_3)
DA:3,0
DA:4,0
DA:6,0
DA:7,0
DA:39,0
DA:40,0
DA:76,0
LF:7
LH:0
BRF:0
BRH:0
end_of_record
TN:
SF:components/whatsapp-button.tsx
FN:13,WhatsAppButton
FN:19,(anonymous_2)
FNF:2
FNH:2
FNDA:18,WhatsAppButton
FNDA:3,(anonymous_2)
DA:3,1
DA:4,1
DA:13,18
DA:19,18
DA:20,3
DA:21,3
DA:22,3
DA:25,18
DA:31,18
LF:9
LH:9
BRDA:15,0,0,15
BRDA:16,1,0,14
BRDA:17,2,0,14
BRF:3
BRH:3
end_of_record
TN:
SF:components/admin/admin-dashboard.tsx
FN:8,(anonymous_5)
FN:8,(anonymous_6)
FN:8,(anonymous_7)
FN:9,(anonymous_9)
FN:9,(anonymous_10)
FN:9,(anonymous_11)
FN:10,(anonymous_13)
FN:10,(anonymous_14)
FN:10,(anonymous_15)
FN:17,(anonymous_17)
FN:17,(anonymous_18)
FN:17,(anonymous_19)
FN:20,AdminDashboard
FN:28,(anonymous_22)
FN:29,(anonymous_23)
FN:51,(anonymous_24)
FN:63,(anonymous_25)
FN:64,(anonymous_26)
FNF:18
FNH:0
FNDA:0,(anonymous_5)
FNDA:0,(anonymous_6)
FNDA:0,(anonymous_7)
FNDA:0,(anonymous_9)
FNDA:0,(anonymous_10)
FNDA:0,(anonymous_11)
FNDA:0,(anonymous_13)
FNDA:0,(anonymous_14)
FNDA:0,(anonymous_15)
FNDA:0,(anonymous_17)
FNDA:0,(anonymous_18)
FNDA:0,(anonymous_19)
FNDA:0,AdminDashboard
FNDA:0,(anonymous_22)
FNDA:0,(anonymous_23)
FNDA:0,(anonymous_24)
FNDA:0,(anonymous_25)
FNDA:0,(anonymous_26)
DA:3,0
DA:4,0
DA:5,0
DA:6,0
DA:7,0
DA:8,0
DA:9,0
DA:10,0
DA:11,0
DA:12,0
DA:15,0
DA:16,0
DA:17,0
DA:18,0
DA:20,0
DA:21,0
DA:22,0
DA:23,0
DA:24,0
DA:25,0
DA:28,0
DA:29,0
DA:30,0
DA:31,0
DA:35,0
DA:36,0
DA:38,0
DA:40,0
DA:42,0
DA:44,0
DA:48,0
DA:51,0
DA:52,0
DA:54,0
DA:56,0
DA:57,0
DA:61,0
DA:63,0
DA:64,0
DA:68,0
LF:40
LH:0
BRDA:38,0,0,0
BRDA:38,0,1,0
BRDA:40,1,0,0
BRDA:40,1,1,0
BRDA:68,2,0,0
BRDA:68,2,1,0
BRDA:84,3,0,0
BRDA:84,3,1,0
BRDA:151,4,0,0
BRDA:186,5,0,0
BRF:10
BRH:0
end_of_record
TN:
SF:components/admin/admin-layout.tsx
FN:19,AdminLayout
FN:30,(anonymous_3)
FN:44,(anonymous_4)
FN:64,(anonymous_5)
FN:70,(anonymous_6)
FN:80,(anonymous_7)
FN:118,(anonymous_8)
FN:154,(anonymous_9)
FN:177,(anonymous_10)
FNF:9
FNH:0
FNDA:0,AdminLayout
FNDA:0,(anonymous_3)
FNDA:0,(anonymous_4)
FNDA:0,(anonymous_5)
FNDA:0,(anonymous_6)
FNDA:0,(anonymous_7)
FNDA:0,(anonymous_8)
FNDA:0,(anonymous_9)
FNDA:0,(anonymous_10)
DA:5,0
DA:6,0
DA:7,0
DA:8,0
DA:9,0
DA:10,0
DA:11,0
DA:12,0
DA:13,0
DA:19,0
DA:20,0
DA:21,0
DA:22,0
DA:23,0
DA:25,0
DA:30,0
DA:31,0
DA:33,0
DA:35,0
DA:36,0
DA:44,0
DA:64,0
DA:71,0
DA:72,0
DA:73,0
DA:80,0
DA:119,0
DA:120,0
DA:121,0
DA:154,0
DA:177,0
LF:31
LH:0
BRDA:43,0,0,0
BRDA:43,0,1,0
BRDA:78,1,0,0
BRDA:78,1,1,0
BRDA:126,2,0,0
BRDA:126,2,1,0
BRDA:141,3,0,0
BRDA:141,3,1,0
BRDA:144,4,0,0
BRDA:144,4,1,0
BRF:10
BRH:0
end_of_record
TN:
SF:components/admin/admin-login.tsx
FN:15,AdminLogin
FN:23,(anonymous_3)
FN:98,(anonymous_4)
FN:106,(anonymous_5)
FNF:4
FNH:0
FNDA:0,AdminLogin
FNDA:0,(anonymous_3)
FNDA:0,(anonymous_4)
FNDA:0,(anonymous_5)
DA:5,0
DA:6,0
DA:7,0
DA:8,0
DA:9,0
DA:10,0
DA:11,0
DA:12,0
DA:13,0
DA:15,0
DA:16,0
DA:17,0
DA:18,0
DA:19,0
DA:20,0
DA:21,0
DA:23,0
DA:24,0
DA:26,0
DA:28,0
DA:30,0
DA:33,0
DA:35,0
DA:39,0
DA:45,0
DA:46,0
DA:49,0
DA:50,0
DA:52,0
DA:57,0
DA:58,0
DA:60,0
DA:63,0
DA:69,0
DA:98,0
DA:106,0
LF:36
LH:0
BRDA:33,0,0,0
BRDA:33,0,1,0
BRDA:33,1,0,0
BRDA:33,1,1,0
BRDA:41,2,0,0
BRDA:41,2,1,0
BRDA:46,3,0,0
BRDA:46,3,1,0
BRDA:46,4,0,0
BRDA:46,4,1,0
BRDA:54,5,0,0
BRDA:54,5,1,0
BRDA:57,6,0,0
BRDA:57,6,1,0
BRDA:65,7,0,0
BRDA:65,7,1,0
BRDA:77,8,0,0
BRDA:77,8,1,0
BRDA:111,9,0,0
BRDA:111,9,1,0
BRDA:113,10,0,0
BRDA:113,10,1,0
BRF:22
BRH:0
end_of_record
TN:
SF:components/admin/admin-messages.tsx
FN:21,AdminMessages
FN:27,(anonymous_2)
FN:28,(anonymous_3)
[...]
DA:67,0
DA:68,0
DA:69,0
DA:75,0
DA:78,0
DA:79,0
DA:81,0
DA:87,0
DA:90,0
DA:95,0
DA:99,0
DA:100,0
DA:102,0
DA:103,0
DA:107,0
DA:110,0
DA:120,0
DA:121,0
DA:126,0
DA:128,0
DA:133,0
DA:135,0
DA:138,0
DA:139,0
DA:140,0
DA:147,0
DA:149,0
DA:150,0
DA:154,0
DA:156,0
DA:163,0
DA:168,0
DA:176,0
DA:178,0
DA:179,0
DA:180,0
DA:181,0
DA:182,0
DA:183,0
DA:188,0
DA:191,0
DA:195,0
LF:53
LH:0
BRDA:63,0,0,0
BRDA:63,0,1,0
BRDA:79,1,0,0
BRDA:79,1,1,0
BRDA:79,1,2,0
BRDA:79,1,3,0
BRDA:90,2,0,0
BRDA:90,2,1,0
BRDA:99,3,0,0
BRDA:99,3,1,0
BRDA:110,4,0,0
BRDA:110,4,1,0
BRDA:110,5,0,0
BRDA:110,5,1,0
BRDA:120,6,0,0
BRDA:120,6,1,0
BRDA:163,7,0,0
BRDA:163,7,1,0
BRDA:182,8,0,0
BRDA:182,8,1,0
BRF:20
BRH:0
end_of_record
TN:
SF:lib/admin-utils.ts
FN:18,hasPermission
FN:22,requirePermission
FN:29,canManageRole
FN:40,getRolePermissions
FN:45,createAdmin
FN:83,updateAdminRole
FN:115,deleteAdmin
FN:124,getAdminById
FN:146,getAllAdmins
FN:155,(anonymous_22)
FN:168,verifyAdminCredentials
FN:193,updateAdminLoginTime
FNF:12
FNH:0
FNDA:0,hasPermission
FNDA:0,requirePermission
FNDA:0,canManageRole
FNDA:0,getRolePermissions
FNDA:0,createAdmin
FNDA:0,updateAdminRole
FNDA:0,deleteAdmin
FNDA:0,getAdminById
FNDA:0,getAllAdmins
FNDA:0,(anonymous_22)
FNDA:0,verifyAdminCredentials
FNDA:0,updateAdminLoginTime
DA:1,0
DA:2,0
DA:3,0
DA:18,0
DA:19,0
DA:22,0
DA:23,0
DA:24,0
DA:26,0
DA:29,0
DA:31,0
DA:34,0
DA:37,0
DA:40,0
DA:41,0
DA:45,0
DA:51,0
DA:52,0
DA:54,0
DA:68,0
DA:70,0
DA:71,0
DA:83,0
DA:87,0
DA:89,0
DA:100,0
DA:102,0
DA:103,0
DA:115,0
DA:116,0
DA:121,0
DA:124,0
DA:125,0
DA:131,0
DA:133,0
DA:134,0
DA:146,0
DA:147,0
DA:152,0
DA:154,0
DA:155,0
DA:168,0
DA:169,0
DA:175,0
DA:177,0
DA:178,0
DA:180,0
DA:181,0
DA:193,0
DA:194,0
LF:50
LH:0
BRDA:19,0,0,0
BRDA:19,0,1,0
BRDA:23,1,0,0
BRDA:23,1,1,0
BRDA:31,2,0,0
BRDA:31,2,1,0
BRDA:34,3,0,0
BRDA:34,3,1,0
BRDA:34,4,0,0
BRDA:34,4,1,0
BRDA:68,5,0,0
BRDA:68,5,1,0
BRDA:77,6,0,0
BRDA:77,6,1,0
BRDA:100,7,0,0
BRDA:100,7,1,0
BRDA:109,8,0,0
BRDA:109,8,1,0
BRDA:121,9,0,0
BRDA:121,9,1,0
BRDA:131,10,0,0
BRDA:131,10,1,0
BRDA:140,11,0,0
BRDA:140,11,1,0
BRDA:152,12,0,0
BRDA:152,12,1,0
BRDA:161,13,0,0
BRDA:161,13,1,0
BRDA:175,14,0,0
BRDA:175,14,1,0
BRDA:175,15,0,0
BRDA:175,15,1,0
BRDA:178,16,0,0
BRDA:178,16,1,0
BRDA:187,17,0,0
BRDA:187,17,1,0
BRF:36
BRH:0
end_of_record
TN:
SF:lib/auth-context.tsx
FN:22,AuthProvider
FN:26,(anonymous_4)
FN:27,(anonymous_5)
FN:52,(anonymous_6)
FNF:4
FNH:0
FNDA:0,AuthProvider
FNDA:0,(anonymous_4)
FNDA:0,(anonymous_5)
FNDA:0,(anonymous_6)
DA:4,0
DA:17,0
DA:22,0
DA:23,0
DA:24,0
DA:26,0
DA:27,0
DA:28,0
DA:29,0
DA:30,0
DA:31,0
DA:32,0
DA:33,0
DA:35,0
DA:38,0
DA:40,0
DA:52,0
LF:17
LH:0
BRDA:30,0,0,0
BRDA:30,0,1,0
BRDA:32,1,0,0
BRDA:32,1,1,0
BRF:4
BRH:0
end_of_record
TN:
SF:lib/auth-middleware.ts
FN:13,withAuth
FN:14,(anonymous_6)
FN:39,(anonymous_7)
FN:40,(anonymous_8)
FN:61,withRole
FN:62,(anonymous_10)
FN:63,(anonymous_11)
FN:78,withPermission
FN:79,(anonymous_13)
FN:80,(anonymous_14)
FN:95,refreshTokenMiddleware
FN:96,(anonymous_16)
FN:112,(anonymous_17)
FN:113,(anonymous_18)
FNF:14
FNH:0
FNDA:0,withAuth
FNDA:0,(anonymous_6)
FNDA:0,(anonymous_7)
FNDA:0,(anonymous_8)
FNDA:0,withRole
FNDA:0,(anonymous_10)
FNDA:0,(anonymous_11)
FNDA:0,withPermission
FNDA:0,(anonymous_13)
FNDA:0,(anonymous_14)
FNDA:0,refreshTokenMiddleware
FNDA:0,(anonymous_16)
FNDA:0,(anonymous_17)
FNDA:0,(anonymous_18)
DA:1,0
DA:2,0
DA:13,0
DA:14,0
DA:15,0
DA:16,0
DA:18,0
DA:19,0
DA:25,0
DA:26,0
DA:27,0
DA:29,0
DA:30,0
DA:33,0
DA:39,0
DA:40,0
DA:43,0
DA:45,0
DA:48,0
DA:53,0
DA:54,0
DA:56,0
DA:61,0
DA:62,0
DA:63,0
DA:64,0
DA:66,0
DA:67,0
DA:73,0
DA:78,0
DA:79,0
DA:80,0
DA:81,0
DA:83,0
DA:84,0
DA:90,0
DA:95,0
DA:96,0
DA:97,0
DA:98,0
DA:100,0
DA:101,0
DA:104,0
DA:105,0
DA:106,0
DA:107,0
DA:112,0
DA:113,0
DA:117,0
DA:119,0
DA:120,0
LF:51
LH:0
BRDA:18,0,0,0
BRDA:18,0,1,0
BRDA:26,1,0,0
BRDA:26,1,1,0
BRDA:26,2,0,0
BRDA:26,2,1,0
BRDA:29,3,0,0
BRDA:29,3,1,0
BRDA:38,4,0,0
BRDA:38,4,1,0
BRDA:66,5,0,0
BRDA:66,5,1,0
BRDA:66,6,0,0
BRDA:66,6,1,0
BRDA:83,7,0,0
BRDA:83,7,1,0
BRDA:83,8,0,0
BRDA:83,8,1,0
BRDA:100,9,0,0
BRDA:100,9,1,0
BRDA:105,10,0,0
BRDA:105,10,1,0
BRDA:105,11,0,0
BRDA:105,11,1,0
BRDA:106,12,0,0
BRDA:106,12,1,0
BRDA:111,13,0,0
BRDA:111,13,1,0
BRF:28
BRH:0
end_of_record
TN:
SF:lib/auth-utils.ts
FN:14,getCurrentAdmin
FN:69,requireAdmin
FN:77,logoutAdmin
FNF:3
FNH:0
FNDA:0,getCurrentAdmin
FNDA:0,requireAdmin
FNDA:0,logoutAdmin
DA:2,0
DA:3,0
DA:14,0
DA:15,0
DA:16,0
DA:17,0
DA:18,0
DA:21,0
DA:22,0
DA:23,0
DA:24,0
DA:25,0
DA:26,0
DA:27,0
DA:29,0
DA:36,0
DA:37,0
DA:45,0
DA:50,0
DA:53,0
DA:54,0
DA:57,0
DA:58,0
DA:65,0
DA:69,0
DA:70,0
DA:71,0
DA:72,0
DA:74,0
DA:77,0
DA:79,0
DA:82,0
LF:32
LH:0
BRDA:21,0,0,0
BRDA:21,0,1,0
BRDA:22,1,0,0
BRDA:22,1,1,0
BRDA:22,2,0,0
BRDA:22,2,1,0
BRDA:24,3,0,0
BRDA:24,3,1,0
BRDA:26,4,0,0
BRDA:26,4,1,0
BRDA:26,5,0,0
BRDA:26,5,1,0
BRDA:36,6,0,0
BRDA:36,6,1,0
BRDA:50,7,0,0
BRDA:50,7,1,0
BRDA:50,8,0,0
BRDA:50,8,1,0
BRDA:53,9,0,0
BRDA:53,9,1,0
BRDA:71,10,0,0
BRDA:71,10,1,0
BRF:22
BRH:0
end_of_record
TN:
SF:lib/comparison-context.tsx
FN:20,ComparisonProvider
FN:23,(anonymous_4)
FN:24,(anonymous_5)
FN:29,(anonymous_6)
FN:30,(anonymous_7)
FN:33,(anonymous_8)
FN:37,(anonymous_9)
FN:38,(anonymous_10)
FN:54,useComparison
FNF:9
FNH:5
FNDA:14,ComparisonProvider
FNDA:1,(anonymous_4)
FNDA:0,(anonymous_5)
FNDA:0,(anonymous_6)
FNDA:0,(anonymous_7)
FNDA:0,(anonymous_8)
FNDA:16,(anonymous_9)
FNDA:10,(anonymous_10)
FNDA:15,useComparison
DA:3,1
DA:14,1
DA:20,13
DA:21,14
DA:23,14
DA:24,1
DA:25,1
DA:29,14
DA:30,0
DA:33,14
DA:34,0
DA:37,14
DA:38,16
DA:54,15
DA:55,15
DA:56,15
DA:57,0
DA:59,15
LF:18
LH:15
BRDA:24,0,0,1
BRDA:24,0,1,0
BRDA:24,1,0,1
BRDA:24,1,1,1
BRDA:56,2,0,0
BRDA:56,2,1,15
BRF:6
BRH:4
end_of_record
TN:
SF:lib/config.ts
FNF:0
FNH:0
DA:2,0
LF:1
LH:0
BRDA:5,0,0,0
BRDA:5,0,1,0
BRDA:6,1,0,0
BRDA:6,1,1,0
BRDA:11,2,0,0
BRDA:11,2,1,0
BRDA:16,3,0,0
BRDA:16,3,1,0
BRDA:17,4,0,0
BRDA:17,4,1,0
BRDA:22,5,0,0
BRDA:22,5,1,0
BRDA:23,6,0,0
BRDA:23,6,1,0
BRDA:29,7,0,0
BRDA:29,7,1,0
BRDA:30,8,0,0
BRDA:30,8,1,0
BRF:18
BRH:0
end_of_record
TN:
SF:lib/error-handling.ts
FN:24,(anonymous_6)
FN:32,(anonymous_7)
FN:132,(anonymous_8)
FN:156,(anonymous_9)
FN:164,(anonymous_10)
FN:169,(anonymous_11)
FN:177,(anonymous_12)
FN:258,(anonymous_14)
FN:262,(anonymous_15)
FN:266,(anonymous_16)
FNF:10
FNH:9
FNDA:24,(anonymous_6)
FNDA:9,(anonymous_7)
FNDA:108,(anonymous_8)
FNDA:5,(anonymous_9)
FNDA:1,(anonymous_10)
FNDA:0,(anonymous_11)
FNDA:9,(anonymous_12)
FNDA:1,(anonymous_14)
FNDA:1,(anonymous_15)
FNDA:1,(anonymous_16)
DA:20,23
DA:22,1
DA:25,24
DA:26,1
DA:28,24
DA:33,9
DA:34,9
DA:37,9
DA:38,1
DA:49,8
DA:50,2
DA:61,6
DA:62,1
DA:73,5
DA:74,1
DA:85,4
DA:86,1
DA:97,3
DA:98,1
DA:109,2
DA:110,1
DA:121,1
DA:133,108
DA:142,108
DA:145,108
DA:146,0
DA:150,108
DA:151,5
DA:157,5
DA:160,0
DA:165,1
DA:171,0
DA:178,9
DA:180,1
DA:189,1
DA:198,1
DA:207,2
DA:216,1
DA:225,1
DA:234,1
DA:243,1
DA:255,1
DA:258,1
DA:259,1
DA:262,1
DA:263,1
DA:266,1
DA:267,1
LF:48
LH:45
BRDA:25,0,0,1
BRDA:25,0,1,23
BRDA:37,1,0,1
BRDA:37,1,1,8
BRDA:37,2,0,9
BRDA:37,2,1,8
BRDA:37,2,2,8
BRDA:49,3,0,2
BRDA:49,3,1,6
BRDA:49,4,0,8
BRDA:49,4,1,6
BRDA:49,4,2,6
BRDA:61,5,0,1
BRDA:61,5,1,5
BRDA:61,6,0,6
BRDA:61,6,1,5
BRDA:61,6,2,5
BRDA:73,7,0,1
BRDA:73,7,1,4
BRDA:73,8,0,5
BRDA:73,8,1,4
BRDA:73,8,2,4
BRDA:85,9,0,1
BRDA:85,9,1,3
BRDA:85,10,0,4
BRDA:85,10,1,3
BRDA:97,11,0,1
BRDA:97,11,1,2
BRDA:97,12,0,3
BRDA:97,12,1,2
BRDA:97,12,2,2
BRDA:109,13,0,1
BRDA:109,13,1,1
BRDA:109,14,0,2
BRDA:109,14,1,1
BRDA:109,14,2,1
BRDA:134,15,0,108
BRDA:134,15,1,106
BRDA:145,16,0,0
BRDA:145,16,1,108
BRDA:150,17,0,5
BRDA:150,17,1,103
BRDA:157,18,0,5
BRDA:157,18,1,0
BRDA:171,19,0,0
BRDA:171,19,1,0
BRDA:178,20,0,1
BRDA:178,20,1,1
BRDA:178,20,2,1
BRDA:178,20,3,2
BRDA:178,20,4,1
BRDA:178,20,5,1
BRDA:178,20,6,1
BRDA:178,20,7,1
BRDA:245,21,0,1
BRDA:245,21,1,0
BRF:56
BRH:51
end_of_record
TN:
SF:lib/jwt-utils.ts
FN:32,(anonymous_4)
FN:37,(anonymous_5)
FN:44,(anonymous_6)
FN:50,(anonymous_7)
FN:60,(anonymous_8)
FN:70,(anonymous_9)
FN:90,(anonymous_10)
FN:110,(anonymous_11)
FN:137,(anonymous_12)
FN:146,(anonymous_13)
FN:151,(anonymous_14)
FN:167,(anonymous_15)
FN:174,(anonymous_16)
FN:180,(anonymous_17)
FN:188,(anonymous_18)
FNF:15
FNH:0
FNDA:0,(anonymous_4)
FNDA:0,(anonymous_5)
FNDA:0,(anonymous_6)
FNDA:0,(anonymous_7)
FNDA:0,(anonymous_8)
FNDA:0,(anonymous_9)
FNDA:0,(anonymous_10)
FNDA:0,(anonymous_11)
FNDA:0,(anonymous_12)
FNDA:0,(anonymous_13)
FNDA:0,(anonymous_14)
FNDA:0,(anonymous_15)
FNDA:0,(anonymous_16)
FNDA:0,(anonymous_17)
FNDA:0,(anonymous_18)
DA:1,0
DA:2,0
DA:3,0
DA:4,0
DA:24,0
DA:30,0
DA:33,0
DA:34,0
DA:38,0
DA:39,0
DA:41,0
DA:45,0
DA:46,0
DA:51,0
DA:52,0
DA:61,0
DA:62,0
DA:71,0
DA:72,0
DA:77,0
DA:82,0
DA:91,0
DA:92,0
DA:97,0
DA:102,0
DA:111,0
DA:113,0
DA:114,0
DA:117,0
DA:120,0
DA:123,0
DA:124,0
DA:125,0
DA:128,0
DA:129,0
DA:130,0
DA:133,0
DA:138,0
DA:139,0
DA:141,0
DA:147,0
DA:156,0
DA:157,0
DA:159,0
DA:168,0
DA:169,0
DA:175,0
DA:176,0
DA:177,0
DA:181,0
DA:182,0
DA:183,0
DA:184,0
DA:190,0
DA:194,0
LF:55
LH:0
BRDA:38,0,0,0
BRDA:38,0,1,0
BRDA:45,1,0,0
BRDA:45,1,1,0
BRDA:84,2,0,0
BRDA:84,2,1,0
BRDA:104,3,0,0
BRDA:104,3,1,0
BRDA:113,4,0,0
BRDA:113,4,1,0
BRDA:113,5,0,0
BRDA:113,5,1,0
BRDA:123,6,0,0
BRDA:123,6,1,0
BRDA:128,7,0,0
BRDA:128,7,1,0
BRDA:168,8,0,0
BRDA:168,8,1,0
BRDA:181,9,0,0
BRDA:181,9,1,0
BRF:20
BRH:0
end_of_record
TN:
SF:lib/mock-data.ts
FNF:0
FNH:0
DA:3,26
DA:29,1
LF:2
LH:2
BRF:0
BRH:0
end_of_record
TN:
SF:lib/password-utils.ts
FN:4,hashPassword
FN:10,verifyPasswordHash
FN:20,generateSecurePassword
FN:32,checkPasswordStrength
FNF:4
FNH:0
FNDA:0,hashPassword
FNDA:0,verifyPasswordHash
FNDA:0,generateSecurePassword
FNDA:0,checkPasswordStrength
DA:1,0
DA:4,0
DA:5,0
DA:6,0
DA:10,0
DA:11,0
DA:12,0
DA:14,0
DA:15,0
DA:20,0
DA:21,0
DA:22,0
DA:24,0
DA:25,0
DA:28,0
DA:32,0
DA:37,0
DA:38,0
DA:41,0
DA:42,0
DA:44,0
DA:47,0
DA:48,0
DA:50,0
DA:51,0
DA:53,0
DA:54,0
DA:56,0
DA:57,0
DA:60,0
DA:61,0
DA:63,0
DA:65,0
LF:33
LH:0
BRDA:20,0,0,0
BRDA:41,1,0,0
BRDA:41,1,1,0
BRDA:44,2,0,0
BRDA:44,2,1,0
BRDA:47,3,0,0
BRDA:47,3,1,0
BRDA:50,4,0,0
BRDA:50,4,1,0
BRDA:53,5,0,0
BRDA:53,5,1,0
BRDA:56,6,0,0
BRDA:56,6,1,0
BRDA:60,7,0,0
BRDA:60,7,1,0
BRF:15
BRH:0
end_of_record
TN:
SF:lib/types.ts
FNF:0
FNH:0
DA:95,0
LF:1
LH:0
BRF:0
BRH:0
end_of_record
TN:
SF:lib/utils.ts
FN:4,cn
FN:9,withCsrfHeaders
FN:21,getCsrfFromCookie
FN:27,generateSlug
FNF:4
FNH:1
FNDA:588,cn
FNDA:0,withCsrfHeaders
FNDA:0,getCsrfFromCookie
FNDA:0,generateSlug
DA:1,16
DA:2,16
DA:4,588
DA:5,588
DA:9,0
DA:10,0
DA:11,0
DA:12,0
DA:22,0
DA:23,0
DA:24,0
DA:27,0
DA:28,0
LF:13
LH:4
BRDA:10,0,0,0
BRDA:10,0,1,0
BRDA:10,1,0,0
BRDA:10,1,1,0
BRDA:15,2,0,0
BRDA:15,2,1,0
BRDA:16,3,0,0
BRDA:16,3,1,0
BRDA:22,4,0,0
BRDA:22,4,1,0
BRDA:24,5,0,0
BRDA:24,5,1,0
BRF:12
BRH:0
end_of_record
TN:
SF:lib/vercel-blob.ts
FN:3,uploadImageToBlob
FN:28,deleteImageFromBlob
FN:39,uploadMultipleImages
FN:41,(anonymous_7)
FNF:4
FNH:0
FNDA:0,uploadImageToBlob
FNDA:0,deleteImageFromBlob
FNDA:0,uploadMultipleImages
FNDA:0,(anonymous_7)
DA:1,0
DA:3,0
DA:4,0
DA:6,0
DA:7,0
DA:11,0
DA:12,0
DA:13,0
DA:15,0
DA:20,0
DA:21,0
DA:23,0
DA:24,0
DA:28,0
DA:29,0
DA:30,0
DA:31,0
DA:33,0
DA:34,0
DA:39,0
DA:40,0
DA:41,0
DA:42,0
DA:43,0
DA:44,0
DA:46,0
DA:47,0
LF:27
LH:0
BRDA:6,0,0,0
BRDA:6,0,1,0
BRDA:20,1,0,0
BRDA:20,1,1,0
BRDA:31,2,0,0
BRDA:31,2,1,0
BRDA:43,3,0,0
BRDA:43,3,1,0
BRF:8
BRH:0
end_of_record
TN:
SF:lib/config/contact.ts
FNF:0
FNH:0
DA:1,1
DA:2,1
DA:4,1
DA:12,60
LF:4
LH:4
BRF:0
BRH:0
end_of_record
TN:
SF:lib/config/env.ts
FN:80,validateEnvironment
FN:88,(anonymous_5)
FNF:2
FNH:0
FNDA:0,validateEnvironment
FNDA:0,(anonymous_5)
DA:2,0
DA:80,0
DA:81,0
DA:88,0
DA:90,0
DA:91,0
DA:95,0
LF:7
LH:0
BRDA:18,0,0,0
BRDA:18,0,1,0
BRDA:45,1,0,0
BRDA:45,1,1,0
BRDA:58,2,0,0
BRDA:58,2,1,0
BRDA:59,3,0,0
BRDA:59,3,1,0
BRDA:60,4,0,0
BRDA:60,4,1,0
BRDA:61,5,0,0
BRDA:61,5,1,0
BRDA:90,6,0,0
BRDA:90,6,1,0
BRF:14
BRH:0
end_of_record
TN:
SF:lib/security/csrf.ts
FN:7,issueCsrfToken
FN:19,safeDecode
FN:27,verifyCsrfToken
FNF:3
FNH:0
FNDA:0,issueCsrfToken
FNDA:0,safeDecode
FNDA:0,verifyCsrfToken
DA:1,0
DA:2,0
DA:5,0
DA:7,0
DA:8,0
DA:9,0
DA:16,0
DA:20,0
DA:21,0
DA:23,0
DA:27,0
DA:28,0
DA:29,0
DA:30,0
DA:33,0
DA:34,0
DA:36,0
DA:39,0
DA:41,0
DA:43,0
DA:45,0
DA:49,0
LF:22
LH:0
BRDA:29,0,0,0
BRDA:29,0,1,0
BRDA:34,1,0,0
BRDA:34,1,1,0
BRDA:36,2,0,0
BRDA:36,2,1,0
BRDA:39,3,0,0
BRDA:39,3,1,0
BRDA:43,4,0,0
BRDA:43,4,1,0
BRDA:43,4,2,0
BRF:11
BRH:0
end_of_record
TN:
SF:lib/security/rate-limiter.ts
FN:8,getStore
FN:30,(anonymous_6)
FN:39,(anonymous_7)
FN:46,(anonymous_8)
FN:112,(anonymous_9)
FN:127,(anonymous_10)
FN:149,(anonymous_11)
FN:217,createRateLimitMiddleware
FN:218,(anonymous_13)
FNF:9
FNH:0
FNDA:0,getStore
FNDA:0,(anonymous_6)
FNDA:0,(anonymous_7)
FNDA:0,(anonymous_8)
FNDA:0,(anonymous_9)
FNDA:0,(anonymous_10)
FNDA:0,(anonymous_11)
FNDA:0,createRateLimitMiddleware
FNDA:0,(anonymous_13)
DA:1,0
DA:2,0
DA:3,0
DA:6,0
DA:7,0
DA:9,0
DA:10,0
DA:27,0
DA:31,0
DA:40,0
DA:41,0
DA:42,0
DA:52,0
DA:53,0
DA:55,0
DA:56,0
DA:57,0
DA:58,0
DA:64,0
DA:65,0
DA:74,0
DA:75,0
DA:81,0
DA:85,0
DA:86,0
DA:87,0
DA:89,0
DA:90,0
DA:92,0
DA:101,0
DA:102,0
DA:104,0
DA:113,0
DA:115,0
DA:116,0
DA:117,0
DA:118,0
DA:119,0
DA:120,0
DA:122,0
DA:128,0
DA:129,0
DA:131,0
DA:138,0
DA:139,0
DA:140,0
DA:141,0
DA:142,0
DA:144,0
DA:155,0
DA:156,0
DA:157,0
DA:158,0
DA:159,0
DA:164,0
DA:165,0
DA:167,0
DA:177,0
DA:217,0
DA:218,0
DA:219,0
DA:221,0
DA:222,0
DA:235,0
DA:236,0
DA:237,0
DA:239,0
DA:240,0
DA:243,0
LF:69
LH:0
BRDA:9,0,0,0
BRDA:9,0,1,0
BRDA:40,1,0,0
BRDA:40,1,1,0
BRDA:40,1,2,0
BRDA:41,2,0,0
BRDA:41,2,1,0
BRDA:52,3,0,0
BRDA:52,3,1,0
BRDA:56,4,0,0
BRDA:56,4,1,0
BRDA:57,5,0,0
BRDA:57,5,1,0
BRDA:58,6,0,0
BRDA:58,6,1,0
BRDA:58,7,0,0
BRDA:58,7,1,0
BRDA:64,8,0,0
BRDA:64,8,1,0
BRDA:64,9,0,0
BRDA:64,9,1,0
BRDA:64,9,2,0
BRDA:74,10,0,0
BRDA:74,10,1,0
BRDA:85,11,0,0
BRDA:85,11,1,0
BRDA:87,12,0,0
BRDA:87,12,1,0
BRDA:89,13,0,0
BRDA:89,13,1,0
BRDA:89,14,0,0
BRDA:89,14,1,0
BRDA:90,15,0,0
BRDA:90,15,1,0
BRDA:101,16,0,0
BRDA:101,16,1,0
BRDA:113,17,0,0
BRDA:113,17,1,0
BRDA:115,18,0,0
BRDA:115,18,1,0
BRDA:117,19,0,0
BRDA:117,19,1,0
BRDA:118,20,0,0
BRDA:118,20,1,0
BRDA:128,21,0,0
BRDA:128,21,1,0
BRDA:138,22,0,0
BRDA:138,22,1,0
BRDA:140,23,0,0
BRDA:140,23,1,0
BRDA:155,24,0,0
BRDA:155,24,1,0
BRDA:157,25,0,0
BRDA:157,25,1,0
BRDA:158,26,0,0
BRDA:158,26,1,0
BRDA:159,27,0,0
BRDA:159,27,1,0
BRDA:159,28,0,0
BRDA:159,28,1,0
BRDA:165,29,0,0
BRDA:165,29,1,0
BRDA:165,29,2,0
BRDA:171,30,0,0
BRDA:171,30,1,0
BRDA:221,31,0,0
BRDA:221,31,1,0
BRDA:225,32,0,0
BRDA:225,32,1,0
BRDA:231,33,0,0
BRDA:231,33,1,0
BRDA:239,34,0,0
BRDA:239,34,1,0
BRF:73
BRH:0
end_of_record
TN:
SF:lib/security/recaptcha.ts
FN:22,verifyRecaptcha
FNF:1
FNH:0
FNDA:0,verifyRecaptcha
DA:1,0
DA:22,0
DA:28,0
DA:29,0
DA:32,0
DA:34,0
DA:35,0
DA:38,0
DA:39,0
DA:40,0
DA:41,0
DA:43,0
DA:50,0
DA:52,0
DA:53,0
DA:56,0
DA:57,0
DA:60,0
DA:61,0
DA:64,0
DA:66,0
DA:67,0
LF:22
LH:0
BRDA:26,0,0,0
BRDA:29,1,0,0
BRDA:29,1,1,0
BRDA:34,2,0,0
BRDA:34,2,1,0
BRDA:41,3,0,0
BRDA:41,3,1,0
BRDA:52,4,0,0
BRDA:52,4,1,0
BRDA:56,5,0,0
BRDA:56,5,1,0
BRDA:56,6,0,0
BRDA:56,6,1,0
BRDA:56,6,2,0
BRDA:60,7,0,0
BRDA:60,7,1,0
BRDA:60,8,0,0
BRDA:60,8,1,0
BRF:18
BRH:0
end_of_record
TN:
SF:lib/security/session-manager.ts
FN:10,getStore
FN:40,(anonymous_6)
FN:47,(anonymous_7)
FN:58,(anonymous_8)
FN:131,(anonymous_9)
FN:153,(anonymous_10)
FN:208,(anonymous_11)
FN:223,(anonymous_12)
FN:229,(anonymous_13)
FN:242,(anonymous_14)
FN:254,(anonymous_15)
FN:258,(anonymous_16)
FN:273,(anonymous_17)
FN:292,(anonymous_18)
FN:297,(anonymous_19)
FN:307,(anonymous_20)
FN:317,(anonymous_21)
FN:341,(anonymous_22)
FN:378,createSecureCookie
FN:393,clearCookie
FNF:20
FNH:0
FNDA:0,getStore
FNDA:0,(anonymous_6)
FNDA:0,(anonymous_7)
FNDA:0,(anonymous_8)
FNDA:0,(anonymous_9)
FNDA:0,(anonymous_10)
FNDA:0,(anonymous_11)
FNDA:0,(anonymous_12)
FNDA:0,(anonymous_13)
FNDA:0,(anonymous_14)
FNDA:0,(anonymous_15)
FNDA:0,(anonymous_16)
FNDA:0,(anonymous_17)
FNDA:0,(anonymous_18)
FNDA:0,(anonymous_19)
FNDA:0,(anonymous_20)
FNDA:0,(anonymous_21)
FNDA:0,(anonymous_22)
FNDA:0,createSecureCookie
FNDA:0,clearCookie
DA:1,0
DA:4,0
DA:5,0
DA:9,0
DA:11,0
DA:12,0
DA:39,0
DA:40,0
DA:41,0
DA:42,0
DA:43,0
DA:45,0
DA:47,0
DA:48,0
DA:49,0
DA:50,0
DA:52,0
DA:73,0
DA:74,0
DA:75,0
DA:76,0
DA:77,0
DA:79,0
DA:93,0
DA:94,0
DA:101,0
DA:102,0
DA:105,0
DA:115,0
DA:116,0
DA:122,0
DA:132,0
DA:133,0
DA:134,0
DA:135,0
DA:137,0
DA:138,0
DA:142,0
DA:143,0
DA:145,0
DA:147,0
DA:148,0
DA:158,0
DA:159,0
DA:161,0
DA:162,0
DA:165,0
DA:166,0
DA:167,0
DA:168,0
DA:172,0
DA:173,0
DA:175,0
DA:185,0
DA:186,0
DA:193,0
DA:194,0
DA:196,0
DA:202,0
DA:203,0
DA:209,0
DA:210,0
DA:211,0
DA:212,0
DA:215,0
DA:216,0
DA:217,0
DA:218,0
DA:219,0
DA:224,0
DA:225,0
DA:230,0
DA:231,0
DA:233,0
DA:234,0
DA:235,0
DA:236,0
DA:243,0
DA:244,0
DA:245,0
DA:247,0
DA:248,0
DA:249,0
DA:250,0
DA:254,0
DA:259,0
DA:260,0
DA:261,0
DA:263,0
DA:264,0
DA:266,0
DA:268,0
DA:274,0
DA:275,0
DA:278,0
DA:284,0
DA:293,0
DA:301,0
DA:303,0
DA:305,0
DA:307,0
DA:309,0
DA:310,0
DA:311,0
DA:319,0
DA:320,0
DA:321,0
DA:323,0
DA:324,0
DA:325,0
DA:327,0
DA:328,0
DA:330,0
DA:335,0
DA:336,0
DA:347,0
DA:348,0
DA:349,0
DA:356,0
DA:357,0
DA:358,0
DA:360,0
DA:361,0
DA:362,0
DA:365,0
DA:366,0
DA:369,0
DA:373,0
DA:378,0
DA:379,0
DA:381,0
DA:393,0
DA:394,0
LF:133
LH:0
BRDA:11,0,0,0
BRDA:11,0,1,0
BRDA:42,1,0,0
BRDA:42,1,1,0
BRDA:48,2,0,0
BRDA:48,2,1,0
BRDA:49,3,0,0
BRDA:49,3,1,0
BRDA:66,4,0,0
BRDA:76,5,0,0
BRDA:76,5,1,0
BRDA:88,6,0,0
BRDA:88,6,1,0
BRDA:89,7,0,0
BRDA:89,7,1,0
BRDA:93,8,0,0
BRDA:93,8,1,0
BRDA:137,9,0,0
BRDA:137,9,1,0
BRDA:161,10,0,0
BRDA:161,10,1,0
BRDA:167,11,0,0
BRDA:167,11,1,0
BRDA:211,12,0,0
BRDA:211,12,1,0
BRDA:235,13,0,0
BRDA:235,13,1,0
BRDA:235,14,0,0
BRDA:235,14,1,0
BRDA:249,15,0,0
BRDA:249,15,1,0
BRDA:249,16,0,0
BRDA:249,16,1,0
BRDA:261,17,0,0
BRDA:261,17,1,0
BRDA:261,18,0,0
BRDA:261,18,1,0
BRDA:274,19,0,0
BRDA:274,19,1,0
BRDA:275,20,0,0
BRDA:275,20,1,0
BRDA:275,20,2,0
BRDA:303,21,0,0
BRDA:303,21,1,0
BRDA:325,22,0,0
BRDA:325,22,1,0
BRDA:328,23,0,0
BRDA:328,23,1,0
BRDA:335,24,0,0
BRDA:335,24,1,0
BRDA:358,25,0,0
BRDA:358,25,1,0
BRDA:361,26,0,0
BRDA:361,26,1,0
BRDA:365,27,0,0
BRDA:365,27,1,0
BRDA:369,28,0,0
BRDA:369,28,1,0
BRDA:378,29,0,0
BRF:59
BRH:0
end_of_record
TN:
SF:lib/security/session-store.ts
FN:12,(anonymous_2)
FN:16,(anonymous_3)
FN:20,(anonymous_4)
FN:23,(anonymous_5)
FN:24,(anonymous_6)
FN:31,(anonymous_8)
FN:36,(anonymous_9)
FN:43,(anonymous_10)
FN:47,(anonymous_11)
FN:57,(anonymous_12)
FN:63,(anonymous_13)
FN:67,(anonymous_14)
FN:76,createStore
FNF:13
FNH:0
FNDA:0,(anonymous_2)
FNDA:0,(anonymous_3)
FNDA:0,(anonymous_4)
FNDA:0,(anonymous_5)
FNDA:0,(anonymous_6)
FNDA:0,(anonymous_8)
FNDA:0,(anonymous_9)
FNDA:0,(anonymous_10)
FNDA:0,(anonymous_11)
FNDA:0,(anonymous_12)
FNDA:0,(anonymous_13)
FNDA:0,(anonymous_14)
FNDA:0,createStore
DA:1,0
DA:11,0
DA:13,0
DA:14,0
DA:17,0
DA:18,0
DA:21,0
DA:24,0
DA:32,0
DA:33,0
DA:37,0
DA:43,0
DA:44,0
DA:48,0
DA:49,0
DA:50,0
DA:51,0
DA:53,0
DA:58,0
DA:59,0
DA:60,0
DA:64,0
DA:69,0
DA:70,0
DA:71,0
DA:72,0
DA:76,0
DA:77,0
DA:78,0
DA:79,0
DA:80,0
DA:81,0
DA:83,0
LF:33
LH:0
BRDA:14,0,0,0
BRDA:14,0,1,0
BRDA:17,1,0,0
BRDA:17,1,1,0
BRDA:23,2,0,0
BRDA:49,3,0,0
BRDA:49,3,1,0
BRDA:59,4,0,0
BRDA:59,4,1,0
BRDA:59,5,0,0
BRDA:59,5,1,0
BRDA:67,6,0,0
BRDA:71,7,0,0
BRDA:71,7,1,0
BRDA:80,8,0,0
BRDA:80,8,1,0
BRDA:80,9,0,0
BRDA:80,9,1,0
BRDA:80,9,2,0
BRF:19
BRH:0
end_of_record
TN:
SF:lib/supabase/admin.ts
FN:8,instantiate
FN:31,getSupabaseAdmin
FN:40,(anonymous_5)
FNF:3
FNH:0
FNDA:0,instantiate
FNDA:0,getSupabaseAdmin
FNDA:0,(anonymous_5)
DA:1,0
DA:6,0
DA:9,0
DA:10,0
DA:13,0
DA:14,0
DA:15,0
DA:23,0
DA:31,0
DA:32,0
DA:33,0
DA:35,0
DA:39,0
DA:41,0
DA:42,0
DA:43,0
DA:46,0
DA:48,0
DA:51,0
DA:54,0
LF:20
LH:0
BRDA:13,0,0,0
BRDA:13,0,1,0
BRDA:13,1,0,0
BRDA:13,1,1,0
BRDA:32,2,0,0
BRDA:32,2,1,0
BRDA:41,3,0,0
BRDA:41,3,1,0
BRDA:46,4,0,0
BRDA:46,4,1,0
BRF:10
BRH:0
end_of_record
TN:
SF:lib/supabase/client.ts
FNF:0
FNH:0
DA:1,0
DA:6,0
DA:7,0
DA:9,0
DA:11,0
DA:13,0
DA:17,0
LF:7
LH:0
BRDA:9,0,0,0
BRDA:9,0,1,0
BRDA:9,1,0,0
BRDA:9,1,1,0
BRDA:11,2,0,0
BRDA:11,2,1,0
BRDA:17,3,0,0
BRDA:17,3,1,0
BRDA:17,4,0,0
BRDA:17,4,1,0
BRF:10
BRH:0
end_of_record
